[ 2013-04-08T20:42:21+08:00 ] 127.0.0.1 /fan/
INFO: [ app_begin ] --START--
INFO: Run ReadHtmlCache Behavior [ RunTime:0.001058s ]
INFO: [ app_begin ] --END-- [ RunTime:0.001145s ]
NOTIC: [8] Undefined index:  name D:\WorkStation\phpWebRoot\fan\Lib\Action\Home\IndexAction.class.php 第 5 行.
INFO: [ view_template ] --START--
INFO: Run LocationTemplate Behavior [ RunTime:0.016257s ]
INFO: [ view_template ] --END-- [ RunTime:0.016328s ]
INFO: [ view_parse ] --START--
INFO: Run ParseTemplate Behavior [ RunTime:0.026655s ]
INFO: [ view_parse ] --END-- [ RunTime:0.026726s ]
INFO: [ view_filter ] --START--
INFO: Run ContentReplace Behavior [ RunTime:0.000852s ]
INFO: Run TokenBuild Behavior [ RunTime:0.000820s ]
INFO: Run WriteHtmlCache Behavior [ RunTime:0.000703s ]
INFO: Run ShowRuntime Behavior [ RunTime:0.000867s ]
INFO: [ view_filter ] --END-- [ RunTime:0.003383s ]
INFO: [ view_end ] --START--
INFO: Run ShowPageTrace Behavior [ RunTime:0.000986s ]
INFO: [ view_end ] --END-- [ RunTime:0.001034s ]

[ 2013-04-08T20:43:10+08:00 ] 127.0.0.1 /fan/Takeout/index
INFO: [ route_check ] --START--
INFO: Run CheckRoute Behavior [ RunTime:0.001374s ]
INFO: [ route_check ] --END-- [ RunTime:0.001447s ]
INFO: [ app_begin ] --START--
INFO: Run ReadHtmlCache Behavior [ RunTime:0.000972s ]
INFO: [ app_begin ] --END-- [ RunTime:0.001028s ]
INFO: [ view_template ] --START--
INFO: Run LocationTemplate Behavior [ RunTime:0.001472s ]
INFO: [ view_template ] --END-- [ RunTime:0.001530s ]
INFO: [ view_parse ] --START--
NOTIC: [8] Undefined variable: userName D:\WorkStation\phpWebRoot\fan\Runtime\Cache\Home\aae86b6ecab888f22ff3ee151770c0db.php 第 44 行.
INFO: Run ParseTemplate Behavior [ RunTime:0.020055s ]
INFO: [ view_parse ] --END-- [ RunTime:0.020112s ]
INFO: [ view_filter ] --START--
INFO: Run ContentReplace Behavior [ RunTime:0.000863s ]
INFO: Run TokenBuild Behavior [ RunTime:0.000876s ]
INFO: Run WriteHtmlCache Behavior [ RunTime:0.000704s ]
INFO: Run ShowRuntime Behavior [ RunTime:0.001001s ]
INFO: [ view_filter ] --END-- [ RunTime:0.003583s ]
INFO: [ view_end ] --START--
INFO: Run ShowPageTrace Behavior [ RunTime:0.001121s ]
INFO: [ view_end ] --END-- [ RunTime:0.001173s ]

[ 2013-04-08T20:43:10+08:00 ] 127.0.0.1 /fan/Takeout/listStore
INFO: [ route_check ] --START--
INFO: Run CheckRoute Behavior [ RunTime:0.001231s ]
INFO: [ route_check ] --END-- [ RunTime:0.001293s ]
INFO: [ app_begin ] --START--
INFO: Run ReadHtmlCache Behavior [ RunTime:0.000937s ]
INFO: [ app_begin ] --END-- [ RunTime:0.000983s ]
SQL: SHOW COLUMNS FROM `store` [ RunTime:0.036871s ]
SQL: SELECT * FROM `store` WHERE ( 1=1 ) LIMIT 0,10   [ RunTime:0.001224s ]

[ 2013-04-08T20:43:10+08:00 ] 127.0.0.1 /fan/index.php/Takeout/listStoreGoodsTop10?id=1
INFO: [ route_check ] --START--
INFO: Run CheckRoute Behavior [ RunTime:0.001096s ]
INFO: [ route_check ] --END-- [ RunTime:0.001190s ]
INFO: [ app_begin ] --START--
INFO: Run ReadHtmlCache Behavior [ RunTime:0.000714s ]
INFO: [ app_begin ] --END-- [ RunTime:0.000782s ]
SQL: SHOW COLUMNS FROM `goods` [ RunTime:0.022559s ]
SQL: SELECT * FROM `goods` WHERE ( `store_id` = 1 ) AND ( `status` = 1 ) AND ( `last_ts` > 1365424990 ) LIMIT 0,15   [ RunTime:0.025462s ]

[ 2013-04-08T20:43:10+08:00 ] 127.0.0.1 /fan/index.php/Takeout/listStoreGoodsTop10?id=2
INFO: [ route_check ] --START--
INFO: Run CheckRoute Behavior [ RunTime:0.001233s ]
INFO: [ route_check ] --END-- [ RunTime:0.001318s ]
INFO: [ app_begin ] --START--
INFO: Run ReadHtmlCache Behavior [ RunTime:0.000694s ]
INFO: [ app_begin ] --END-- [ RunTime:0.000761s ]
SQL: SHOW COLUMNS FROM `goods` [ RunTime:0.002182s ]
SQL: SELECT * FROM `goods` WHERE ( `store_id` = 2 ) AND ( `status` = 1 ) AND ( `last_ts` > 1365424990 ) LIMIT 0,15   [ RunTime:0.000619s ]

[ 2013-04-08T20:43:10+08:00 ] 127.0.0.1 /fan/index.php/Takeout/listStoreGoodsTop10?id=3
INFO: [ route_check ] --START--
INFO: Run CheckRoute Behavior [ RunTime:0.001420s ]
INFO: [ route_check ] --END-- [ RunTime:0.001490s ]
INFO: [ app_begin ] --START--
INFO: Run ReadHtmlCache Behavior [ RunTime:0.001098s ]
INFO: [ app_begin ] --END-- [ RunTime:0.001151s ]
SQL: SHOW COLUMNS FROM `goods` [ RunTime:0.002129s ]
SQL: SELECT * FROM `goods` WHERE ( `store_id` = 3 ) AND ( `status` = 1 ) AND ( `last_ts` > 1365424990 ) LIMIT 0,15   [ RunTime:0.000529s ]

[ 2013-04-08T20:44:43+08:00 ] 127.0.0.1 /fan/
INFO: [ app_begin ] --START--
INFO: Run ReadHtmlCache Behavior [ RunTime:0.000510s ]
INFO: [ app_begin ] --END-- [ RunTime:0.000584s ]
NOTIC: [8] Undefined index:  name D:\WorkStation\phpWebRoot\fan\Lib\Action\Home\IndexAction.class.php 第 5 行.
INFO: [ view_template ] --START--
INFO: Run LocationTemplate Behavior [ RunTime:0.001184s ]
INFO: [ view_template ] --END-- [ RunTime:0.001235s ]
INFO: [ view_parse ] --START--
INFO: Run ParseTemplate Behavior [ RunTime:0.016839s ]
INFO: [ view_parse ] --END-- [ RunTime:0.016901s ]
INFO: [ view_filter ] --START--
INFO: Run ContentReplace Behavior [ RunTime:0.000800s ]
INFO: Run TokenBuild Behavior [ RunTime:0.000759s ]
INFO: Run WriteHtmlCache Behavior [ RunTime:0.000665s ]
INFO: Run ShowRuntime Behavior [ RunTime:0.000859s ]
INFO: [ view_filter ] --END-- [ RunTime:0.003217s ]
INFO: [ view_end ] --START--
INFO: Run ShowPageTrace Behavior [ RunTime:0.000995s ]
INFO: [ view_end ] --END-- [ RunTime:0.001043s ]

[ 2013-04-08T20:44:45+08:00 ] ERR: [1] Call to a member function checkLogin() on a non-object D:\WorkStation\phpWebRoot\fan\Lib\Action\Home\DiningAction.class.php 第 8 行.
[ 2013-04-08T20:44:51+08:00 ] 127.0.0.1 /fan/Takeout/index
INFO: [ route_check ] --START--
INFO: Run CheckRoute Behavior [ RunTime:0.001490s ]
INFO: [ route_check ] --END-- [ RunTime:0.001607s ]
INFO: [ app_begin ] --START--
INFO: Run ReadHtmlCache Behavior [ RunTime:0.000920s ]
INFO: [ app_begin ] --END-- [ RunTime:0.001015s ]
INFO: [ view_template ] --START--
INFO: Run LocationTemplate Behavior [ RunTime:0.001646s ]
INFO: [ view_template ] --END-- [ RunTime:0.001771s ]
INFO: [ view_parse ] --START--
NOTIC: [8] Undefined variable: userName D:\WorkStation\phpWebRoot\fan\Runtime\Cache\Home\aae86b6ecab888f22ff3ee151770c0db.php 第 44 行.
INFO: Run ParseTemplate Behavior [ RunTime:0.014982s ]
INFO: [ view_parse ] --END-- [ RunTime:0.015065s ]
INFO: [ view_filter ] --START--
INFO: Run ContentReplace Behavior [ RunTime:0.000367s ]
INFO: Run TokenBuild Behavior [ RunTime:0.000338s ]
INFO: Run WriteHtmlCache Behavior [ RunTime:0.000229s ]
INFO: Run ShowRuntime Behavior [ RunTime:0.000412s ]
INFO: [ view_filter ] --END-- [ RunTime:0.001481s ]
INFO: [ view_end ] --START--
INFO: Run ShowPageTrace Behavior [ RunTime:0.000537s ]
INFO: [ view_end ] --END-- [ RunTime:0.000585s ]

[ 2013-04-08T20:44:51+08:00 ] 127.0.0.1 /fan/Takeout/listStore
INFO: [ route_check ] --START--
INFO: Run CheckRoute Behavior [ RunTime:0.000761s ]
INFO: [ route_check ] --END-- [ RunTime:0.000825s ]
INFO: [ app_begin ] --START--
INFO: Run ReadHtmlCache Behavior [ RunTime:0.000480s ]
INFO: [ app_begin ] --END-- [ RunTime:0.000541s ]
SQL: SHOW COLUMNS FROM `store` [ RunTime:0.003283s ]
SQL: SELECT * FROM `store` WHERE ( 1=1 ) LIMIT 0,10   [ RunTime:0.000759s ]

[ 2013-04-08T20:44:51+08:00 ] 127.0.0.1 /fan/index.php/Takeout/listStoreGoodsTop10?id=1
INFO: [ route_check ] --START--
INFO: Run CheckRoute Behavior [ RunTime:0.000762s ]
INFO: [ route_check ] --END-- [ RunTime:0.000828s ]
INFO: [ app_begin ] --START--
INFO: Run ReadHtmlCache Behavior [ RunTime:0.000531s ]
INFO: [ app_begin ] --END-- [ RunTime:0.000636s ]
SQL: SHOW COLUMNS FROM `goods` [ RunTime:0.002529s ]
SQL: SELECT * FROM `goods` WHERE ( `store_id` = 1 ) AND ( `status` = 1 ) AND ( `last_ts` > 1365425091 ) LIMIT 0,15   [ RunTime:0.001007s ]

[ 2013-04-08T20:44:51+08:00 ] 127.0.0.1 /fan/index.php/Takeout/listStoreGoodsTop10?id=3
INFO: [ route_check ] --START--
INFO: Run CheckRoute Behavior [ RunTime:0.000763s ]
INFO: [ route_check ] --END-- [ RunTime:0.000824s ]
INFO: [ app_begin ] --START--
INFO: Run ReadHtmlCache Behavior [ RunTime:0.000499s ]
INFO: [ app_begin ] --END-- [ RunTime:0.000553s ]
SQL: SHOW COLUMNS FROM `goods` [ RunTime:0.002251s ]
SQL: SELECT * FROM `goods` WHERE ( `store_id` = 3 ) AND ( `status` = 1 ) AND ( `last_ts` > 1365425091 ) LIMIT 0,15   [ RunTime:0.000940s ]

[ 2013-04-08T20:44:51+08:00 ] 127.0.0.1 /fan/index.php/Takeout/listStoreGoodsTop10?id=2
INFO: [ route_check ] --START--
INFO: Run CheckRoute Behavior [ RunTime:0.000818s ]
INFO: [ route_check ] --END-- [ RunTime:0.000880s ]
INFO: [ app_begin ] --START--
INFO: Run ReadHtmlCache Behavior [ RunTime:0.000498s ]
INFO: [ app_begin ] --END-- [ RunTime:0.000547s ]
SQL: SHOW COLUMNS FROM `goods` [ RunTime:0.002103s ]
SQL: SELECT * FROM `goods` WHERE ( `store_id` = 2 ) AND ( `status` = 1 ) AND ( `last_ts` > 1365425091 ) LIMIT 0,15   [ RunTime:0.000887s ]

[ 2013-04-08T20:58:34+08:00 ] 127.0.0.1 /fan/
INFO: [ app_begin ] --START--
INFO: Run ReadHtmlCache Behavior [ RunTime:0.000936s ]
INFO: [ app_begin ] --END-- [ RunTime:0.001011s ]
NOTIC: [8] Undefined index:  name D:\WorkStation\phpWebRoot\fan\Lib\Action\Home\IndexAction.class.php 第 5 行.
INFO: [ view_template ] --START--
INFO: Run LocationTemplate Behavior [ RunTime:0.001241s ]
INFO: [ view_template ] --END-- [ RunTime:0.001299s ]
INFO: [ view_parse ] --START--
INFO: Run ParseTemplate Behavior [ RunTime:0.011847s ]
INFO: [ view_parse ] --END-- [ RunTime:0.011949s ]
INFO: [ view_filter ] --START--
INFO: Run ContentReplace Behavior [ RunTime:0.000826s ]
INFO: Run TokenBuild Behavior [ RunTime:0.000785s ]
INFO: Run WriteHtmlCache Behavior [ RunTime:0.000683s ]
INFO: Run ShowRuntime Behavior [ RunTime:0.000875s ]
INFO: [ view_filter ] --END-- [ RunTime:0.003304s ]
INFO: [ view_end ] --START--
INFO: Run ShowPageTrace Behavior [ RunTime:0.001035s ]
INFO: [ view_end ] --END-- [ RunTime:0.001089s ]

[ 2013-04-08T20:58:47+08:00 ] ERR: [1] Call to a member function checkLogin() on a non-object D:\WorkStation\phpWebRoot\fan\Lib\Action\Home\DiningAction.class.php 第 8 行.
[ 2013-04-08T20:58:50+08:00 ] 127.0.0.1 /fan/Msg/index
INFO: [ route_check ] --START--
INFO: Run CheckRoute Behavior [ RunTime:0.000768s ]
INFO: [ route_check ] --END-- [ RunTime:0.000832s ]
INFO: [ app_begin ] --START--
INFO: Run ReadHtmlCache Behavior [ RunTime:0.000514s ]
INFO: [ app_begin ] --END-- [ RunTime:0.000571s ]
INFO: [ view_template ] --START--
INFO: Run LocationTemplate Behavior [ RunTime:0.014554s ]
INFO: [ view_template ] --END-- [ RunTime:0.014686s ]
INFO: [ view_parse ] --START--
NOTIC: [8] Undefined variable: userName D:\WorkStation\phpWebRoot\fan\Runtime\Cache\Home\5e147080214cb96eeccf46f984fbaa9d.php 第 44 行.
INFO: Run ParseTemplate Behavior [ RunTime:0.019964s ]
INFO: [ view_parse ] --END-- [ RunTime:0.020051s ]
INFO: [ view_filter ] --START--
INFO: Run ContentReplace Behavior [ RunTime:0.000495s ]
INFO: Run TokenBuild Behavior [ RunTime:0.000472s ]
INFO: Run WriteHtmlCache Behavior [ RunTime:0.000476s ]
INFO: Run ShowRuntime Behavior [ RunTime:0.001103s ]
INFO: [ view_filter ] --END-- [ RunTime:0.002884s ]
INFO: [ view_end ] --START--
INFO: Run ShowPageTrace Behavior [ RunTime:0.000899s ]
INFO: [ view_end ] --END-- [ RunTime:0.000967s ]

[ 2013-04-08T20:58:56+08:00 ] 127.0.0.1 /fan/Takeout/index
INFO: [ route_check ] --START--
INFO: Run CheckRoute Behavior [ RunTime:0.001283s ]
INFO: [ route_check ] --END-- [ RunTime:0.001351s ]
INFO: [ app_begin ] --START--
INFO: Run ReadHtmlCache Behavior [ RunTime:0.000956s ]
INFO: [ app_begin ] --END-- [ RunTime:0.001012s ]
INFO: [ view_template ] --START--
INFO: Run LocationTemplate Behavior [ RunTime:0.001195s ]
INFO: [ view_template ] --END-- [ RunTime:0.001249s ]
INFO: [ view_parse ] --START--
NOTIC: [8] Undefined variable: userName D:\WorkStation\phpWebRoot\fan\Runtime\Cache\Home\aae86b6ecab888f22ff3ee151770c0db.php 第 44 行.
INFO: Run ParseTemplate Behavior [ RunTime:0.019488s ]
INFO: [ view_parse ] --END-- [ RunTime:0.019544s ]
INFO: [ view_filter ] --START--
INFO: Run ContentReplace Behavior [ RunTime:0.000840s ]
INFO: Run TokenBuild Behavior [ RunTime:0.000800s ]
INFO: Run WriteHtmlCache Behavior [ RunTime:0.000684s ]
INFO: Run ShowRuntime Behavior [ RunTime:0.000867s ]
INFO: [ view_filter ] --END-- [ RunTime:0.003333s ]
INFO: [ view_end ] --START--
INFO: Run ShowPageTrace Behavior [ RunTime:0.001001s ]
INFO: [ view_end ] --END-- [ RunTime:0.001048s ]

[ 2013-04-08T20:58:57+08:00 ] 127.0.0.1 /fan/Takeout/listStore
INFO: [ route_check ] --START--
INFO: Run CheckRoute Behavior [ RunTime:0.000741s ]
INFO: [ route_check ] --END-- [ RunTime:0.000801s ]
INFO: [ app_begin ] --START--
INFO: Run ReadHtmlCache Behavior [ RunTime:0.000485s ]
INFO: [ app_begin ] --END-- [ RunTime:0.000532s ]
SQL: SHOW COLUMNS FROM `store` [ RunTime:0.002133s ]
SQL: SELECT * FROM `store` WHERE ( 1=1 ) LIMIT 0,10   [ RunTime:0.000846s ]

[ 2013-04-08T20:58:57+08:00 ] 127.0.0.1 /fan/index.php/Takeout/listStoreGoodsTop10?id=1
INFO: [ route_check ] --START--
INFO: Run CheckRoute Behavior [ RunTime:0.000803s ]
INFO: [ route_check ] --END-- [ RunTime:0.000878s ]
INFO: [ app_begin ] --START--
INFO: Run ReadHtmlCache Behavior [ RunTime:0.000509s ]
INFO: [ app_begin ] --END-- [ RunTime:0.000559s ]
SQL: SHOW COLUMNS FROM `goods` [ RunTime:0.002194s ]
SQL: SELECT * FROM `goods` WHERE ( `store_id` = 1 ) AND ( `status` = 1 ) AND ( `last_ts` > 1365425937 ) LIMIT 0,15   [ RunTime:0.000977s ]

[ 2013-04-08T20:58:57+08:00 ] 127.0.0.1 /fan/index.php/Takeout/listStoreGoodsTop10?id=2
INFO: [ route_check ] --START--
INFO: Run CheckRoute Behavior [ RunTime:0.000775s ]
INFO: [ route_check ] --END-- [ RunTime:0.000843s ]
INFO: [ app_begin ] --START--
INFO: Run ReadHtmlCache Behavior [ RunTime:0.000511s ]
INFO: [ app_begin ] --END-- [ RunTime:0.000562s ]
SQL: SHOW COLUMNS FROM `goods` [ RunTime:0.002148s ]
SQL: SELECT * FROM `goods` WHERE ( `store_id` = 2 ) AND ( `status` = 1 ) AND ( `last_ts` > 1365425937 ) LIMIT 0,15   [ RunTime:0.000839s ]

[ 2013-04-08T20:58:57+08:00 ] 127.0.0.1 /fan/index.php/Takeout/listStoreGoodsTop10?id=3
INFO: [ route_check ] --START--
INFO: Run CheckRoute Behavior [ RunTime:0.001417s ]
INFO: [ route_check ] --END-- [ RunTime:0.001489s ]
INFO: [ app_begin ] --START--
INFO: Run ReadHtmlCache Behavior [ RunTime:0.000960s ]
INFO: [ app_begin ] --END-- [ RunTime:0.001012s ]
SQL: SHOW COLUMNS FROM `goods` [ RunTime:0.002079s ]
SQL: SELECT * FROM `goods` WHERE ( `store_id` = 3 ) AND ( `status` = 1 ) AND ( `last_ts` > 1365425937 ) LIMIT 0,15   [ RunTime:0.000953s ]

[ 2013-04-08T21:22:54+08:00 ] ERR: [1] Call to a member function checkLogin() on a non-object D:\WorkStation\phpWebRoot\fan\Lib\Action\Home\DiningAction.class.php 第 8 行.
[ 2013-04-08T21:22:56+08:00 ] 127.0.0.1 /fan/Takeout/listStore
INFO: [ route_check ] --START--
INFO: Run CheckRoute Behavior [ RunTime:0.000792s ]
INFO: [ route_check ] --END-- [ RunTime:0.000862s ]
INFO: [ app_begin ] --START--
INFO: Run ReadHtmlCache Behavior [ RunTime:0.000514s ]
INFO: [ app_begin ] --END-- [ RunTime:0.000565s ]
SQL: SHOW COLUMNS FROM `store` [ RunTime:0.002569s ]
SQL: SELECT * FROM `store` WHERE ( 1=1 ) LIMIT 0,10   [ RunTime:0.000815s ]

[ 2013-04-08T21:22:56+08:00 ] 127.0.0.1 /fan/index.php/Takeout/listStoreGoodsTop10?id=1
INFO: [ route_check ] --START--
INFO: Run CheckRoute Behavior [ RunTime:0.000765s ]
INFO: [ route_check ] --END-- [ RunTime:0.000831s ]
INFO: [ app_begin ] --START--
INFO: Run ReadHtmlCache Behavior [ RunTime:0.000502s ]
INFO: [ app_begin ] --END-- [ RunTime:0.000551s ]
SQL: SHOW COLUMNS FROM `goods` [ RunTime:0.002591s ]
SQL: SELECT * FROM `goods` WHERE ( `store_id` = 1 ) AND ( `status` = 1 ) AND ( `last_ts` > 1365427376 ) LIMIT 0,15   [ RunTime:0.001047s ]

[ 2013-04-08T21:22:56+08:00 ] 127.0.0.1 /fan/index.php/Takeout/listStoreGoodsTop10?id=2
INFO: [ route_check ] --START--
INFO: Run CheckRoute Behavior [ RunTime:0.001288s ]
INFO: [ route_check ] --END-- [ RunTime:0.001361s ]
INFO: [ app_begin ] --START--
INFO: Run ReadHtmlCache Behavior [ RunTime:0.000970s ]
INFO: [ app_begin ] --END-- [ RunTime:0.001020s ]
SQL: SHOW COLUMNS FROM `goods` [ RunTime:0.002299s ]
SQL: SELECT * FROM `goods` WHERE ( `store_id` = 2 ) AND ( `status` = 1 ) AND ( `last_ts` > 1365427376 ) LIMIT 0,15   [ RunTime:0.000989s ]

[ 2013-04-08T21:22:56+08:00 ] 127.0.0.1 /fan/index.php/Takeout/listStoreGoodsTop10?id=3
INFO: [ route_check ] --START--
INFO: Run CheckRoute Behavior [ RunTime:0.001272s ]
INFO: [ route_check ] --END-- [ RunTime:0.001337s ]
INFO: [ app_begin ] --START--
INFO: Run ReadHtmlCache Behavior [ RunTime:0.001031s ]
INFO: [ app_begin ] --END-- [ RunTime:0.001083s ]
SQL: SHOW COLUMNS FROM `goods` [ RunTime:0.002323s ]
SQL: SELECT * FROM `goods` WHERE ( `store_id` = 3 ) AND ( `status` = 1 ) AND ( `last_ts` > 1365427376 ) LIMIT 0,15   [ RunTime:0.000889s ]

[ 2013-04-08T21:22:57+08:00 ] 127.0.0.1 /fan/
INFO: [ app_begin ] --START--
INFO: Run ReadHtmlCache Behavior [ RunTime:0.000534s ]
INFO: [ app_begin ] --END-- [ RunTime:0.000613s ]
NOTIC: [8] Undefined index:  name D:\WorkStation\phpWebRoot\fan\Lib\Action\Home\IndexAction.class.php 第 5 行.
INFO: [ view_template ] --START--
INFO: Run LocationTemplate Behavior [ RunTime:0.001262s ]
INFO: [ view_template ] --END-- [ RunTime:0.001317s ]
INFO: [ view_parse ] --START--
INFO: Run ParseTemplate Behavior [ RunTime:0.011860s ]
INFO: [ view_parse ] --END-- [ RunTime:0.011931s ]
INFO: [ view_filter ] --START--
INFO: Run ContentReplace Behavior [ RunTime:0.000846s ]
INFO: Run TokenBuild Behavior [ RunTime:0.000799s ]
INFO: Run WriteHtmlCache Behavior [ RunTime:0.000693s ]
INFO: Run ShowRuntime Behavior [ RunTime:0.000867s ]
INFO: [ view_filter ] --END-- [ RunTime:0.003348s ]
INFO: [ view_end ] --START--
INFO: Run ShowPageTrace Behavior [ RunTime:0.001011s ]
INFO: [ view_end ] --END-- [ RunTime:0.001061s ]

[ 2013-04-08T21:24:51+08:00 ] 127.0.0.1 /fan/admin
INFO: [ route_check ] --START--
INFO: Run CheckRoute Behavior [ RunTime:0.000741s ]
INFO: [ route_check ] --END-- [ RunTime:0.000806s ]

[ 2013-04-08T21:24:54+08:00 ] 127.0.0.1 /fan/Admin/Charge/index
INFO: [ route_check ] --START--
INFO: Run CheckRoute Behavior [ RunTime:0.002302s ]
INFO: [ route_check ] --END-- [ RunTime:0.002421s ]

[ 2013-04-08T21:24:54+08:00 ] 127.0.0.1 /fan/index.php/Admin/Charge/listChargesNeedConfirm
INFO: [ route_check ] --START--
INFO: Run CheckRoute Behavior [ RunTime:0.000817s ]
INFO: [ route_check ] --END-- [ RunTime:0.000889s ]

[ 2013-04-08T21:24:55+08:00 ] 127.0.0.1 /fan/Admin/User/users
INFO: [ route_check ] --START--
INFO: Run CheckRoute Behavior [ RunTime:0.000798s ]
INFO: [ route_check ] --END-- [ RunTime:0.000867s ]

[ 2013-04-08T21:24:56+08:00 ] 127.0.0.1 /fan/index.php/Admin/User/listUsers?start=0&limit=20
INFO: [ route_check ] --START--
INFO: Run CheckRoute Behavior [ RunTime:0.000788s ]
INFO: [ route_check ] --END-- [ RunTime:0.000856s ]

[ 2013-04-08T21:24:56+08:00 ] 127.0.0.1 /fan/index.php/Admin/User/allCount
INFO: [ route_check ] --START--
INFO: Run CheckRoute Behavior [ RunTime:0.001198s ]
INFO: [ route_check ] --END-- [ RunTime:0.001259s ]

[ 2013-04-08T21:24:56+08:00 ] 127.0.0.1 /fan/index.php/Admin/User/allCount
INFO: [ route_check ] --START--
INFO: Run CheckRoute Behavior [ RunTime:0.000767s ]
INFO: [ route_check ] --END-- [ RunTime:0.000835s ]

[ 2013-04-08T21:24:56+08:00 ] 127.0.0.1 /fan/index.php/Admin/User/allCount
INFO: [ route_check ] --START--
INFO: Run CheckRoute Behavior [ RunTime:0.000792s ]
INFO: [ route_check ] --END-- [ RunTime:0.000856s ]

[ 2013-04-08T21:24:59+08:00 ] 127.0.0.1 /fan/Admin/Charge/index
INFO: [ route_check ] --START--
INFO: Run CheckRoute Behavior [ RunTime:0.000814s ]
INFO: [ route_check ] --END-- [ RunTime:0.000885s ]

[ 2013-04-08T21:24:59+08:00 ] 127.0.0.1 /fan/index.php/Admin/Charge/listChargesNeedConfirm
INFO: [ route_check ] --START--
INFO: Run CheckRoute Behavior [ RunTime:0.000788s ]
INFO: [ route_check ] --END-- [ RunTime:0.000859s ]

[ 2013-04-08T21:25:00+08:00 ] 127.0.0.1 /fan/Admin/Charge/chargeRecord
INFO: [ route_check ] --START--
INFO: Run CheckRoute Behavior [ RunTime:0.000800s ]
INFO: [ route_check ] --END-- [ RunTime:0.000871s ]

[ 2013-04-08T21:25:00+08:00 ] 127.0.0.1 /fan/index.php/Admin/Charge/pageCharges?start=0&limit=20
INFO: [ route_check ] --START--
INFO: Run CheckRoute Behavior [ RunTime:0.000798s ]
INFO: [ route_check ] --END-- [ RunTime:0.000869s ]

[ 2013-04-08T21:25:00+08:00 ] 127.0.0.1 /fan/index.php/Admin/Charge/allChargesCount
INFO: [ route_check ] --START--
INFO: Run CheckRoute Behavior [ RunTime:0.000778s ]
INFO: [ route_check ] --END-- [ RunTime:0.000846s ]

[ 2013-04-08T21:25:02+08:00 ] 127.0.0.1 /fan/Admin/Goods/stores
INFO: [ route_check ] --START--
INFO: Run CheckRoute Behavior [ RunTime:0.001157s ]
INFO: [ route_check ] --END-- [ RunTime:0.001253s ]

[ 2013-04-08T21:25:02+08:00 ] 127.0.0.1 /fan/index.php/Admin/Goods/allStoreCount
INFO: [ route_check ] --START--
INFO: Run CheckRoute Behavior [ RunTime:0.000758s ]
INFO: [ route_check ] --END-- [ RunTime:0.000820s ]

[ 2013-04-08T21:25:02+08:00 ] 127.0.0.1 /fan/index.php/Admin/Goods/listStores
INFO: [ route_check ] --START--
INFO: Run CheckRoute Behavior [ RunTime:0.000756s ]
INFO: [ route_check ] --END-- [ RunTime:0.000828s ]

[ 2013-04-08T21:25:05+08:00 ] 127.0.0.1 /fan/Admin/Goods/goods
INFO: [ route_check ] --START--
INFO: Run CheckRoute Behavior [ RunTime:0.000910s ]
INFO: [ route_check ] --END-- [ RunTime:0.000971s ]

[ 2013-04-08T21:25:05+08:00 ] 127.0.0.1 /fan/index.php/Admin/Goods/allCount
INFO: [ route_check ] --START--
INFO: Run CheckRoute Behavior [ RunTime:0.000775s ]
INFO: [ route_check ] --END-- [ RunTime:0.000840s ]

[ 2013-04-08T21:25:05+08:00 ] 127.0.0.1 /fan/index.php/Admin/Goods/listGoods
INFO: [ route_check ] --START--
INFO: Run CheckRoute Behavior [ RunTime:0.000786s ]
INFO: [ route_check ] --END-- [ RunTime:0.000847s ]

[ 2013-04-08T21:25:09+08:00 ] 127.0.0.1 /fan/index.php/Admin/Store/search?name=le
INFO: [ route_check ] --START--
INFO: Run CheckRoute Behavior [ RunTime:0.001415s ]
INFO: [ route_check ] --END-- [ RunTime:0.001524s ]

[ 2013-04-08T21:25:10+08:00 ] 127.0.0.1 /fan/index.php/Admin/Store/search?name=levis
INFO: [ route_check ] --START--
INFO: Run CheckRoute Behavior [ RunTime:0.001131s ]
INFO: [ route_check ] --END-- [ RunTime:0.001223s ]

[ 2013-04-08T21:25:11+08:00 ] 127.0.0.1 /fan/index.php/Admin/Goods/listGoods?storeId=1&start=0&limit=20
INFO: [ route_check ] --START--
INFO: Run CheckRoute Behavior [ RunTime:0.000788s ]
INFO: [ route_check ] --END-- [ RunTime:0.000868s ]

[ 2013-04-08T21:25:11+08:00 ] 127.0.0.1 /fan/index.php/Admin/Goods/allCount?storeId=1
INFO: [ route_check ] --START--
INFO: Run CheckRoute Behavior [ RunTime:0.000940s ]
INFO: [ route_check ] --END-- [ RunTime:0.001005s ]

[ 2013-04-08T21:25:39+08:00 ] 127.0.0.1 /fan/Admin/Goods/stores
INFO: [ route_check ] --START--
INFO: Run CheckRoute Behavior [ RunTime:0.001421s ]
INFO: [ route_check ] --END-- [ RunTime:0.001538s ]

[ 2013-04-08T21:25:39+08:00 ] 127.0.0.1 /fan/index.php/Admin/Goods/listStores
INFO: [ route_check ] --START--
INFO: Run CheckRoute Behavior [ RunTime:0.000826s ]
INFO: [ route_check ] --END-- [ RunTime:0.000899s ]

[ 2013-04-08T21:25:39+08:00 ] 127.0.0.1 /fan/index.php/Admin/Goods/allStoreCount
INFO: [ route_check ] --START--
INFO: Run CheckRoute Behavior [ RunTime:0.000826s ]
INFO: [ route_check ] --END-- [ RunTime:0.000889s ]

[ 2013-04-08T21:25:40+08:00 ] 127.0.0.1 /fan/Admin/Goods/goods
INFO: [ route_check ] --START--
INFO: Run CheckRoute Behavior [ RunTime:0.000775s ]
INFO: [ route_check ] --END-- [ RunTime:0.000839s ]

[ 2013-04-08T21:25:41+08:00 ] 127.0.0.1 /fan/index.php/Admin/Goods/listGoods
INFO: [ route_check ] --START--
INFO: Run CheckRoute Behavior [ RunTime:0.000765s ]
INFO: [ route_check ] --END-- [ RunTime:0.000830s ]

[ 2013-04-08T21:25:41+08:00 ] 127.0.0.1 /fan/index.php/Admin/Goods/allCount
INFO: [ route_check ] --START--
INFO: Run CheckRoute Behavior [ RunTime:0.000781s ]
INFO: [ route_check ] --END-- [ RunTime:0.000839s ]

[ 2013-04-08T21:25:46+08:00 ] 127.0.0.1 /fan/Admin/User/users
INFO: [ route_check ] --START--
INFO: Run CheckRoute Behavior [ RunTime:0.000811s ]
INFO: [ route_check ] --END-- [ RunTime:0.000895s ]

[ 2013-04-08T21:25:46+08:00 ] 127.0.0.1 /fan/index.php/Admin/User/listUsers?start=0&limit=20
INFO: [ route_check ] --START--
INFO: Run CheckRoute Behavior [ RunTime:0.000778s ]
INFO: [ route_check ] --END-- [ RunTime:0.000856s ]

[ 2013-04-08T21:25:46+08:00 ] 127.0.0.1 /fan/index.php/Admin/User/allCount
INFO: [ route_check ] --START--
INFO: Run CheckRoute Behavior [ RunTime:0.000807s ]
INFO: [ route_check ] --END-- [ RunTime:0.000865s ]

[ 2013-04-08T21:25:46+08:00 ] 127.0.0.1 /fan/index.php/Admin/User/allCount
INFO: [ route_check ] --START--
INFO: Run CheckRoute Behavior [ RunTime:0.000780s ]
INFO: [ route_check ] --END-- [ RunTime:0.000851s ]

[ 2013-04-08T21:25:46+08:00 ] 127.0.0.1 /fan/index.php/Admin/User/allCount
INFO: [ route_check ] --START--
INFO: Run CheckRoute Behavior [ RunTime:0.000738s ]
INFO: [ route_check ] --END-- [ RunTime:0.000803s ]

[ 2013-04-08T21:25:47+08:00 ] 127.0.0.1 /fan/Admin/Charge/index
INFO: [ route_check ] --START--
INFO: Run CheckRoute Behavior [ RunTime:0.000863s ]
INFO: [ route_check ] --END-- [ RunTime:0.000935s ]

[ 2013-04-08T21:25:48+08:00 ] 127.0.0.1 /fan/index.php/Admin/Charge/listChargesNeedConfirm
INFO: [ route_check ] --START--
INFO: Run CheckRoute Behavior [ RunTime:0.000754s ]
INFO: [ route_check ] --END-- [ RunTime:0.000816s ]

[ 2013-04-08T21:25:48+08:00 ] 127.0.0.1 /fan/Admin/Charge/chargeRecord
INFO: [ route_check ] --START--
INFO: Run CheckRoute Behavior [ RunTime:0.000768s ]
INFO: [ route_check ] --END-- [ RunTime:0.000834s ]

[ 2013-04-08T21:25:49+08:00 ] 127.0.0.1 /fan/index.php/Admin/Charge/pageCharges?start=0&limit=20
INFO: [ route_check ] --START--
INFO: Run CheckRoute Behavior [ RunTime:0.000752s ]
INFO: [ route_check ] --END-- [ RunTime:0.000818s ]

[ 2013-04-08T21:25:49+08:00 ] 127.0.0.1 /fan/index.php/Admin/Charge/allChargesCount
INFO: [ route_check ] --START--
INFO: Run CheckRoute Behavior [ RunTime:0.000754s ]
INFO: [ route_check ] --END-- [ RunTime:0.000813s ]

[ 2013-04-08T21:25:49+08:00 ] 127.0.0.1 /fan/Admin/User/users
INFO: [ route_check ] --START--
INFO: Run CheckRoute Behavior [ RunTime:0.000802s ]
INFO: [ route_check ] --END-- [ RunTime:0.000871s ]

[ 2013-04-08T21:25:49+08:00 ] 127.0.0.1 /fan/index.php/Admin/User/allCount
INFO: [ route_check ] --START--
INFO: Run CheckRoute Behavior [ RunTime:0.000801s ]
INFO: [ route_check ] --END-- [ RunTime:0.000873s ]

[ 2013-04-08T21:25:49+08:00 ] 127.0.0.1 /fan/index.php/Admin/User/listUsers?start=0&limit=20
INFO: [ route_check ] --START--
INFO: Run CheckRoute Behavior [ RunTime:0.000815s ]
INFO: [ route_check ] --END-- [ RunTime:0.000880s ]

[ 2013-04-08T21:25:49+08:00 ] 127.0.0.1 /fan/index.php/Admin/User/allCount
INFO: [ route_check ] --START--
INFO: Run CheckRoute Behavior [ RunTime:0.000771s ]
INFO: [ route_check ] --END-- [ RunTime:0.000839s ]

[ 2013-04-08T21:25:49+08:00 ] 127.0.0.1 /fan/index.php/Admin/User/allCount
INFO: [ route_check ] --START--
INFO: Run CheckRoute Behavior [ RunTime:0.000749s ]
INFO: [ route_check ] --END-- [ RunTime:0.000809s ]

[ 2013-04-08T21:25:50+08:00 ] 127.0.0.1 /fan/Admin
INFO: [ route_check ] --START--
INFO: Run CheckRoute Behavior [ RunTime:0.000740s ]
INFO: [ route_check ] --END-- [ RunTime:0.000803s ]

[ 2013-04-08T21:25:54+08:00 ] 127.0.0.1 /fan/Admin/Goods/stores
INFO: [ route_check ] --START--
INFO: Run CheckRoute Behavior [ RunTime:0.000910s ]
INFO: [ route_check ] --END-- [ RunTime:0.000990s ]

[ 2013-04-08T21:25:55+08:00 ] 127.0.0.1 /fan/index.php/Admin/Goods/listStores
INFO: [ route_check ] --START--
INFO: Run CheckRoute Behavior [ RunTime:0.000763s ]
INFO: [ route_check ] --END-- [ RunTime:0.000827s ]

[ 2013-04-08T21:25:55+08:00 ] 127.0.0.1 /fan/index.php/Admin/Goods/allStoreCount
INFO: [ route_check ] --START--
INFO: Run CheckRoute Behavior [ RunTime:0.000773s ]
INFO: [ route_check ] --END-- [ RunTime:0.000830s ]

[ 2013-04-08T21:25:55+08:00 ] 127.0.0.1 /fan/Admin/Goods/goods
INFO: [ route_check ] --START--
INFO: Run CheckRoute Behavior [ RunTime:0.001375s ]
INFO: [ route_check ] --END-- [ RunTime:0.001491s ]

[ 2013-04-08T21:25:55+08:00 ] 127.0.0.1 /fan/index.php/Admin/Goods/listGoods
INFO: [ route_check ] --START--
INFO: Run CheckRoute Behavior [ RunTime:0.000778s ]
INFO: [ route_check ] --END-- [ RunTime:0.000841s ]

[ 2013-04-08T21:25:55+08:00 ] 127.0.0.1 /fan/index.php/Admin/Goods/allCount
INFO: [ route_check ] --START--
INFO: Run CheckRoute Behavior [ RunTime:0.000804s ]
INFO: [ route_check ] --END-- [ RunTime:0.000864s ]

[ 2013-04-08T21:26:01+08:00 ] 127.0.0.1 /fan/index.php/Admin/Store/search?name=le
INFO: [ route_check ] --START--
INFO: Run CheckRoute Behavior [ RunTime:0.001402s ]
INFO: [ route_check ] --END-- [ RunTime:0.001511s ]

[ 2013-04-08T21:26:02+08:00 ] 127.0.0.1 /fan/index.php/Admin/Goods/allCount?storeId=1
INFO: [ route_check ] --START--
INFO: Run CheckRoute Behavior [ RunTime:0.000798s ]
INFO: [ route_check ] --END-- [ RunTime:0.000870s ]

[ 2013-04-08T21:26:02+08:00 ] 127.0.0.1 /fan/index.php/Admin/Goods/listGoods?storeId=1&start=0&limit=20
INFO: [ route_check ] --START--
INFO: Run CheckRoute Behavior [ RunTime:0.000898s ]
INFO: [ route_check ] --END-- [ RunTime:0.000969s ]

[ 2013-04-08T21:26:03+08:00 ] 127.0.0.1 /fan/index.php/Admin/Goods/good?id=5
INFO: [ route_check ] --START--
INFO: Run CheckRoute Behavior [ RunTime:0.000744s ]
INFO: [ route_check ] --END-- [ RunTime:0.000810s ]

[ 2013-04-08T21:26:17+08:00 ] 127.0.0.1 /fan/index.php/Admin/Goods/listGoods?storeId=1&query=&start=0&limit=20
INFO: [ route_check ] --START--
INFO: Run CheckRoute Behavior [ RunTime:0.000755s ]
INFO: [ route_check ] --END-- [ RunTime:0.000820s ]

[ 2013-04-08T21:26:17+08:00 ] 127.0.0.1 /fan/index.php/Admin/Goods/allCount?storeId=1&query=
INFO: [ route_check ] --START--
INFO: Run CheckRoute Behavior [ RunTime:0.001664s ]
INFO: [ route_check ] --END-- [ RunTime:0.001733s ]

[ 2013-04-08T21:26:19+08:00 ] 127.0.0.1 /fan/index.php/Admin/Goods/save
INFO: [ route_check ] --START--
INFO: Run CheckRoute Behavior [ RunTime:0.001457s ]
INFO: [ route_check ] --END-- [ RunTime:0.001578s ]

[ 2013-04-08T21:26:19+08:00 ] 127.0.0.1 /fan/index.php/Admin/Goods/good/id/5
INFO: [ route_check ] --START--
INFO: Run CheckRoute Behavior [ RunTime:0.000778s ]
INFO: [ route_check ] --END-- [ RunTime:0.000849s ]

[ 2013-04-08T21:26:21+08:00 ] 127.0.0.1 /fan/index.php/Admin/Goods/allCount?storeId=1&query=
INFO: [ route_check ] --START--
INFO: Run CheckRoute Behavior [ RunTime:0.001097s ]
INFO: [ route_check ] --END-- [ RunTime:0.001192s ]

[ 2013-04-08T21:26:21+08:00 ] 127.0.0.1 /fan/index.php/Admin/Goods/listGoods?storeId=1&query=&start=0&limit=20
INFO: [ route_check ] --START--
INFO: Run CheckRoute Behavior [ RunTime:0.002694s ]
INFO: [ route_check ] --END-- [ RunTime:0.002784s ]

[ 2013-04-08T21:26:43+08:00 ] 127.0.0.1 /fan/Admin/Goods/stores
INFO: [ route_check ] --START--
INFO: Run CheckRoute Behavior [ RunTime:0.000766s ]
INFO: [ route_check ] --END-- [ RunTime:0.000837s ]

[ 2013-04-08T21:26:44+08:00 ] 127.0.0.1 /fan/index.php/Admin/Goods/listStores
INFO: [ route_check ] --START--
INFO: Run CheckRoute Behavior [ RunTime:0.000777s ]
INFO: [ route_check ] --END-- [ RunTime:0.000854s ]

[ 2013-04-08T21:26:44+08:00 ] 127.0.0.1 /fan/index.php/Admin/Goods/allStoreCount
INFO: [ route_check ] --START--
INFO: Run CheckRoute Behavior [ RunTime:0.001675s ]
INFO: [ route_check ] --END-- [ RunTime:0.001736s ]

[ 2013-04-08T21:26:46+08:00 ] 127.0.0.1 /fan/Admin/User/users
INFO: [ route_check ] --START--
INFO: Run CheckRoute Behavior [ RunTime:0.001423s ]
INFO: [ route_check ] --END-- [ RunTime:0.001538s ]

[ 2013-04-08T21:26:46+08:00 ] 127.0.0.1 /fan/index.php/Admin/User/listUsers?start=0&limit=20
INFO: [ route_check ] --START--
INFO: Run CheckRoute Behavior [ RunTime:0.000760s ]
INFO: [ route_check ] --END-- [ RunTime:0.000822s ]

[ 2013-04-08T21:26:47+08:00 ] 127.0.0.1 /fan/index.php/Admin/User/allCount
INFO: [ route_check ] --START--
INFO: Run CheckRoute Behavior [ RunTime:0.001653s ]
INFO: [ route_check ] --END-- [ RunTime:0.001710s ]

[ 2013-04-08T21:26:47+08:00 ] 127.0.0.1 /fan/index.php/Admin/User/allCount
INFO: [ route_check ] --START--
INFO: Run CheckRoute Behavior [ RunTime:0.000809s ]
INFO: [ route_check ] --END-- [ RunTime:0.000877s ]

[ 2013-04-08T21:26:47+08:00 ] 127.0.0.1 /fan/index.php/Admin/User/allCount
INFO: [ route_check ] --START--
INFO: Run CheckRoute Behavior [ RunTime:0.000746s ]
INFO: [ route_check ] --END-- [ RunTime:0.000806s ]

[ 2013-04-08T21:26:48+08:00 ] 127.0.0.1 /fan/Admin/Charge/index
INFO: [ route_check ] --START--
INFO: Run CheckRoute Behavior [ RunTime:0.000764s ]
INFO: [ route_check ] --END-- [ RunTime:0.000830s ]

[ 2013-04-08T21:26:48+08:00 ] 127.0.0.1 /fan/index.php/Admin/Charge/listChargesNeedConfirm
INFO: [ route_check ] --START--
INFO: Run CheckRoute Behavior [ RunTime:0.000762s ]
INFO: [ route_check ] --END-- [ RunTime:0.000826s ]

[ 2013-04-08T21:26:53+08:00 ] 127.0.0.1 /fan/
INFO: [ app_begin ] --START--
INFO: Run ReadHtmlCache Behavior [ RunTime:0.000842s ]
INFO: [ app_begin ] --END-- [ RunTime:0.000941s ]
INFO: [ view_template ] --START--
INFO: Run LocationTemplate Behavior [ RunTime:0.000767s ]
INFO: [ view_template ] --END-- [ RunTime:0.000823s ]
INFO: [ view_parse ] --START--
INFO: Run ParseTemplate Behavior [ RunTime:0.009590s ]
INFO: [ view_parse ] --END-- [ RunTime:0.009647s ]
INFO: [ view_filter ] --START--
INFO: Run ContentReplace Behavior [ RunTime:0.000354s ]
INFO: Run TokenBuild Behavior [ RunTime:0.000318s ]
INFO: Run WriteHtmlCache Behavior [ RunTime:0.000223s ]
INFO: Run ShowRuntime Behavior [ RunTime:0.000443s ]
INFO: [ view_filter ] --END-- [ RunTime:0.001469s ]
INFO: [ view_end ] --START--
INFO: Run ShowPageTrace Behavior [ RunTime:0.000515s ]
INFO: [ view_end ] --END-- [ RunTime:0.000561s ]

[ 2013-04-08T21:26:57+08:00 ] 127.0.0.1 /fan/Takeout/index
INFO: [ route_check ] --START--
INFO: Run CheckRoute Behavior [ RunTime:0.001326s ]
INFO: [ route_check ] --END-- [ RunTime:0.001400s ]
INFO: [ app_begin ] --START--
INFO: Run ReadHtmlCache Behavior [ RunTime:0.001022s ]
INFO: [ app_begin ] --END-- [ RunTime:0.001081s ]
INFO: [ view_template ] --START--
INFO: Run LocationTemplate Behavior [ RunTime:0.000858s ]
INFO: [ view_template ] --END-- [ RunTime:0.000918s ]
INFO: [ view_parse ] --START--
NOTIC: [8] Undefined variable: userName D:\WorkStation\phpWebRoot\fan\Runtime\Cache\Home\aae86b6ecab888f22ff3ee151770c0db.php 第 44 行.
INFO: Run ParseTemplate Behavior [ RunTime:0.011758s ]
INFO: [ view_parse ] --END-- [ RunTime:0.011819s ]
INFO: [ view_filter ] --START--
INFO: Run ContentReplace Behavior [ RunTime:0.000439s ]
INFO: Run TokenBuild Behavior [ RunTime:0.000405s ]
INFO: Run WriteHtmlCache Behavior [ RunTime:0.000262s ]
INFO: Run ShowRuntime Behavior [ RunTime:0.000446s ]
INFO: [ view_filter ] --END-- [ RunTime:0.001705s ]
INFO: [ view_end ] --START--
INFO: Run ShowPageTrace Behavior [ RunTime:0.000586s ]
INFO: [ view_end ] --END-- [ RunTime:0.000638s ]

[ 2013-04-08T21:26:57+08:00 ] 127.0.0.1 /fan/Takeout/listStore
INFO: [ route_check ] --START--
INFO: Run CheckRoute Behavior [ RunTime:0.000740s ]
INFO: [ route_check ] --END-- [ RunTime:0.000800s ]
INFO: [ app_begin ] --START--
INFO: Run ReadHtmlCache Behavior [ RunTime:0.000478s ]
INFO: [ app_begin ] --END-- [ RunTime:0.000523s ]
SQL: SHOW COLUMNS FROM `store` [ RunTime:0.002030s ]
SQL: SELECT * FROM `store` WHERE ( 1=1 ) LIMIT 0,10   [ RunTime:0.000856s ]

[ 2013-04-08T21:26:57+08:00 ] 127.0.0.1 /fan/index.php/Takeout/listStoreGoodsTop10?id=1
INFO: [ route_check ] --START--
INFO: Run CheckRoute Behavior [ RunTime:0.000751s ]
INFO: [ route_check ] --END-- [ RunTime:0.000825s ]
INFO: [ app_begin ] --START--
INFO: Run ReadHtmlCache Behavior [ RunTime:0.000500s ]
INFO: [ app_begin ] --END-- [ RunTime:0.000548s ]
SQL: SHOW COLUMNS FROM `goods` [ RunTime:0.002110s ]
SQL: SELECT * FROM `goods` WHERE ( `store_id` = 1 ) AND ( `status` = 1 ) AND ( `last_ts` > 1365427617 ) LIMIT 0,15   [ RunTime:0.000972s ]

[ 2013-04-08T21:26:57+08:00 ] 127.0.0.1 /fan/index.php/Takeout/listStoreGoodsTop10?id=2
INFO: [ route_check ] --START--
INFO: Run CheckRoute Behavior [ RunTime:0.001928s ]
INFO: [ route_check ] --END-- [ RunTime:0.001988s ]
INFO: [ app_begin ] --START--
INFO: Run ReadHtmlCache Behavior [ RunTime:0.001175s ]
INFO: [ app_begin ] --END-- [ RunTime:0.001226s ]
SQL: SHOW COLUMNS FROM `goods` [ RunTime:0.002124s ]
SQL: SELECT * FROM `goods` WHERE ( `store_id` = 2 ) AND ( `status` = 1 ) AND ( `last_ts` > 1365427617 ) LIMIT 0,15   [ RunTime:0.000965s ]

[ 2013-04-08T21:26:57+08:00 ] 127.0.0.1 /fan/index.php/Takeout/listStoreGoodsTop10?id=3
INFO: [ route_check ] --START--
INFO: Run CheckRoute Behavior [ RunTime:0.001284s ]
INFO: [ route_check ] --END-- [ RunTime:0.001354s ]
INFO: [ app_begin ] --START--
INFO: Run ReadHtmlCache Behavior [ RunTime:0.001003s ]
INFO: [ app_begin ] --END-- [ RunTime:0.001053s ]
SQL: SHOW COLUMNS FROM `goods` [ RunTime:0.002130s ]
SQL: SELECT * FROM `goods` WHERE ( `store_id` = 3 ) AND ( `status` = 1 ) AND ( `last_ts` > 1365427617 ) LIMIT 0,15   [ RunTime:0.000808s ]

[ 2013-04-08T21:27:16+08:00 ] 127.0.0.1 /fan/Admin/Goods/stores
INFO: [ route_check ] --START--
INFO: Run CheckRoute Behavior [ RunTime:0.000930s ]
INFO: [ route_check ] --END-- [ RunTime:0.001008s ]

[ 2013-04-08T21:27:17+08:00 ] 127.0.0.1 /fan/index.php/Admin/Goods/listStores
INFO: [ route_check ] --START--
INFO: Run CheckRoute Behavior [ RunTime:0.000782s ]
INFO: [ route_check ] --END-- [ RunTime:0.000846s ]

[ 2013-04-08T21:27:17+08:00 ] 127.0.0.1 /fan/index.php/Admin/Goods/allStoreCount
INFO: [ route_check ] --START--
INFO: Run CheckRoute Behavior [ RunTime:0.001686s ]
INFO: [ route_check ] --END-- [ RunTime:0.001751s ]

[ 2013-04-08T21:27:18+08:00 ] 127.0.0.1 /fan/Admin/Goods/goods
INFO: [ route_check ] --START--
INFO: Run CheckRoute Behavior [ RunTime:0.000776s ]
INFO: [ route_check ] --END-- [ RunTime:0.000847s ]

[ 2013-04-08T21:27:18+08:00 ] 127.0.0.1 /fan/index.php/Admin/Goods/listGoods
INFO: [ route_check ] --START--
INFO: Run CheckRoute Behavior [ RunTime:0.000763s ]
INFO: [ route_check ] --END-- [ RunTime:0.000822s ]

[ 2013-04-08T21:27:18+08:00 ] 127.0.0.1 /fan/index.php/Admin/Goods/allCount
INFO: [ route_check ] --START--
INFO: Run CheckRoute Behavior [ RunTime:0.001616s ]
INFO: [ route_check ] --END-- [ RunTime:0.001676s ]

[ 2013-04-08T21:28:22+08:00 ] 127.0.0.1 /fan/Admin/Charge/index
INFO: [ route_check ] --START--
INFO: Run CheckRoute Behavior [ RunTime:0.002207s ]
INFO: [ route_check ] --END-- [ RunTime:0.002326s ]

[ 2013-04-08T21:28:23+08:00 ] 127.0.0.1 /fan/index.php/Admin/Charge/listChargesNeedConfirm
INFO: [ route_check ] --START--
INFO: Run CheckRoute Behavior [ RunTime:0.000779s ]
INFO: [ route_check ] --END-- [ RunTime:0.000849s ]

[ 2013-04-08T21:28:23+08:00 ] 127.0.0.1 /fan/Admin/User/users
INFO: [ route_check ] --START--
INFO: Run CheckRoute Behavior [ RunTime:0.000820s ]
INFO: [ route_check ] --END-- [ RunTime:0.000889s ]

[ 2013-04-08T21:28:23+08:00 ] 127.0.0.1 /fan/index.php/Admin/User/allCount
INFO: [ route_check ] --START--
INFO: Run CheckRoute Behavior [ RunTime:0.000758s ]
INFO: [ route_check ] --END-- [ RunTime:0.000818s ]

[ 2013-04-08T21:28:24+08:00 ] 127.0.0.1 /fan/index.php/Admin/User/listUsers?start=0&limit=20
INFO: [ route_check ] --START--
INFO: Run CheckRoute Behavior [ RunTime:0.000783s ]
INFO: [ route_check ] --END-- [ RunTime:0.000848s ]

[ 2013-04-08T21:28:24+08:00 ] 127.0.0.1 /fan/index.php/Admin/User/allCount
INFO: [ route_check ] --START--
INFO: Run CheckRoute Behavior [ RunTime:0.000774s ]
INFO: [ route_check ] --END-- [ RunTime:0.000842s ]

[ 2013-04-08T21:28:24+08:00 ] 127.0.0.1 /fan/index.php/Admin/User/allCount
INFO: [ route_check ] --START--
INFO: Run CheckRoute Behavior [ RunTime:0.000785s ]
INFO: [ route_check ] --END-- [ RunTime:0.000867s ]

[ 2013-04-08T21:28:24+08:00 ] 127.0.0.1 /fan/Admin/Charge/index
INFO: [ route_check ] --START--
INFO: Run CheckRoute Behavior [ RunTime:0.000750s ]
INFO: [ route_check ] --END-- [ RunTime:0.000816s ]

[ 2013-04-08T21:28:25+08:00 ] 127.0.0.1 /fan/index.php/Admin/Charge/listChargesNeedConfirm
INFO: [ route_check ] --START--
INFO: Run CheckRoute Behavior [ RunTime:0.000773s ]
INFO: [ route_check ] --END-- [ RunTime:0.000838s ]

[ 2013-04-08T21:28:25+08:00 ] 127.0.0.1 /fan/Admin/Charge/chargeRecord
INFO: [ route_check ] --START--
INFO: Run CheckRoute Behavior [ RunTime:0.000741s ]
INFO: [ route_check ] --END-- [ RunTime:0.000803s ]

[ 2013-04-08T21:28:25+08:00 ] 127.0.0.1 /fan/index.php/Admin/Charge/allChargesCount
INFO: [ route_check ] --START--
INFO: Run CheckRoute Behavior [ RunTime:0.000813s ]
INFO: [ route_check ] --END-- [ RunTime:0.000874s ]

[ 2013-04-08T21:28:25+08:00 ] 127.0.0.1 /fan/index.php/Admin/Charge/pageCharges?start=0&limit=20
INFO: [ route_check ] --START--
INFO: Run CheckRoute Behavior [ RunTime:0.000749s ]
INFO: [ route_check ] --END-- [ RunTime:0.000816s ]

[ 2013-04-08T21:28:31+08:00 ] 127.0.0.1 /fan/index.php/Admin/Charge/allChargesCount?query=51
INFO: [ route_check ] --START--
INFO: Run CheckRoute Behavior [ RunTime:0.000769s ]
INFO: [ route_check ] --END-- [ RunTime:0.000832s ]

[ 2013-04-08T21:28:31+08:00 ] 127.0.0.1 /fan/index.php/Admin/Charge/pageCharges?query=51&start=0&limit=20
INFO: [ route_check ] --START--
INFO: Run CheckRoute Behavior [ RunTime:0.000791s ]
INFO: [ route_check ] --END-- [ RunTime:0.000850s ]

[ 2013-04-08T21:28:35+08:00 ] 127.0.0.1 /fan/index.php/Admin/Charge/pageCharges?query=&start=0&limit=20
INFO: [ route_check ] --START--
INFO: Run CheckRoute Behavior [ RunTime:0.000799s ]
INFO: [ route_check ] --END-- [ RunTime:0.000869s ]

[ 2013-04-08T21:28:35+08:00 ] 127.0.0.1 /fan/index.php/Admin/Charge/allChargesCount?query=
INFO: [ route_check ] --START--
INFO: Run CheckRoute Behavior [ RunTime:0.000770s ]
INFO: [ route_check ] --END-- [ RunTime:0.000834s ]

