[ 2013-05-03T09:47:20+08:00 ] 192.168.96.19 /fan/
INFO: [ app_begin ] --START--
INFO: Run ReadHtmlCache Behavior [ RunTime:0.002196s ]
INFO: [ app_begin ] --END-- [ RunTime:0.002322s ]
INFO: [ view_template ] --START--
INFO: Run LocationTemplate Behavior [ RunTime:0.002292s ]
INFO: [ view_template ] --END-- [ RunTime:0.002412s ]
INFO: [ view_parse ] --START--
INFO: Run ParseTemplate Behavior [ RunTime:0.025212s ]
INFO: [ view_parse ] --END-- [ RunTime:0.025310s ]
INFO: [ view_filter ] --START--
INFO: Run ContentReplace Behavior [ RunTime:0.000839s ]
INFO: Run TokenBuild Behavior [ RunTime:0.001715s ]
INFO: Run WriteHtmlCache Behavior [ RunTime:0.000864s ]
INFO: Run ShowRuntime Behavior [ RunTime:0.001005s ]
INFO: [ view_filter ] --END-- [ RunTime:0.004661s ]
INFO: [ view_end ] --START--
INFO: Run ShowPageTrace Behavior [ RunTime:0.001088s ]
INFO: [ view_end ] --END-- [ RunTime:0.001159s ]

[ 2013-05-03T09:47:26+08:00 ] 192.168.96.19 /fan/Dining/index
INFO: [ route_check ] --START--
INFO: Run CheckRoute Behavior [ RunTime:0.003876s ]
INFO: [ route_check ] --END-- [ RunTime:0.003995s ]
INFO: [ app_begin ] --START--
INFO: Run ReadHtmlCache Behavior [ RunTime:0.000683s ]
INFO: [ app_begin ] --END-- [ RunTime:0.000776s ]

[ 2013-05-03T09:47:26+08:00 ] 192.168.96.19 /fan/index.php/Index/toLogin/p/Dining-index
INFO: [ route_check ] --START--
INFO: Run CheckRoute Behavior [ RunTime:0.000786s ]
INFO: [ route_check ] --END-- [ RunTime:0.000864s ]
INFO: [ app_begin ] --START--
INFO: Run ReadHtmlCache Behavior [ RunTime:0.000659s ]
INFO: [ app_begin ] --END-- [ RunTime:0.000734s ]
INFO: [ view_template ] --START--
INFO: Run LocationTemplate Behavior [ RunTime:0.001047s ]
INFO: [ view_template ] --END-- [ RunTime:0.001146s ]
INFO: [ view_parse ] --START--
INFO: Run ParseTemplate Behavior [ RunTime:0.059160s ]
INFO: [ view_parse ] --END-- [ RunTime:0.059263s ]
INFO: [ view_filter ] --START--
INFO: Run ContentReplace Behavior [ RunTime:0.000685s ]
INFO: Run TokenBuild Behavior [ RunTime:0.000701s ]
INFO: Run WriteHtmlCache Behavior [ RunTime:0.000392s ]
INFO: Run ShowRuntime Behavior [ RunTime:0.000698s ]
INFO: [ view_filter ] --END-- [ RunTime:0.002886s ]
INFO: [ view_end ] --START--
INFO: Run ShowPageTrace Behavior [ RunTime:0.000885s ]
INFO: [ view_end ] --END-- [ RunTime:0.000959s ]

[ 2013-05-03T09:47:32+08:00 ] 192.168.96.19 /fan/index.php/Login/login/p/Dining-index
INFO: [ route_check ] --START--
INFO: Run CheckRoute Behavior [ RunTime:0.000935s ]
INFO: [ route_check ] --END-- [ RunTime:0.001049s ]
INFO: [ app_begin ] --START--
INFO: Run ReadHtmlCache Behavior [ RunTime:0.000693s ]
INFO: [ app_begin ] --END-- [ RunTime:0.000787s ]
SQL: SHOW COLUMNS FROM `user` [ RunTime:0.005950s ]
SQL: SELECT * FROM `user` WHERE ( `name` = 'qianduo' )  [ RunTime:0.001933s ]
NOTIC: [8192] Function split() is deprecated H:\xampp\htdocs\fan\Lib\Action\Home\LoginAction.class.php 第 31 行.

[ 2013-05-03T09:47:33+08:00 ] 192.168.96.19 /fan/index.php/Dining/index
INFO: [ route_check ] --START--
INFO: Run CheckRoute Behavior [ RunTime:0.000979s ]
INFO: [ route_check ] --END-- [ RunTime:0.001096s ]
INFO: [ app_begin ] --START--
INFO: Run ReadHtmlCache Behavior [ RunTime:0.000614s ]
INFO: [ app_begin ] --END-- [ RunTime:0.000705s ]
NOTIC: [8] Undefined index: page H:\xampp\htdocs\fan\Lib\Action\Home\DiningAction.class.php 第 17 行.
SQL: SHOW COLUMNS FROM `dining` [ RunTime:0.006434s ]
SQL: SELECT * FROM `dining` WHERE ( `time` IN ('1367510400','0') ) ORDER BY time desc LIMIT 0,20   [ RunTime:0.002715s ]
SQL: SELECT COUNT(*) AS tp_count FROM `dining` WHERE ( `time` IN ('1367510400','0') ) LIMIT 1   [ RunTime:0.000884s ]
INFO: [ view_template ] --START--
INFO: Run LocationTemplate Behavior [ RunTime:0.017305s ]
INFO: [ view_template ] --END-- [ RunTime:0.017399s ]
INFO: [ view_parse ] --START--
INFO: Run ParseTemplate Behavior [ RunTime:0.011197s ]
INFO: [ view_parse ] --END-- [ RunTime:0.011287s ]
INFO: [ view_filter ] --START--
INFO: Run ContentReplace Behavior [ RunTime:0.000513s ]
INFO: Run TokenBuild Behavior [ RunTime:0.000420s ]
INFO: Run WriteHtmlCache Behavior [ RunTime:0.000535s ]
INFO: Run ShowRuntime Behavior [ RunTime:0.000697s ]
INFO: [ view_filter ] --END-- [ RunTime:0.002377s ]
INFO: [ view_template ] --START--
INFO: Run LocationTemplate Behavior [ RunTime:0.000224s ]
INFO: [ view_template ] --END-- [ RunTime:-0.013856s ]
INFO: [ view_parse ] --START--
INFO: Run ParseTemplate Behavior [ RunTime:0.006298s ]
INFO: [ view_parse ] --END-- [ RunTime:-0.002833s ]
INFO: [ view_filter ] --START--
INFO: Run ContentReplace Behavior [ RunTime:0.000153s ]
INFO: Run TokenBuild Behavior [ RunTime:0.000052s ]
INFO: Run WriteHtmlCache Behavior [ RunTime:0.000012s ]
INFO: Run ShowRuntime Behavior [ RunTime:0.000082s ]
INFO: [ view_filter ] --END-- [ RunTime:-0.006868s ]
INFO: [ view_end ] --START--
INFO: Run ShowPageTrace Behavior [ RunTime:0.000722s ]
INFO: [ view_end ] --END-- [ RunTime:0.000785s ]

[ 2013-05-03T09:47:37+08:00 ] 192.168.96.19 /fan/Msg/index
INFO: [ route_check ] --START--
INFO: Run CheckRoute Behavior [ RunTime:0.001097s ]
INFO: [ route_check ] --END-- [ RunTime:0.001219s ]
INFO: [ app_begin ] --START--
INFO: Run ReadHtmlCache Behavior [ RunTime:0.000767s ]
INFO: [ app_begin ] --END-- [ RunTime:0.000862s ]
INFO: [ view_template ] --START--
INFO: Run LocationTemplate Behavior [ RunTime:0.001247s ]
INFO: [ view_template ] --END-- [ RunTime:0.001373s ]
INFO: [ view_parse ] --START--
NOTIC: [8] Undefined variable: userName H:\xampp\htdocs\fan\Runtime\Cache\Home\30b65621de76fa0004ab8216a401fe13.php 第 44 行.
INFO: Run ParseTemplate Behavior [ RunTime:0.022321s ]
INFO: [ view_parse ] --END-- [ RunTime:0.022395s ]
INFO: [ view_filter ] --START--
INFO: Run ContentReplace Behavior [ RunTime:0.000593s ]
INFO: Run TokenBuild Behavior [ RunTime:0.000913s ]
INFO: Run WriteHtmlCache Behavior [ RunTime:0.000559s ]
INFO: Run ShowRuntime Behavior [ RunTime:0.000694s ]
INFO: [ view_filter ] --END-- [ RunTime:0.002999s ]
INFO: [ view_end ] --START--
INFO: Run ShowPageTrace Behavior [ RunTime:0.000950s ]
INFO: [ view_end ] --END-- [ RunTime:0.001038s ]

[ 2013-05-03T09:47:39+08:00 ] 192.168.96.19 /fan/Takeout/index
INFO: [ route_check ] --START--
INFO: Run CheckRoute Behavior [ RunTime:0.000969s ]
INFO: [ route_check ] --END-- [ RunTime:0.001090s ]
INFO: [ app_begin ] --START--
INFO: Run ReadHtmlCache Behavior [ RunTime:0.001046s ]
INFO: [ app_begin ] --END-- [ RunTime:0.001197s ]
INFO: [ view_template ] --START--
INFO: Run LocationTemplate Behavior [ RunTime:0.001296s ]
INFO: [ view_template ] --END-- [ RunTime:0.001443s ]
INFO: [ view_parse ] --START--
NOTIC: [8] Undefined variable: userName H:\xampp\htdocs\fan\Runtime\Cache\Home\199b22425b3fa0572537529919fb8fc4.php 第 44 行.
INFO: Run ParseTemplate Behavior [ RunTime:0.028008s ]
INFO: [ view_parse ] --END-- [ RunTime:0.028090s ]
INFO: [ view_filter ] --START--
INFO: Run ContentReplace Behavior [ RunTime:0.000587s ]
INFO: Run TokenBuild Behavior [ RunTime:0.000405s ]
INFO: Run WriteHtmlCache Behavior [ RunTime:0.000271s ]
INFO: Run ShowRuntime Behavior [ RunTime:0.000546s ]
INFO: [ view_filter ] --END-- [ RunTime:0.002022s ]
INFO: [ view_end ] --START--
INFO: Run ShowPageTrace Behavior [ RunTime:0.000775s ]
INFO: [ view_end ] --END-- [ RunTime:0.000852s ]

[ 2013-05-03T09:47:40+08:00 ] 192.168.96.19 /fan/Takeout/listStore
INFO: [ route_check ] --START--
INFO: Run CheckRoute Behavior [ RunTime:0.001222s ]
INFO: [ route_check ] --END-- [ RunTime:0.001374s ]
INFO: [ app_begin ] --START--
INFO: Run ReadHtmlCache Behavior [ RunTime:0.000617s ]
INFO: [ app_begin ] --END-- [ RunTime:0.000723s ]
SQL: SHOW COLUMNS FROM `store` [ RunTime:0.006184s ]
ERR: Table 'fan.store' doesn't exist
 [ SQL语句 ] : SHOW COLUMNS FROM `store`
SQL: SELECT * FROM `store` WHERE ( 1=1 ) LIMIT 0,10   [ RunTime:0.000718s ]
ERR: Table 'fan.store' doesn't exist
 [ SQL语句 ] : SELECT * FROM `store` WHERE ( 1=1 ) LIMIT 0,10  

[ 2013-05-03T09:47:42+08:00 ] 192.168.96.19 /fan/Personal/index
INFO: [ route_check ] --START--
INFO: Run CheckRoute Behavior [ RunTime:0.000980s ]
INFO: [ route_check ] --END-- [ RunTime:0.001099s ]
INFO: [ app_begin ] --START--
INFO: Run ReadHtmlCache Behavior [ RunTime:0.000632s ]
INFO: [ app_begin ] --END-- [ RunTime:0.000719s ]
INFO: [ view_template ] --START--
INFO: Run LocationTemplate Behavior [ RunTime:0.024496s ]
INFO: [ view_template ] --END-- [ RunTime:0.024602s ]
INFO: [ view_parse ] --START--
INFO: Run ParseTemplate Behavior [ RunTime:0.013062s ]
INFO: [ view_parse ] --END-- [ RunTime:0.013165s ]
INFO: [ view_filter ] --START--
INFO: Run ContentReplace Behavior [ RunTime:0.000540s ]
INFO: Run TokenBuild Behavior [ RunTime:0.000475s ]
INFO: Run WriteHtmlCache Behavior [ RunTime:0.000329s ]
INFO: Run ShowRuntime Behavior [ RunTime:0.000520s ]
INFO: [ view_filter ] --END-- [ RunTime:0.002065s ]
INFO: [ view_end ] --START--
INFO: Run ShowPageTrace Behavior [ RunTime:0.000896s ]
INFO: [ view_end ] --END-- [ RunTime:0.000970s ]

[ 2013-05-03T09:47:43+08:00 ] 192.168.96.19 /fan//Personal/home/type/0
INFO: [ route_check ] --START--
INFO: Run CheckRoute Behavior [ RunTime:0.000823s ]
INFO: [ route_check ] --END-- [ RunTime:0.000932s ]
INFO: [ app_begin ] --START--
INFO: Run ReadHtmlCache Behavior [ RunTime:0.000795s ]
INFO: [ app_begin ] --END-- [ RunTime:0.000900s ]
INFO: [ view_template ] --START--
INFO: Run LocationTemplate Behavior [ RunTime:0.000995s ]
INFO: [ view_template ] --END-- [ RunTime:0.001103s ]
INFO: [ view_parse ] --START--
INFO: Run ParseTemplate Behavior [ RunTime:0.018432s ]
INFO: [ view_parse ] --END-- [ RunTime:0.018527s ]
INFO: [ view_filter ] --START--
INFO: Run ContentReplace Behavior [ RunTime:0.000462s ]
INFO: Run TokenBuild Behavior [ RunTime:0.000552s ]
INFO: Run WriteHtmlCache Behavior [ RunTime:0.000368s ]
INFO: Run ShowRuntime Behavior [ RunTime:0.000541s ]
INFO: [ view_filter ] --END-- [ RunTime:0.002112s ]

[ 2013-05-03T09:47:44+08:00 ] 192.168.96.19 /fan/
INFO: [ app_begin ] --START--
INFO: Run ReadHtmlCache Behavior [ RunTime:0.000818s ]
INFO: [ app_begin ] --END-- [ RunTime:0.000970s ]
INFO: [ view_template ] --START--
INFO: Run LocationTemplate Behavior [ RunTime:0.000696s ]
INFO: [ view_template ] --END-- [ RunTime:0.000807s ]
INFO: [ view_parse ] --START--
INFO: Run ParseTemplate Behavior [ RunTime:0.013282s ]
INFO: [ view_parse ] --END-- [ RunTime:0.013425s ]
INFO: [ view_filter ] --START--
INFO: Run ContentReplace Behavior [ RunTime:0.000798s ]
INFO: Run TokenBuild Behavior [ RunTime:0.000642s ]
INFO: Run WriteHtmlCache Behavior [ RunTime:0.000388s ]
INFO: Run ShowRuntime Behavior [ RunTime:0.000512s ]
INFO: [ view_filter ] --END-- [ RunTime:0.002593s ]
INFO: [ view_end ] --START--
INFO: Run ShowPageTrace Behavior [ RunTime:0.000711s ]
INFO: [ view_end ] --END-- [ RunTime:0.000777s ]

[ 2013-05-03T09:47:53+08:00 ] 192.168.96.19 /fan/Dining/index
INFO: [ route_check ] --START--
INFO: Run CheckRoute Behavior [ RunTime:0.000837s ]
INFO: [ route_check ] --END-- [ RunTime:0.000944s ]
INFO: [ app_begin ] --START--
INFO: Run ReadHtmlCache Behavior [ RunTime:0.000564s ]
INFO: [ app_begin ] --END-- [ RunTime:0.000629s ]
NOTIC: [8] Undefined index: page H:\xampp\htdocs\fan\Lib\Action\Home\DiningAction.class.php 第 17 行.
SQL: SHOW COLUMNS FROM `dining` [ RunTime:0.004295s ]
SQL: SELECT * FROM `dining` WHERE ( `time` IN ('1367510400','0') ) ORDER BY time desc LIMIT 0,20   [ RunTime:0.001636s ]
SQL: SELECT COUNT(*) AS tp_count FROM `dining` WHERE ( `time` IN ('1367510400','0') ) LIMIT 1   [ RunTime:0.000586s ]
INFO: [ view_template ] --START--
INFO: Run LocationTemplate Behavior [ RunTime:0.000629s ]
INFO: [ view_template ] --END-- [ RunTime:0.000701s ]
INFO: [ view_parse ] --START--
INFO: Run ParseTemplate Behavior [ RunTime:0.010992s ]
INFO: [ view_parse ] --END-- [ RunTime:0.011080s ]
INFO: [ view_filter ] --START--
INFO: Run ContentReplace Behavior [ RunTime:0.000378s ]
INFO: Run TokenBuild Behavior [ RunTime:0.000400s ]
INFO: Run WriteHtmlCache Behavior [ RunTime:0.000266s ]
INFO: Run ShowRuntime Behavior [ RunTime:0.000435s ]
INFO: [ view_filter ] --END-- [ RunTime:0.001634s ]
INFO: [ view_template ] --START--
INFO: Run LocationTemplate Behavior [ RunTime:0.000093s ]
INFO: [ view_template ] --END-- [ RunTime:-0.012889s ]
INFO: [ view_parse ] --START--
INFO: Run ParseTemplate Behavior [ RunTime:0.006190s ]
INFO: [ view_parse ] --END-- [ RunTime:-0.001949s ]
INFO: [ view_filter ] --START--
INFO: Run ContentReplace Behavior [ RunTime:0.000283s ]
INFO: Run TokenBuild Behavior [ RunTime:0.000052s ]
INFO: Run WriteHtmlCache Behavior [ RunTime:0.000012s ]
INFO: Run ShowRuntime Behavior [ RunTime:0.000079s ]
INFO: [ view_filter ] --END-- [ RunTime:-0.006620s ]
INFO: [ view_end ] --START--
INFO: Run ShowPageTrace Behavior [ RunTime:0.001284s ]
INFO: [ view_end ] --END-- [ RunTime:0.001426s ]

[ 2013-05-03T09:47:56+08:00 ] 192.168.96.19 /fan/Dining/index/p/book
INFO: [ route_check ] --START--
INFO: Run CheckRoute Behavior [ RunTime:0.000964s ]
INFO: [ route_check ] --END-- [ RunTime:0.001078s ]
INFO: [ app_begin ] --START--
INFO: Run ReadHtmlCache Behavior [ RunTime:0.000593s ]
INFO: [ app_begin ] --END-- [ RunTime:0.000668s ]
NOTIC: [8] Undefined index: page H:\xampp\htdocs\fan\Lib\Action\Home\DiningAction.class.php 第 17 行.
SQL: SHOW COLUMNS FROM `dining` [ RunTime:0.004933s ]
SQL: SELECT * FROM `dining` WHERE ( `time` IN ('1367510400','0') ) ORDER BY time desc LIMIT 0,20   [ RunTime:0.001526s ]
SQL: SELECT COUNT(*) AS tp_count FROM `dining` WHERE ( `time` IN ('1367510400','0') ) LIMIT 1   [ RunTime:0.000294s ]
INFO: [ view_template ] --START--
INFO: Run LocationTemplate Behavior [ RunTime:0.000692s ]
INFO: [ view_template ] --END-- [ RunTime:0.000753s ]
INFO: [ view_parse ] --START--
INFO: Run ParseTemplate Behavior [ RunTime:0.020114s ]
INFO: [ view_parse ] --END-- [ RunTime:0.020217s ]
INFO: [ view_filter ] --START--
INFO: Run ContentReplace Behavior [ RunTime:0.000457s ]
INFO: Run TokenBuild Behavior [ RunTime:0.000436s ]
INFO: Run WriteHtmlCache Behavior [ RunTime:0.000405s ]
INFO: Run ShowRuntime Behavior [ RunTime:0.000469s ]
INFO: [ view_filter ] --END-- [ RunTime:0.001963s ]
INFO: [ view_template ] --START--
INFO: Run LocationTemplate Behavior [ RunTime:0.000072s ]
INFO: [ view_template ] --END-- [ RunTime:-0.022360s ]
INFO: [ view_parse ] --START--
INFO: Run ParseTemplate Behavior [ RunTime:0.006706s ]
INFO: [ view_parse ] --END-- [ RunTime:-0.002260s ]
INFO: [ view_filter ] --START--
INFO: Run ContentReplace Behavior [ RunTime:0.000145s ]
INFO: Run TokenBuild Behavior [ RunTime:0.000081s ]
INFO: Run WriteHtmlCache Behavior [ RunTime:0.000012s ]
INFO: Run ShowRuntime Behavior [ RunTime:0.000144s ]
INFO: [ view_filter ] --END-- [ RunTime:-0.007113s ]
INFO: [ view_end ] --START--
INFO: Run ShowPageTrace Behavior [ RunTime:0.000863s ]
INFO: [ view_end ] --END-- [ RunTime:0.000936s ]

[ 2013-05-03T09:47:57+08:00 ] 192.168.96.19 /fan/Dining/loadPersonalData?start=1367078400&end=1370102400&_=1367545677336
INFO: [ route_check ] --START--
INFO: Run CheckRoute Behavior [ RunTime:0.000980s ]
INFO: [ route_check ] --END-- [ RunTime:0.001100s ]
INFO: [ app_begin ] --START--
INFO: Run ReadHtmlCache Behavior [ RunTime:0.000591s ]
INFO: [ app_begin ] --END-- [ RunTime:0.000658s ]
SQL: SHOW COLUMNS FROM `orders` [ RunTime:0.005935s ]
SQL: SELECT * FROM `orders` WHERE ( `user_id` = 1 ) AND ( `status` <> 0 ) AND ( (`ts` >= '1367078400') AND (`ts` < '1370102400')  )  [ RunTime:0.001454s ]
SQL: SHOW COLUMNS FROM `dining` [ RunTime:0.003817s ]
SQL: SELECT `id`,`name`,`price` FROM `dining` WHERE ( 1=1 AND id='81' ) LIMIT 1   [ RunTime:0.001999s ]
SQL: SELECT `id`,`name`,`price` FROM `dining` WHERE ( 1=1 AND id='92' ) LIMIT 1   [ RunTime:0.000528s ]
SQL: SELECT `id`,`name`,`price` FROM `dining` WHERE ( 1=1 AND id='95' ) LIMIT 1   [ RunTime:0.000491s ]
SQL: SHOW COLUMNS FROM `dining` [ RunTime:0.005088s ]
SQL: SELECT * FROM `dining` WHERE ( (`time` >= '1367078400') AND (`time` < '1370102400')  )  [ RunTime:0.001417s ]

[ 2013-05-03T09:47:59+08:00 ] 192.168.96.19 /fan/Dining/index/p/meal
INFO: [ route_check ] --START--
INFO: Run CheckRoute Behavior [ RunTime:0.000887s ]
INFO: [ route_check ] --END-- [ RunTime:0.001002s ]
INFO: [ app_begin ] --START--
INFO: Run ReadHtmlCache Behavior [ RunTime:0.000592s ]
INFO: [ app_begin ] --END-- [ RunTime:0.000671s ]
NOTIC: [8] Undefined index: page H:\xampp\htdocs\fan\Lib\Action\Home\DiningAction.class.php 第 17 行.
SQL: SHOW COLUMNS FROM `dining` [ RunTime:0.007151s ]
SQL: SELECT * FROM `dining` WHERE ( `time` IN ('1367510400','0') ) ORDER BY time desc LIMIT 0,20   [ RunTime:0.000677s ]
SQL: SELECT COUNT(*) AS tp_count FROM `dining` WHERE ( `time` IN ('1367510400','0') ) LIMIT 1   [ RunTime:0.004114s ]
INFO: [ view_template ] --START--
INFO: Run LocationTemplate Behavior [ RunTime:0.000917s ]
INFO: [ view_template ] --END-- [ RunTime:0.001003s ]
INFO: [ view_parse ] --START--
INFO: Run ParseTemplate Behavior [ RunTime:0.012679s ]
INFO: [ view_parse ] --END-- [ RunTime:0.012773s ]
INFO: [ view_filter ] --START--
INFO: Run ContentReplace Behavior [ RunTime:0.000651s ]
INFO: Run TokenBuild Behavior [ RunTime:0.000462s ]
INFO: Run WriteHtmlCache Behavior [ RunTime:0.000344s ]
INFO: Run ShowRuntime Behavior [ RunTime:0.000459s ]
INFO: [ view_filter ] --END-- [ RunTime:0.002140s ]
INFO: [ view_template ] --START--
INFO: Run LocationTemplate Behavior [ RunTime:0.000077s ]
INFO: [ view_template ] --END-- [ RunTime:-0.015167s ]
INFO: [ view_parse ] --START--
INFO: Run ParseTemplate Behavior [ RunTime:0.006752s ]
INFO: [ view_parse ] --END-- [ RunTime:-0.002507s ]
INFO: [ view_filter ] --START--
INFO: Run ContentReplace Behavior [ RunTime:0.000142s ]
INFO: Run TokenBuild Behavior [ RunTime:0.000134s ]
INFO: Run WriteHtmlCache Behavior [ RunTime:0.000013s ]
INFO: Run ShowRuntime Behavior [ RunTime:0.000087s ]
INFO: [ view_filter ] --END-- [ RunTime:-0.007146s ]
INFO: [ view_end ] --START--
INFO: Run ShowPageTrace Behavior [ RunTime:0.000718s ]
INFO: [ view_end ] --END-- [ RunTime:0.000780s ]

[ 2013-05-03T09:48:01+08:00 ] 192.168.96.19 /fan/Dining/index/p/book
INFO: [ route_check ] --START--
INFO: Run CheckRoute Behavior [ RunTime:0.000819s ]
INFO: [ route_check ] --END-- [ RunTime:0.000935s ]
INFO: [ app_begin ] --START--
INFO: Run ReadHtmlCache Behavior [ RunTime:0.000575s ]
INFO: [ app_begin ] --END-- [ RunTime:0.000647s ]
NOTIC: [8] Undefined index: page H:\xampp\htdocs\fan\Lib\Action\Home\DiningAction.class.php 第 17 行.
SQL: SHOW COLUMNS FROM `dining` [ RunTime:0.003993s ]
SQL: SELECT * FROM `dining` WHERE ( `time` IN ('1367510400','0') ) ORDER BY time desc LIMIT 0,20   [ RunTime:0.001175s ]
SQL: SELECT COUNT(*) AS tp_count FROM `dining` WHERE ( `time` IN ('1367510400','0') ) LIMIT 1   [ RunTime:0.000239s ]
INFO: [ view_template ] --START--
INFO: Run LocationTemplate Behavior [ RunTime:0.000572s ]
INFO: [ view_template ] --END-- [ RunTime:0.000632s ]
INFO: [ view_parse ] --START--
INFO: Run ParseTemplate Behavior [ RunTime:0.007195s ]
INFO: [ view_parse ] --END-- [ RunTime:0.007280s ]
INFO: [ view_filter ] --START--
INFO: Run ContentReplace Behavior [ RunTime:0.000406s ]
INFO: Run TokenBuild Behavior [ RunTime:0.000360s ]
INFO: Run WriteHtmlCache Behavior [ RunTime:0.000261s ]
INFO: Run ShowRuntime Behavior [ RunTime:0.000430s ]
INFO: [ view_filter ] --END-- [ RunTime:0.001611s ]
INFO: [ view_template ] --START--
INFO: Run LocationTemplate Behavior [ RunTime:0.000071s ]
INFO: [ view_template ] --END-- [ RunTime:-0.009064s ]
INFO: [ view_parse ] --START--
INFO: Run ParseTemplate Behavior [ RunTime:0.005884s ]
INFO: [ view_parse ] --END-- [ RunTime:-0.001901s ]
INFO: [ view_filter ] --START--
INFO: Run ContentReplace Behavior [ RunTime:0.000126s ]
INFO: Run TokenBuild Behavior [ RunTime:0.000056s ]
INFO: Run WriteHtmlCache Behavior [ RunTime:0.000011s ]
INFO: Run ShowRuntime Behavior [ RunTime:0.000079s ]
INFO: [ view_filter ] --END-- [ RunTime:-0.006260s ]
INFO: [ view_end ] --START--
INFO: Run ShowPageTrace Behavior [ RunTime:0.000608s ]
INFO: [ view_end ] --END-- [ RunTime:0.000663s ]

[ 2013-05-03T09:48:02+08:00 ] 192.168.96.19 /fan/Dining/loadPersonalData?start=1367078400&end=1370102400&_=1367545681974
INFO: [ route_check ] --START--
INFO: Run CheckRoute Behavior [ RunTime:0.000822s ]
INFO: [ route_check ] --END-- [ RunTime:0.000915s ]
INFO: [ app_begin ] --START--
INFO: Run ReadHtmlCache Behavior [ RunTime:0.000523s ]
INFO: [ app_begin ] --END-- [ RunTime:0.000576s ]
SQL: SHOW COLUMNS FROM `orders` [ RunTime:0.003537s ]
SQL: SELECT * FROM `orders` WHERE ( `user_id` = 1 ) AND ( `status` <> 0 ) AND ( (`ts` >= '1367078400') AND (`ts` < '1370102400')  )  [ RunTime:0.001800s ]
SQL: SHOW COLUMNS FROM `dining` [ RunTime:0.003708s ]
SQL: SELECT `id`,`name`,`price` FROM `dining` WHERE ( 1=1 AND id='81' ) LIMIT 1   [ RunTime:0.001529s ]
SQL: SELECT `id`,`name`,`price` FROM `dining` WHERE ( 1=1 AND id='92' ) LIMIT 1   [ RunTime:0.000524s ]
SQL: SELECT `id`,`name`,`price` FROM `dining` WHERE ( 1=1 AND id='95' ) LIMIT 1   [ RunTime:0.000246s ]
SQL: SHOW COLUMNS FROM `dining` [ RunTime:0.003462s ]
SQL: SELECT * FROM `dining` WHERE ( (`time` >= '1367078400') AND (`time` < '1370102400')  )  [ RunTime:0.001427s ]

[ 2013-05-03T09:48:05+08:00 ] 192.168.96.19 /fan/Dining/loadPersonalData?start=1369497600&end=1373126400&_=1367545685527
INFO: [ route_check ] --START--
INFO: Run CheckRoute Behavior [ RunTime:0.000790s ]
INFO: [ route_check ] --END-- [ RunTime:0.000871s ]
INFO: [ app_begin ] --START--
INFO: Run ReadHtmlCache Behavior [ RunTime:0.000515s ]
INFO: [ app_begin ] --END-- [ RunTime:0.000575s ]
SQL: SHOW COLUMNS FROM `orders` [ RunTime:0.003554s ]
SQL: SELECT * FROM `orders` WHERE ( `user_id` = 1 ) AND ( `status` <> 0 ) AND ( (`ts` >= '1369497600') AND (`ts` < '1373126400')  )  [ RunTime:0.001588s ]
SQL: SHOW COLUMNS FROM `dining` [ RunTime:0.003610s ]
SQL: SELECT * FROM `dining` WHERE ( (`time` >= '1369497600') AND (`time` < '1373126400')  )  [ RunTime:0.001350s ]
NOTIC: [2] Invalid argument supplied for foreach() H:\xampp\htdocs\fan\Lib\Action\Home\DiningAction.class.php 第 64 行.

[ 2013-05-03T09:48:06+08:00 ] 192.168.96.19 /fan/Dining/loadPersonalData?start=1367078400&end=1370102400&_=1367545686660
INFO: [ route_check ] --START--
INFO: Run CheckRoute Behavior [ RunTime:0.000919s ]
INFO: [ route_check ] --END-- [ RunTime:0.001031s ]
INFO: [ app_begin ] --START--
INFO: Run ReadHtmlCache Behavior [ RunTime:0.000595s ]
INFO: [ app_begin ] --END-- [ RunTime:0.000672s ]
SQL: SHOW COLUMNS FROM `orders` [ RunTime:0.003538s ]
SQL: SELECT * FROM `orders` WHERE ( `user_id` = 1 ) AND ( `status` <> 0 ) AND ( (`ts` >= '1367078400') AND (`ts` < '1370102400')  )  [ RunTime:0.001193s ]
SQL: SHOW COLUMNS FROM `dining` [ RunTime:0.003502s ]
SQL: SELECT `id`,`name`,`price` FROM `dining` WHERE ( 1=1 AND id='81' ) LIMIT 1   [ RunTime:0.001266s ]
SQL: SELECT `id`,`name`,`price` FROM `dining` WHERE ( 1=1 AND id='92' ) LIMIT 1   [ RunTime:0.000230s ]
SQL: SELECT `id`,`name`,`price` FROM `dining` WHERE ( 1=1 AND id='95' ) LIMIT 1   [ RunTime:0.000199s ]
SQL: SHOW COLUMNS FROM `dining` [ RunTime:0.003230s ]
SQL: SELECT * FROM `dining` WHERE ( (`time` >= '1367078400') AND (`time` < '1370102400')  )  [ RunTime:0.001421s ]

[ 2013-05-03T09:48:09+08:00 ] 192.168.96.19 /fan/Dining/loadPersonalData?start=1369497600&end=1373126400&_=1367545689479
INFO: [ route_check ] --START--
INFO: Run CheckRoute Behavior [ RunTime:0.000770s ]
INFO: [ route_check ] --END-- [ RunTime:0.000853s ]
INFO: [ app_begin ] --START--
INFO: Run ReadHtmlCache Behavior [ RunTime:0.000560s ]
INFO: [ app_begin ] --END-- [ RunTime:0.000620s ]
SQL: SHOW COLUMNS FROM `orders` [ RunTime:0.003750s ]
SQL: SELECT * FROM `orders` WHERE ( `user_id` = 1 ) AND ( `status` <> 0 ) AND ( (`ts` >= '1369497600') AND (`ts` < '1373126400')  )  [ RunTime:0.001170s ]
SQL: SHOW COLUMNS FROM `dining` [ RunTime:0.003870s ]
SQL: SELECT * FROM `dining` WHERE ( (`time` >= '1369497600') AND (`time` < '1373126400')  )  [ RunTime:0.001512s ]
NOTIC: [2] Invalid argument supplied for foreach() H:\xampp\htdocs\fan\Lib\Action\Home\DiningAction.class.php 第 64 行.

[ 2013-05-03T09:48:10+08:00 ] 192.168.96.19 /fan/Dining/loadPersonalData?start=1367078400&end=1370102400&_=1367545690295
INFO: [ route_check ] --START--
INFO: Run CheckRoute Behavior [ RunTime:0.000802s ]
INFO: [ route_check ] --END-- [ RunTime:0.000898s ]
INFO: [ app_begin ] --START--
INFO: Run ReadHtmlCache Behavior [ RunTime:0.000528s ]
INFO: [ app_begin ] --END-- [ RunTime:0.000581s ]
SQL: SHOW COLUMNS FROM `orders` [ RunTime:0.004136s ]
SQL: SELECT * FROM `orders` WHERE ( `user_id` = 1 ) AND ( `status` <> 0 ) AND ( (`ts` >= '1367078400') AND (`ts` < '1370102400')  )  [ RunTime:0.019198s ]
SQL: SHOW COLUMNS FROM `dining` [ RunTime:0.004163s ]
SQL: SELECT `id`,`name`,`price` FROM `dining` WHERE ( 1=1 AND id='81' ) LIMIT 1   [ RunTime:0.001232s ]
SQL: SELECT `id`,`name`,`price` FROM `dining` WHERE ( 1=1 AND id='92' ) LIMIT 1   [ RunTime:0.000483s ]
SQL: SELECT `id`,`name`,`price` FROM `dining` WHERE ( 1=1 AND id='95' ) LIMIT 1   [ RunTime:0.000294s ]
SQL: SHOW COLUMNS FROM `dining` [ RunTime:0.003430s ]
SQL: SELECT * FROM `dining` WHERE ( (`time` >= '1367078400') AND (`time` < '1370102400')  )  [ RunTime:0.001497s ]

[ 2013-05-03T09:48:12+08:00 ] 192.168.96.19 /fan/Dining/loadPersonalData?start=1369497600&end=1373126400&_=1367545692053
INFO: [ route_check ] --START--
INFO: Run CheckRoute Behavior [ RunTime:0.000864s ]
INFO: [ route_check ] --END-- [ RunTime:0.000954s ]
INFO: [ app_begin ] --START--
INFO: Run ReadHtmlCache Behavior [ RunTime:0.000513s ]
INFO: [ app_begin ] --END-- [ RunTime:0.000567s ]
SQL: SHOW COLUMNS FROM `orders` [ RunTime:0.003489s ]
SQL: SELECT * FROM `orders` WHERE ( `user_id` = 1 ) AND ( `status` <> 0 ) AND ( (`ts` >= '1369497600') AND (`ts` < '1373126400')  )  [ RunTime:0.001370s ]
SQL: SHOW COLUMNS FROM `dining` [ RunTime:0.003582s ]
SQL: SELECT * FROM `dining` WHERE ( (`time` >= '1369497600') AND (`time` < '1373126400')  )  [ RunTime:0.001693s ]
NOTIC: [2] Invalid argument supplied for foreach() H:\xampp\htdocs\fan\Lib\Action\Home\DiningAction.class.php 第 64 行.

[ 2013-05-03T09:48:12+08:00 ] 192.168.96.19 /fan/Dining/loadPersonalData?start=1372521600&end=1375545600&_=1367545692739
INFO: [ route_check ] --START--
INFO: Run CheckRoute Behavior [ RunTime:0.000805s ]
INFO: [ route_check ] --END-- [ RunTime:0.000903s ]
INFO: [ app_begin ] --START--
INFO: Run ReadHtmlCache Behavior [ RunTime:0.000541s ]
INFO: [ app_begin ] --END-- [ RunTime:0.000599s ]
SQL: SHOW COLUMNS FROM `orders` [ RunTime:0.003634s ]
SQL: SELECT * FROM `orders` WHERE ( `user_id` = 1 ) AND ( `status` <> 0 ) AND ( (`ts` >= '1372521600') AND (`ts` < '1375545600')  )  [ RunTime:0.001188s ]
SQL: SHOW COLUMNS FROM `dining` [ RunTime:0.003644s ]
SQL: SELECT * FROM `dining` WHERE ( (`time` >= '1372521600') AND (`time` < '1375545600')  )  [ RunTime:0.001412s ]
NOTIC: [2] Invalid argument supplied for foreach() H:\xampp\htdocs\fan\Lib\Action\Home\DiningAction.class.php 第 64 行.

[ 2013-05-03T09:48:13+08:00 ] 192.168.96.19 /fan/Dining/loadPersonalData?start=1369497600&end=1373126400&_=1367545693686
INFO: [ route_check ] --START--
INFO: Run CheckRoute Behavior [ RunTime:0.000881s ]
INFO: [ route_check ] --END-- [ RunTime:0.000986s ]
INFO: [ app_begin ] --START--
INFO: Run ReadHtmlCache Behavior [ RunTime:0.000541s ]
INFO: [ app_begin ] --END-- [ RunTime:0.000596s ]
SQL: SHOW COLUMNS FROM `orders` [ RunTime:0.003505s ]
SQL: SELECT * FROM `orders` WHERE ( `user_id` = 1 ) AND ( `status` <> 0 ) AND ( (`ts` >= '1369497600') AND (`ts` < '1373126400')  )  [ RunTime:0.001356s ]
SQL: SHOW COLUMNS FROM `dining` [ RunTime:0.004085s ]
SQL: SELECT * FROM `dining` WHERE ( (`time` >= '1369497600') AND (`time` < '1373126400')  )  [ RunTime:0.001537s ]
NOTIC: [2] Invalid argument supplied for foreach() H:\xampp\htdocs\fan\Lib\Action\Home\DiningAction.class.php 第 64 行.

[ 2013-05-03T09:48:13+08:00 ] 192.168.96.19 /fan/Dining/loadPersonalData?start=1367078400&end=1370102400&_=1367545693858
INFO: [ route_check ] --START--
INFO: Run CheckRoute Behavior [ RunTime:0.000867s ]
INFO: [ route_check ] --END-- [ RunTime:0.000967s ]
INFO: [ app_begin ] --START--
INFO: Run ReadHtmlCache Behavior [ RunTime:0.000530s ]
INFO: [ app_begin ] --END-- [ RunTime:0.000583s ]
SQL: SHOW COLUMNS FROM `orders` [ RunTime:0.003713s ]
SQL: SELECT * FROM `orders` WHERE ( `user_id` = 1 ) AND ( `status` <> 0 ) AND ( (`ts` >= '1367078400') AND (`ts` < '1370102400')  )  [ RunTime:0.001504s ]
SQL: SHOW COLUMNS FROM `dining` [ RunTime:0.003552s ]
SQL: SELECT `id`,`name`,`price` FROM `dining` WHERE ( 1=1 AND id='81' ) LIMIT 1   [ RunTime:0.001678s ]
SQL: SELECT `id`,`name`,`price` FROM `dining` WHERE ( 1=1 AND id='92' ) LIMIT 1   [ RunTime:0.000424s ]
SQL: SELECT `id`,`name`,`price` FROM `dining` WHERE ( 1=1 AND id='95' ) LIMIT 1   [ RunTime:0.000335s ]
SQL: SHOW COLUMNS FROM `dining` [ RunTime:0.004222s ]
SQL: SELECT * FROM `dining` WHERE ( (`time` >= '1367078400') AND (`time` < '1370102400')  )  [ RunTime:0.001657s ]

[ 2013-05-03T09:48:14+08:00 ] 192.168.96.19 /fan/Dining/loadPersonalData?start=1364659200&end=1367683200&_=1367545694043
INFO: [ route_check ] --START--
INFO: Run CheckRoute Behavior [ RunTime:0.000765s ]
INFO: [ route_check ] --END-- [ RunTime:0.000852s ]
INFO: [ app_begin ] --START--
INFO: Run ReadHtmlCache Behavior [ RunTime:0.000521s ]
INFO: [ app_begin ] --END-- [ RunTime:0.000575s ]
SQL: SHOW COLUMNS FROM `orders` [ RunTime:0.004296s ]
SQL: SELECT * FROM `orders` WHERE ( `user_id` = 1 ) AND ( `status` <> 0 ) AND ( (`ts` >= '1364659200') AND (`ts` < '1367683200')  )  [ RunTime:0.001350s ]
SQL: SHOW COLUMNS FROM `dining` [ RunTime:0.003374s ]
SQL: SELECT `id`,`name`,`price` FROM `dining` WHERE ( 1=1 AND id='51' ) LIMIT 1   [ RunTime:0.001223s ]
SQL: SELECT `id`,`name`,`price` FROM `dining` WHERE ( 1=1 AND id='50' ) LIMIT 1   [ RunTime:0.000308s ]
SQL: SELECT `id`,`name`,`price` FROM `dining` WHERE ( 1=1 AND id='57' ) LIMIT 1   [ RunTime:0.000261s ]
SQL: SELECT `id`,`name`,`price` FROM `dining` WHERE ( 1=1 AND id='58' ) LIMIT 1   [ RunTime:0.000221s ]
SQL: SELECT `id`,`name`,`price` FROM `dining` WHERE ( 1=1 AND id='61' ) LIMIT 1   [ RunTime:0.000231s ]
SQL: SELECT `id`,`name`,`price` FROM `dining` WHERE ( 1=1 AND id='63' ) LIMIT 1   [ RunTime:0.000218s ]
SQL: SELECT `id`,`name`,`price` FROM `dining` WHERE ( 1=1 AND id='65' ) LIMIT 1   [ RunTime:0.000190s ]
SQL: SELECT `id`,`name`,`price` FROM `dining` WHERE ( 1=1 AND id='66' ) LIMIT 1   [ RunTime:0.000182s ]
SQL: SELECT `id`,`name`,`price` FROM `dining` WHERE ( 1=1 AND id='69' ) LIMIT 1   [ RunTime:0.000225s ]
SQL: SELECT `id`,`name`,`price` FROM `dining` WHERE ( 1=1 AND id='71' ) LIMIT 1   [ RunTime:0.000204s ]
SQL: SELECT `id`,`name`,`price` FROM `dining` WHERE ( 1=1 AND id='72' ) LIMIT 1   [ RunTime:0.000193s ]
SQL: SELECT `id`,`name`,`price` FROM `dining` WHERE ( 1=1 AND id='75' ) LIMIT 1   [ RunTime:0.000186s ]
SQL: SELECT `id`,`name`,`price` FROM `dining` WHERE ( 1=1 AND id='76' ) LIMIT 1   [ RunTime:0.000199s ]
SQL: SELECT `id`,`name`,`price` FROM `dining` WHERE ( 1=1 AND id='83' ) LIMIT 1   [ RunTime:0.000186s ]
SQL: SELECT `id`,`name`,`price` FROM `dining` WHERE ( 1=1 AND id='88' ) LIMIT 1   [ RunTime:0.000188s ]
SQL: SELECT `id`,`name`,`price` FROM `dining` WHERE ( 1=1 AND id='89' ) LIMIT 1   [ RunTime:0.000511s ]
SQL: SELECT `id`,`name`,`price` FROM `dining` WHERE ( 1=1 AND id='91' ) LIMIT 1   [ RunTime:0.000413s ]
SQL: SELECT `id`,`name`,`price` FROM `dining` WHERE ( 1=1 AND id='81' ) LIMIT 1   [ RunTime:0.000350s ]
SQL: SELECT `id`,`name`,`price` FROM `dining` WHERE ( 1=1 AND id='92' ) LIMIT 1   [ RunTime:0.000272s ]
SQL: SELECT `id`,`name`,`price` FROM `dining` WHERE ( 1=1 AND id='95' ) LIMIT 1   [ RunTime:0.000233s ]
SQL: SHOW COLUMNS FROM `dining` [ RunTime:0.003422s ]
SQL: SELECT * FROM `dining` WHERE ( (`time` >= '1364659200') AND (`time` < '1367683200')  )  [ RunTime:0.001814s ]

[ 2013-05-03T09:48:15+08:00 ] 192.168.96.19 /fan/Dining/loadPersonalData?start=1367078400&end=1370102400&_=1367545694983
INFO: [ route_check ] --START--
INFO: Run CheckRoute Behavior [ RunTime:0.000842s ]
INFO: [ route_check ] --END-- [ RunTime:0.000944s ]
INFO: [ app_begin ] --START--
INFO: Run ReadHtmlCache Behavior [ RunTime:0.000730s ]
INFO: [ app_begin ] --END-- [ RunTime:0.000830s ]
SQL: SHOW COLUMNS FROM `orders` [ RunTime:0.003511s ]
SQL: SELECT * FROM `orders` WHERE ( `user_id` = 1 ) AND ( `status` <> 0 ) AND ( (`ts` >= '1367078400') AND (`ts` < '1370102400')  )  [ RunTime:0.001316s ]
SQL: SHOW COLUMNS FROM `dining` [ RunTime:0.003790s ]
SQL: SELECT `id`,`name`,`price` FROM `dining` WHERE ( 1=1 AND id='81' ) LIMIT 1   [ RunTime:0.001701s ]
SQL: SELECT `id`,`name`,`price` FROM `dining` WHERE ( 1=1 AND id='92' ) LIMIT 1   [ RunTime:0.000262s ]
SQL: SELECT `id`,`name`,`price` FROM `dining` WHERE ( 1=1 AND id='95' ) LIMIT 1   [ RunTime:0.000234s ]
SQL: SHOW COLUMNS FROM `dining` [ RunTime:0.003352s ]
SQL: SELECT * FROM `dining` WHERE ( (`time` >= '1367078400') AND (`time` < '1370102400')  )  [ RunTime:0.001374s ]

[ 2013-05-03T09:48:15+08:00 ] 192.168.96.19 /fan/Dining/loadPersonalData?start=1364659200&end=1367683200&_=1367545695791
INFO: [ route_check ] --START--
INFO: Run CheckRoute Behavior [ RunTime:0.000955s ]
INFO: [ route_check ] --END-- [ RunTime:0.001078s ]
INFO: [ app_begin ] --START--
INFO: Run ReadHtmlCache Behavior [ RunTime:0.000579s ]
INFO: [ app_begin ] --END-- [ RunTime:0.000643s ]
SQL: SHOW COLUMNS FROM `orders` [ RunTime:0.003854s ]
SQL: SELECT * FROM `orders` WHERE ( `user_id` = 1 ) AND ( `status` <> 0 ) AND ( (`ts` >= '1364659200') AND (`ts` < '1367683200')  )  [ RunTime:0.001185s ]
SQL: SHOW COLUMNS FROM `dining` [ RunTime:0.004022s ]
SQL: SELECT `id`,`name`,`price` FROM `dining` WHERE ( 1=1 AND id='51' ) LIMIT 1   [ RunTime:0.001277s ]
SQL: SELECT `id`,`name`,`price` FROM `dining` WHERE ( 1=1 AND id='50' ) LIMIT 1   [ RunTime:0.000238s ]
SQL: SELECT `id`,`name`,`price` FROM `dining` WHERE ( 1=1 AND id='57' ) LIMIT 1   [ RunTime:0.000197s ]
SQL: SELECT `id`,`name`,`price` FROM `dining` WHERE ( 1=1 AND id='58' ) LIMIT 1   [ RunTime:0.000253s ]
SQL: SELECT `id`,`name`,`price` FROM `dining` WHERE ( 1=1 AND id='61' ) LIMIT 1   [ RunTime:0.000216s ]
SQL: SELECT `id`,`name`,`price` FROM `dining` WHERE ( 1=1 AND id='63' ) LIMIT 1   [ RunTime:0.000245s ]
SQL: SELECT `id`,`name`,`price` FROM `dining` WHERE ( 1=1 AND id='65' ) LIMIT 1   [ RunTime:0.000348s ]
SQL: SELECT `id`,`name`,`price` FROM `dining` WHERE ( 1=1 AND id='66' ) LIMIT 1   [ RunTime:0.000324s ]
SQL: SELECT `id`,`name`,`price` FROM `dining` WHERE ( 1=1 AND id='69' ) LIMIT 1   [ RunTime:0.000266s ]
SQL: SELECT `id`,`name`,`price` FROM `dining` WHERE ( 1=1 AND id='71' ) LIMIT 1   [ RunTime:0.000204s ]
SQL: SELECT `id`,`name`,`price` FROM `dining` WHERE ( 1=1 AND id='72' ) LIMIT 1   [ RunTime:0.000183s ]
SQL: SELECT `id`,`name`,`price` FROM `dining` WHERE ( 1=1 AND id='75' ) LIMIT 1   [ RunTime:0.000504s ]
SQL: SELECT `id`,`name`,`price` FROM `dining` WHERE ( 1=1 AND id='76' ) LIMIT 1   [ RunTime:0.000284s ]
SQL: SELECT `id`,`name`,`price` FROM `dining` WHERE ( 1=1 AND id='83' ) LIMIT 1   [ RunTime:0.000370s ]
SQL: SELECT `id`,`name`,`price` FROM `dining` WHERE ( 1=1 AND id='88' ) LIMIT 1   [ RunTime:0.000459s ]
SQL: SELECT `id`,`name`,`price` FROM `dining` WHERE ( 1=1 AND id='89' ) LIMIT 1   [ RunTime:0.000317s ]
SQL: SELECT `id`,`name`,`price` FROM `dining` WHERE ( 1=1 AND id='91' ) LIMIT 1   [ RunTime:0.000254s ]
SQL: SELECT `id`,`name`,`price` FROM `dining` WHERE ( 1=1 AND id='81' ) LIMIT 1   [ RunTime:0.000235s ]
SQL: SELECT `id`,`name`,`price` FROM `dining` WHERE ( 1=1 AND id='92' ) LIMIT 1   [ RunTime:0.000237s ]
SQL: SELECT `id`,`name`,`price` FROM `dining` WHERE ( 1=1 AND id='95' ) LIMIT 1   [ RunTime:0.000192s ]
SQL: SHOW COLUMNS FROM `dining` [ RunTime:0.003601s ]
SQL: SELECT * FROM `dining` WHERE ( (`time` >= '1364659200') AND (`time` < '1367683200')  )  [ RunTime:0.001830s ]

[ 2013-05-03T09:48:16+08:00 ] 192.168.96.19 /fan/Dining/loadPersonalData?start=1367078400&end=1370102400&_=1367545696198
INFO: [ route_check ] --START--
INFO: Run CheckRoute Behavior [ RunTime:0.001049s ]
INFO: [ route_check ] --END-- [ RunTime:0.001164s ]
INFO: [ app_begin ] --START--
INFO: Run ReadHtmlCache Behavior [ RunTime:0.000540s ]
INFO: [ app_begin ] --END-- [ RunTime:0.000594s ]
SQL: SHOW COLUMNS FROM `orders` [ RunTime:0.004856s ]
SQL: SELECT * FROM `orders` WHERE ( `user_id` = 1 ) AND ( `status` <> 0 ) AND ( (`ts` >= '1367078400') AND (`ts` < '1370102400')  )  [ RunTime:0.001675s ]
SQL: SHOW COLUMNS FROM `dining` [ RunTime:0.003631s ]
SQL: SELECT `id`,`name`,`price` FROM `dining` WHERE ( 1=1 AND id='81' ) LIMIT 1   [ RunTime:0.001164s ]
SQL: SELECT `id`,`name`,`price` FROM `dining` WHERE ( 1=1 AND id='92' ) LIMIT 1   [ RunTime:0.000261s ]
SQL: SELECT `id`,`name`,`price` FROM `dining` WHERE ( 1=1 AND id='95' ) LIMIT 1   [ RunTime:0.000200s ]
SQL: SHOW COLUMNS FROM `dining` [ RunTime:0.003906s ]
SQL: SELECT * FROM `dining` WHERE ( (`time` >= '1367078400') AND (`time` < '1370102400')  )  [ RunTime:0.001344s ]

[ 2013-05-03T09:48:17+08:00 ] 192.168.96.19 /fan/
INFO: [ app_begin ] --START--
INFO: Run ReadHtmlCache Behavior [ RunTime:0.000555s ]
INFO: [ app_begin ] --END-- [ RunTime:0.000651s ]
INFO: [ view_template ] --START--
INFO: Run LocationTemplate Behavior [ RunTime:0.000419s ]
INFO: [ view_template ] --END-- [ RunTime:0.000495s ]
INFO: [ view_parse ] --START--
INFO: Run ParseTemplate Behavior [ RunTime:0.010506s ]
INFO: [ view_parse ] --END-- [ RunTime:0.010609s ]
INFO: [ view_filter ] --START--
INFO: Run ContentReplace Behavior [ RunTime:0.000565s ]
INFO: Run TokenBuild Behavior [ RunTime:0.000390s ]
INFO: Run WriteHtmlCache Behavior [ RunTime:0.000277s ]
INFO: Run ShowRuntime Behavior [ RunTime:0.000485s ]
INFO: [ view_filter ] --END-- [ RunTime:0.001895s ]
INFO: [ view_end ] --START--
INFO: Run ShowPageTrace Behavior [ RunTime:0.000609s ]
INFO: [ view_end ] --END-- [ RunTime:0.000667s ]

[ 2013-05-03T16:53:03+08:00 ] 192.168.98.17 /fan/
INFO: [ app_begin ] --START--
INFO: Run ReadHtmlCache Behavior [ RunTime:0.001085s ]
INFO: [ app_begin ] --END-- [ RunTime:0.001192s ]
NOTIC: [8] Undefined index: name H:\xampp\htdocs\fan\Lib\Action\Home\IndexAction.class.php 第 5 行.
INFO: [ view_template ] --START--
INFO: Run LocationTemplate Behavior [ RunTime:0.001037s ]
INFO: [ view_template ] --END-- [ RunTime:0.001104s ]
INFO: [ view_parse ] --START--
INFO: Run ParseTemplate Behavior [ RunTime:0.026122s ]
INFO: [ view_parse ] --END-- [ RunTime:0.026209s ]
INFO: [ view_filter ] --START--
INFO: Run ContentReplace Behavior [ RunTime:0.000814s ]
INFO: Run TokenBuild Behavior [ RunTime:0.000871s ]
INFO: Run WriteHtmlCache Behavior [ RunTime:0.000645s ]
INFO: Run ShowRuntime Behavior [ RunTime:0.000842s ]
INFO: [ view_filter ] --END-- [ RunTime:0.003369s ]
INFO: [ view_end ] --START--
INFO: Run ShowPageTrace Behavior [ RunTime:0.000990s ]
INFO: [ view_end ] --END-- [ RunTime:0.001052s ]

