[ 2013-03-30T09:04:37+08:00 ] 127.0.0.1 /fan/
INFO: [ app_begin ] --START--
INFO: Run ReadHtmlCache Behavior [ RunTime:0.001061s ]
INFO: [ app_begin ] --END-- [ RunTime:0.001146s ]
NOTIC: [8] Undefined index:  name D:\WorkStation\phpWebRoot\fan\Lib\Action\Home\IndexAction.class.php 第 5 行.
INFO: [ view_template ] --START--
INFO: Run LocationTemplate Behavior [ RunTime:0.001421s ]
INFO: [ view_template ] --END-- [ RunTime:0.001482s ]
INFO: [ view_parse ] --START--
INFO: Run ParseTemplate Behavior [ RunTime:0.045924s ]
INFO: [ view_parse ] --END-- [ RunTime:0.045990s ]
INFO: [ view_filter ] --START--
INFO: Run ContentReplace Behavior [ RunTime:0.000812s ]
INFO: Run TokenBuild Behavior [ RunTime:0.000808s ]
INFO: Run WriteHtmlCache Behavior [ RunTime:0.000782s ]
INFO: Run ShowRuntime Behavior [ RunTime:0.001031s ]
INFO: [ view_filter ] --END-- [ RunTime:0.003596s ]
INFO: [ view_end ] --START--
INFO: Run ShowPageTrace Behavior [ RunTime:0.001092s ]
INFO: [ view_end ] --END-- [ RunTime:0.001144s ]

[ 2013-03-30T09:04:41+08:00 ] 127.0.0.1 /fan/admin
INFO: [ route_check ] --START--
INFO: Run CheckRoute Behavior [ RunTime:0.001304s ]
INFO: [ route_check ] --END-- [ RunTime:0.001376s ]

[ 2013-03-30T09:04:44+08:00 ] 127.0.0.1 /fan/Admin/Goods/stores
INFO: [ route_check ] --START--
INFO: Run CheckRoute Behavior [ RunTime:0.000768s ]
INFO: [ route_check ] --END-- [ RunTime:0.000839s ]

[ 2013-03-30T09:05:00+08:00 ] 127.0.0.1 /fan/Admin/Goods/goods
INFO: [ route_check ] --START--
INFO: Run CheckRoute Behavior [ RunTime:0.000779s ]
INFO: [ route_check ] --END-- [ RunTime:0.000848s ]

[ 2013-03-30T09:05:01+08:00 ] 127.0.0.1 /fan/index.php/Admin/Charge/listChargesNeedConfirm
INFO: [ route_check ] --START--
INFO: Run CheckRoute Behavior [ RunTime:0.000747s ]
INFO: [ route_check ] --END-- [ RunTime:0.000817s ]

[ 2013-03-30T09:32:40+08:00 ] 127.0.0.1 /fan/Admin/Goods/goods
INFO: [ route_check ] --START--
INFO: Run CheckRoute Behavior [ RunTime:0.001333s ]
INFO: [ route_check ] --END-- [ RunTime:0.001411s ]

[ 2013-03-30T09:32:41+08:00 ] 127.0.0.1 /fan/index.php/Admin/Charge/listChargesNeedConfirm
INFO: [ route_check ] --START--
INFO: Run CheckRoute Behavior [ RunTime:0.000800s ]
INFO: [ route_check ] --END-- [ RunTime:0.000873s ]

[ 2013-03-30T09:33:05+08:00 ] 127.0.0.1 /fan/Admin/Goods/goods
INFO: [ route_check ] --START--
INFO: Run CheckRoute Behavior [ RunTime:0.000773s ]
INFO: [ route_check ] --END-- [ RunTime:0.000843s ]

[ 2013-03-30T09:33:06+08:00 ] ERR: (ThinkException) 参数错误或者未定义:storeId
[ 2013-03-30T09:33:06+08:00 ] 127.0.0.1 /fan/index.php/Admin/Goods/listGoods
INFO: [ route_check ] --START--
INFO: Run CheckRoute Behavior [ RunTime:0.000744s ]
INFO: [ route_check ] --END-- [ RunTime:0.000811s ]

[ 2013-03-30T09:33:37+08:00 ] 127.0.0.1 /fan/Admin/Goods/goods
INFO: [ route_check ] --START--
INFO: Run CheckRoute Behavior [ RunTime:0.000799s ]
INFO: [ route_check ] --END-- [ RunTime:0.000878s ]

[ 2013-03-30T09:33:37+08:00 ] ERR: (ThinkException) 参数错误或者未定义:storeId
[ 2013-03-30T09:33:37+08:00 ] 127.0.0.1 /fan/index.php/Admin/Goods/listGoods
INFO: [ route_check ] --START--
INFO: Run CheckRoute Behavior [ RunTime:0.000773s ]
INFO: [ route_check ] --END-- [ RunTime:0.000841s ]

