[ 2013-05-02T10:26:22+08:00 ] 192.168.96.19 /fan/
INFO: [ app_begin ] --START--
INFO: Run ReadHtmlCache Behavior [ RunTime:0.001673s ]
INFO: [ app_begin ] --END-- [ RunTime:0.001774s ]
INFO: [ view_template ] --START--
INFO: Run LocationTemplate Behavior [ RunTime:0.018164s ]
INFO: [ view_template ] --END-- [ RunTime:0.018265s ]
INFO: [ view_parse ] --START--
INFO: Run ParseTemplate Behavior [ RunTime:0.032002s ]
INFO: [ view_parse ] --END-- [ RunTime:0.032113s ]
INFO: [ view_filter ] --START--
INFO: Run ContentReplace Behavior [ RunTime:0.000801s ]
INFO: Run TokenBuild Behavior [ RunTime:0.001136s ]
INFO: Run WriteHtmlCache Behavior [ RunTime:0.000596s ]
INFO: Run ShowRuntime Behavior [ RunTime:0.000777s ]
INFO: [ view_filter ] --END-- [ RunTime:0.003496s ]
INFO: [ view_end ] --START--
INFO: Run ShowPageTrace Behavior [ RunTime:0.000972s ]
INFO: [ view_end ] --END-- [ RunTime:0.001029s ]

[ 2013-05-02T10:26:40+08:00 ] 192.168.96.19 /fan/Dining/index
INFO: [ route_check ] --START--
INFO: Run CheckRoute Behavior [ RunTime:0.019558s ]
INFO: [ route_check ] --END-- [ RunTime:0.019681s ]
INFO: [ app_begin ] --START--
INFO: Run ReadHtmlCache Behavior [ RunTime:0.000728s ]
INFO: [ app_begin ] --END-- [ RunTime:0.000810s ]
NOTIC: [8] Undefined index: page H:\xampp\htdocs\fan\Lib\Action\Home\DiningAction.class.php 第 17 行.
SQL: SHOW COLUMNS FROM `dining` [ RunTime:0.004375s ]
SQL: SELECT * FROM `dining` WHERE ( `time` IN ('1367424000','0') ) ORDER BY time desc LIMIT 0,20   [ RunTime:0.001713s ]
SQL: SELECT COUNT(*) AS tp_count FROM `dining` WHERE ( `time` IN ('1367424000','0') ) LIMIT 1   [ RunTime:0.000401s ]
INFO: [ view_template ] --START--
INFO: Run LocationTemplate Behavior [ RunTime:0.030325s ]
INFO: [ view_template ] --END-- [ RunTime:0.030422s ]
INFO: [ view_parse ] --START--
INFO: Run ParseTemplate Behavior [ RunTime:0.038990s ]
INFO: [ view_parse ] --END-- [ RunTime:0.039090s ]
INFO: [ view_filter ] --START--
INFO: Run ContentReplace Behavior [ RunTime:0.000518s ]
INFO: Run TokenBuild Behavior [ RunTime:0.000466s ]
INFO: Run WriteHtmlCache Behavior [ RunTime:0.000364s ]
INFO: Run ShowRuntime Behavior [ RunTime:0.000541s ]
INFO: [ view_filter ] --END-- [ RunTime:0.002052s ]
INFO: [ view_template ] --START--
INFO: Run LocationTemplate Behavior [ RunTime:0.000213s ]
INFO: [ view_template ] --END-- [ RunTime:-0.041328s ]
INFO: [ view_parse ] --START--
INFO: Run ParseTemplate Behavior [ RunTime:0.006825s ]
INFO: [ view_parse ] --END-- [ RunTime:-0.002502s ]
INFO: [ view_filter ] --START--
INFO: Run ContentReplace Behavior [ RunTime:0.000132s ]
INFO: Run TokenBuild Behavior [ RunTime:0.000050s ]
INFO: Run WriteHtmlCache Behavior [ RunTime:0.000011s ]
INFO: Run ShowRuntime Behavior [ RunTime:0.000079s ]
INFO: [ view_filter ] --END-- [ RunTime:-0.007361s ]
INFO: [ view_end ] --START--
INFO: Run ShowPageTrace Behavior [ RunTime:0.000777s ]
INFO: [ view_end ] --END-- [ RunTime:0.000833s ]

[ 2013-05-02T10:26:56+08:00 ] 192.168.96.19 /fan/
INFO: [ app_begin ] --START--
INFO: Run ReadHtmlCache Behavior [ RunTime:0.000573s ]
INFO: [ app_begin ] --END-- [ RunTime:0.000665s ]
INFO: [ view_template ] --START--
INFO: Run LocationTemplate Behavior [ RunTime:0.000574s ]
INFO: [ view_template ] --END-- [ RunTime:0.000646s ]
INFO: [ view_parse ] --START--
INFO: Run ParseTemplate Behavior [ RunTime:0.011498s ]
INFO: [ view_parse ] --END-- [ RunTime:0.011605s ]
INFO: [ view_filter ] --START--
INFO: Run ContentReplace Behavior [ RunTime:0.000525s ]
INFO: Run TokenBuild Behavior [ RunTime:0.000370s ]
INFO: Run WriteHtmlCache Behavior [ RunTime:0.000275s ]
INFO: Run ShowRuntime Behavior [ RunTime:0.000445s ]
INFO: [ view_filter ] --END-- [ RunTime:0.001781s ]
INFO: [ view_end ] --START--
INFO: Run ShowPageTrace Behavior [ RunTime:0.000889s ]
INFO: [ view_end ] --END-- [ RunTime:0.000969s ]

[ 2013-05-02T10:26:59+08:00 ] 192.168.96.19 /fan/Login/logout
INFO: [ route_check ] --START--
INFO: Run CheckRoute Behavior [ RunTime:0.000848s ]
INFO: [ route_check ] --END-- [ RunTime:0.000960s ]
INFO: [ app_begin ] --START--
INFO: Run ReadHtmlCache Behavior [ RunTime:0.000592s ]
INFO: [ app_begin ] --END-- [ RunTime:0.000656s ]

[ 2013-05-02T10:27:00+08:00 ] 192.168.96.19 /fan/
INFO: [ app_begin ] --START--
INFO: Run ReadHtmlCache Behavior [ RunTime:0.000610s ]
INFO: [ app_begin ] --END-- [ RunTime:0.000711s ]
NOTIC: [8] Undefined index: name H:\xampp\htdocs\fan\Lib\Action\Home\IndexAction.class.php 第 5 行.
INFO: [ view_template ] --START--
INFO: Run LocationTemplate Behavior [ RunTime:0.000452s ]
INFO: [ view_template ] --END-- [ RunTime:0.000523s ]
INFO: [ view_parse ] --START--
INFO: Run ParseTemplate Behavior [ RunTime:0.010777s ]
INFO: [ view_parse ] --END-- [ RunTime:0.010915s ]
INFO: [ view_filter ] --START--
INFO: Run ContentReplace Behavior [ RunTime:0.000782s ]
INFO: Run TokenBuild Behavior [ RunTime:0.000691s ]
INFO: Run WriteHtmlCache Behavior [ RunTime:0.000323s ]
INFO: Run ShowRuntime Behavior [ RunTime:0.000487s ]
INFO: [ view_filter ] --END-- [ RunTime:0.002569s ]
INFO: [ view_end ] --START--
INFO: Run ShowPageTrace Behavior [ RunTime:0.000879s ]
INFO: [ view_end ] --END-- [ RunTime:0.000944s ]

[ 2013-05-02T10:27:02+08:00 ] 192.168.96.19 /fan/index.php/Index/toLogin/p/Index-index
INFO: [ route_check ] --START--
INFO: Run CheckRoute Behavior [ RunTime:0.000766s ]
INFO: [ route_check ] --END-- [ RunTime:0.000843s ]
INFO: [ app_begin ] --START--
INFO: Run ReadHtmlCache Behavior [ RunTime:0.000574s ]
INFO: [ app_begin ] --END-- [ RunTime:0.000641s ]
NOTIC: [8] Undefined index: name H:\xampp\htdocs\fan\Lib\Action\Home\IndexAction.class.php 第 44 行.
INFO: [ view_template ] --START--
INFO: Run LocationTemplate Behavior [ RunTime:0.000684s ]
INFO: [ view_template ] --END-- [ RunTime:0.000757s ]
INFO: [ view_parse ] --START--
INFO: Run ParseTemplate Behavior [ RunTime:0.034071s ]
INFO: [ view_parse ] --END-- [ RunTime:0.034164s ]
INFO: [ view_filter ] --START--
INFO: Run ContentReplace Behavior [ RunTime:0.000400s ]
INFO: Run TokenBuild Behavior [ RunTime:0.000360s ]
INFO: Run WriteHtmlCache Behavior [ RunTime:0.000248s ]
INFO: Run ShowRuntime Behavior [ RunTime:0.000447s ]
INFO: [ view_filter ] --END-- [ RunTime:0.001606s ]
INFO: [ view_end ] --START--
INFO: Run ShowPageTrace Behavior [ RunTime:0.000705s ]
INFO: [ view_end ] --END-- [ RunTime:0.000767s ]

[ 2013-05-02T10:27:16+08:00 ] 192.168.96.19 /fan/index.php/Login/login/p/Index-index
INFO: [ route_check ] --START--
INFO: Run CheckRoute Behavior [ RunTime:0.000914s ]
INFO: [ route_check ] --END-- [ RunTime:0.001019s ]
INFO: [ app_begin ] --START--
INFO: Run ReadHtmlCache Behavior [ RunTime:0.000675s ]
INFO: [ app_begin ] --END-- [ RunTime:0.000759s ]
SQL: SHOW COLUMNS FROM `user` [ RunTime:0.004671s ]
SQL: SELECT * FROM `user` WHERE ( `name` = 'qianduo' )  [ RunTime:0.001470s ]

[ 2013-05-02T10:27:25+08:00 ] 192.168.96.19 /fan/index.php/Login/login/p/Index-index
INFO: [ route_check ] --START--
INFO: Run CheckRoute Behavior [ RunTime:0.000804s ]
INFO: [ route_check ] --END-- [ RunTime:0.000898s ]
INFO: [ app_begin ] --START--
INFO: Run ReadHtmlCache Behavior [ RunTime:0.000553s ]
INFO: [ app_begin ] --END-- [ RunTime:0.000625s ]
SQL: SHOW COLUMNS FROM `user` [ RunTime:0.004111s ]
SQL: SELECT * FROM `user` WHERE ( `name` = 'jay' )  [ RunTime:0.001358s ]

[ 2013-05-02T10:27:33+08:00 ] 192.168.96.19 /fan/index.php/Login/login/p/Index-index
INFO: [ route_check ] --START--
INFO: Run CheckRoute Behavior [ RunTime:0.001023s ]
INFO: [ route_check ] --END-- [ RunTime:0.001198s ]
INFO: [ app_begin ] --START--
INFO: Run ReadHtmlCache Behavior [ RunTime:0.000978s ]
INFO: [ app_begin ] --END-- [ RunTime:0.001130s ]
SQL: SHOW COLUMNS FROM `user` [ RunTime:0.004908s ]
SQL: SELECT * FROM `user` WHERE ( `name` = 'qianduo' )  [ RunTime:0.001273s ]
NOTIC: [8192] Function split() is deprecated H:\xampp\htdocs\fan\Lib\Action\Home\LoginAction.class.php 第 31 行.

[ 2013-05-02T10:27:33+08:00 ] 192.168.96.19 /fan/index.php/Index/index
INFO: [ route_check ] --START--
INFO: Run CheckRoute Behavior [ RunTime:0.000777s ]
INFO: [ route_check ] --END-- [ RunTime:0.000869s ]
INFO: [ app_begin ] --START--
INFO: Run ReadHtmlCache Behavior [ RunTime:0.000822s ]
INFO: [ app_begin ] --END-- [ RunTime:0.000925s ]
INFO: [ view_template ] --START--
INFO: Run LocationTemplate Behavior [ RunTime:0.000396s ]
INFO: [ view_template ] --END-- [ RunTime:0.000472s ]
INFO: [ view_parse ] --START--
INFO: Run ParseTemplate Behavior [ RunTime:0.011235s ]
INFO: [ view_parse ] --END-- [ RunTime:0.011334s ]
INFO: [ view_filter ] --START--
INFO: Run ContentReplace Behavior [ RunTime:0.000432s ]
INFO: Run TokenBuild Behavior [ RunTime:0.000374s ]
INFO: Run WriteHtmlCache Behavior [ RunTime:0.000246s ]
INFO: Run ShowRuntime Behavior [ RunTime:0.000440s ]
INFO: [ view_filter ] --END-- [ RunTime:0.001654s ]
INFO: [ view_end ] --START--
INFO: Run ShowPageTrace Behavior [ RunTime:0.000693s ]
INFO: [ view_end ] --END-- [ RunTime:0.000748s ]

[ 2013-05-02T10:27:40+08:00 ] 192.168.96.19 /fan/Dining/index
INFO: [ route_check ] --START--
INFO: Run CheckRoute Behavior [ RunTime:0.000815s ]
INFO: [ route_check ] --END-- [ RunTime:0.000909s ]
INFO: [ app_begin ] --START--
INFO: Run ReadHtmlCache Behavior [ RunTime:0.000646s ]
INFO: [ app_begin ] --END-- [ RunTime:0.000732s ]
NOTIC: [8] Undefined index: page H:\xampp\htdocs\fan\Lib\Action\Home\DiningAction.class.php 第 17 行.
SQL: SHOW COLUMNS FROM `dining` [ RunTime:0.003774s ]
SQL: SELECT * FROM `dining` WHERE ( `time` IN ('1367424000','0') ) ORDER BY time desc LIMIT 0,20   [ RunTime:0.001456s ]
SQL: SELECT COUNT(*) AS tp_count FROM `dining` WHERE ( `time` IN ('1367424000','0') ) LIMIT 1   [ RunTime:0.000495s ]
INFO: [ view_template ] --START--
INFO: Run LocationTemplate Behavior [ RunTime:0.000562s ]
INFO: [ view_template ] --END-- [ RunTime:0.000629s ]
INFO: [ view_parse ] --START--
INFO: Run ParseTemplate Behavior [ RunTime:0.010029s ]
INFO: [ view_parse ] --END-- [ RunTime:0.010115s ]
INFO: [ view_filter ] --START--
INFO: Run ContentReplace Behavior [ RunTime:0.000358s ]
INFO: Run TokenBuild Behavior [ RunTime:0.000360s ]
INFO: Run WriteHtmlCache Behavior [ RunTime:0.000251s ]
INFO: Run ShowRuntime Behavior [ RunTime:0.000421s ]
INFO: [ view_filter ] --END-- [ RunTime:0.001543s ]
INFO: [ view_template ] --START--
INFO: Run LocationTemplate Behavior [ RunTime:0.000082s ]
INFO: [ view_template ] --END-- [ RunTime:-0.011839s ]
INFO: [ view_parse ] --START--
INFO: Run ParseTemplate Behavior [ RunTime:0.005519s ]
INFO: [ view_parse ] --END-- [ RunTime:-0.001846s ]
INFO: [ view_filter ] --START--
INFO: Run ContentReplace Behavior [ RunTime:0.000130s ]
INFO: Run TokenBuild Behavior [ RunTime:0.000094s ]
INFO: Run WriteHtmlCache Behavior [ RunTime:0.000012s ]
INFO: Run ShowRuntime Behavior [ RunTime:0.000080s ]
INFO: [ view_filter ] --END-- [ RunTime:-0.005896s ]
INFO: [ view_end ] --START--
INFO: Run ShowPageTrace Behavior [ RunTime:0.000834s ]
INFO: [ view_end ] --END-- [ RunTime:0.000926s ]

[ 2013-05-02T15:24:50+08:00 ] 192.168.96.19 /fan/admin/
INFO: [ route_check ] --START--
INFO: Run CheckRoute Behavior [ RunTime:0.001547s ]
INFO: [ route_check ] --END-- [ RunTime:0.001639s ]

[ 2013-05-02T15:24:54+08:00 ] 192.168.96.19 /fan/Admin/User/users
INFO: [ route_check ] --START--
INFO: Run CheckRoute Behavior [ RunTime:0.000765s ]
INFO: [ route_check ] --END-- [ RunTime:0.000848s ]

[ 2013-05-02T15:24:55+08:00 ] 192.168.96.19 /fan/index.php/Admin/User/listUsers?start=0&limit=20
INFO: [ route_check ] --START--
INFO: Run CheckRoute Behavior [ RunTime:0.000831s ]
INFO: [ route_check ] --END-- [ RunTime:0.000917s ]

[ 2013-05-02T15:24:55+08:00 ] 192.168.96.19 /fan/index.php/Admin/User/allCount
INFO: [ route_check ] --START--
INFO: Run CheckRoute Behavior [ RunTime:0.001076s ]
INFO: [ route_check ] --END-- [ RunTime:0.001164s ]

[ 2013-05-02T15:24:55+08:00 ] 192.168.96.19 /fan/index.php/Admin/User/allCount
INFO: [ route_check ] --START--
INFO: Run CheckRoute Behavior [ RunTime:0.000774s ]
INFO: [ route_check ] --END-- [ RunTime:0.000848s ]

[ 2013-05-02T15:24:55+08:00 ] 192.168.96.19 /fan/index.php/Admin/User/allCount
INFO: [ route_check ] --START--
INFO: Run CheckRoute Behavior [ RunTime:0.000929s ]
INFO: [ route_check ] --END-- [ RunTime:0.001179s ]

[ 2013-05-02T15:24:55+08:00 ] 192.168.96.19 /fan/Admin/Charge/index
INFO: [ route_check ] --START--
INFO: Run CheckRoute Behavior [ RunTime:0.000772s ]
INFO: [ route_check ] --END-- [ RunTime:0.000853s ]

[ 2013-05-02T15:24:56+08:00 ] 192.168.96.19 /fan/index.php/Admin/Charge/listChargesNeedConfirm
INFO: [ route_check ] --START--
INFO: Run CheckRoute Behavior [ RunTime:0.000771s ]
INFO: [ route_check ] --END-- [ RunTime:0.000847s ]

[ 2013-05-02T15:24:58+08:00 ] 192.168.96.19 /fan/Admin/Charge/chargeRecord
INFO: [ route_check ] --START--
INFO: Run CheckRoute Behavior [ RunTime:0.000821s ]
INFO: [ route_check ] --END-- [ RunTime:0.000917s ]

[ 2013-05-02T15:24:59+08:00 ] 192.168.96.19 /fan/index.php/Admin/Charge/pageCharges?start=0&limit=20
INFO: [ route_check ] --START--
INFO: Run CheckRoute Behavior [ RunTime:0.000958s ]
INFO: [ route_check ] --END-- [ RunTime:0.001054s ]

[ 2013-05-02T15:24:59+08:00 ] 192.168.96.19 /fan/index.php/Admin/Charge/allChargesCount
INFO: [ route_check ] --START--
INFO: Run CheckRoute Behavior [ RunTime:0.000845s ]
INFO: [ route_check ] --END-- [ RunTime:0.000929s ]

[ 2013-05-02T15:25:02+08:00 ] 192.168.96.19 /fan/Admin/Goods/stores
INFO: [ route_check ] --START--
INFO: Run CheckRoute Behavior [ RunTime:0.000783s ]
INFO: [ route_check ] --END-- [ RunTime:0.000866s ]

[ 2013-05-02T15:25:03+08:00 ] 192.168.96.19 /fan/index.php/Admin/Goods/allStoreCount
INFO: [ route_check ] --START--
INFO: Run CheckRoute Behavior [ RunTime:0.000835s ]
INFO: [ route_check ] --END-- [ RunTime:0.000917s ]
ERR: Table 'test.store' doesn't exist
 [ SQL语句 ] : SHOW COLUMNS FROM `store`
ERR: Table 'test.store' doesn't exist
 [ SQL语句 ] : SELECT COUNT(*) AS tp_count FROM `store` LIMIT 1  

[ 2013-05-02T15:25:03+08:00 ] 192.168.96.19 /fan/index.php/Admin/Goods/listStores
INFO: [ route_check ] --START--
INFO: Run CheckRoute Behavior [ RunTime:0.000786s ]
INFO: [ route_check ] --END-- [ RunTime:0.000862s ]
ERR: Table 'test.store' doesn't exist
 [ SQL语句 ] : SHOW COLUMNS FROM `store`
ERR: Table 'test.store' doesn't exist
 [ SQL语句 ] : SELECT * FROM `store` WHERE ( `active` IN ('0','1') ) LIMIT 0,20  

[ 2013-05-02T15:25:05+08:00 ] 192.168.96.19 /fan/Admin/Goods/goods
INFO: [ route_check ] --START--
INFO: Run CheckRoute Behavior [ RunTime:0.000771s ]
INFO: [ route_check ] --END-- [ RunTime:0.000855s ]

[ 2013-05-02T15:25:06+08:00 ] 192.168.96.19 /fan/index.php/Admin/Goods/listGoods
INFO: [ route_check ] --START--
INFO: Run CheckRoute Behavior [ RunTime:0.000917s ]
INFO: [ route_check ] --END-- [ RunTime:0.001011s ]

[ 2013-05-02T15:25:06+08:00 ] 192.168.96.19 /fan/index.php/Admin/Goods/allCount
INFO: [ route_check ] --START--
INFO: Run CheckRoute Behavior [ RunTime:0.000921s ]
INFO: [ route_check ] --END-- [ RunTime:0.001017s ]

