[ 2013-03-29T22:08:58+08:00 ] 127.0.0.1 /fan/
INFO: [ app_begin ] --START--
INFO: Run ReadHtmlCache Behavior [ RunTime:0.001576s ]
INFO: [ app_begin ] --END-- [ RunTime:0.001664s ]
NOTIC: [8] Undefined index:  name D:\WorkStation\phpWebRoot\fan\Lib\Action\Home\IndexAction.class.php 第 5 行.
INFO: [ view_template ] --START--
INFO: Run LocationTemplate Behavior [ RunTime:0.050861s ]
INFO: [ view_template ] --END-- [ RunTime:0.050939s ]
INFO: [ view_parse ] --START--
INFO: Run ParseTemplate Behavior [ RunTime:0.062840s ]
INFO: [ view_parse ] --END-- [ RunTime:0.062912s ]
INFO: [ view_filter ] --START--
INFO: Run ContentReplace Behavior [ RunTime:0.000894s ]
INFO: Run TokenBuild Behavior [ RunTime:0.000814s ]
INFO: Run WriteHtmlCache Behavior [ RunTime:0.000746s ]
INFO: Run ShowRuntime Behavior [ RunTime:0.000886s ]
INFO: [ view_filter ] --END-- [ RunTime:0.003482s ]
INFO: [ view_end ] --START--
INFO: Run ShowPageTrace Behavior [ RunTime:0.001237s ]
INFO: [ view_end ] --END-- [ RunTime:0.001290s ]

[ 2013-03-29T22:09:04+08:00 ] 127.0.0.1 /fan/Takeout/index
INFO: [ route_check ] --START--
INFO: Run CheckRoute Behavior [ RunTime:0.001320s ]
INFO: [ route_check ] --END-- [ RunTime:0.001394s ]
INFO: [ app_begin ] --START--
INFO: Run ReadHtmlCache Behavior [ RunTime:0.001118s ]
INFO: [ app_begin ] --END-- [ RunTime:0.001175s ]
INFO: [ view_template ] --START--
INFO: Run LocationTemplate Behavior [ RunTime:0.001360s ]
INFO: [ view_template ] --END-- [ RunTime:0.001422s ]
INFO: [ view_parse ] --START--
NOTIC: [8] Undefined variable: userName D:\WorkStation\phpWebRoot\fan\Runtime\Cache\Home\aae86b6ecab888f22ff3ee151770c0db.php 第 44 行.
INFO: Run ParseTemplate Behavior [ RunTime:0.019497s ]
INFO: [ view_parse ] --END-- [ RunTime:0.019555s ]
INFO: [ view_filter ] --START--
INFO: Run ContentReplace Behavior [ RunTime:0.001044s ]
INFO: Run TokenBuild Behavior [ RunTime:0.000910s ]
INFO: Run WriteHtmlCache Behavior [ RunTime:0.000768s ]
INFO: Run ShowRuntime Behavior [ RunTime:0.000905s ]
INFO: [ view_filter ] --END-- [ RunTime:0.003778s ]
INFO: [ view_end ] --START--
INFO: Run ShowPageTrace Behavior [ RunTime:0.000990s ]
INFO: [ view_end ] --END-- [ RunTime:0.001040s ]

[ 2013-03-29T22:10:19+08:00 ] 127.0.0.1 /fan/admin
INFO: [ route_check ] --START--
INFO: Run CheckRoute Behavior [ RunTime:0.000791s ]
INFO: [ route_check ] --END-- [ RunTime:0.000862s ]

[ 2013-03-29T22:18:07+08:00 ] 127.0.0.1 /fan/admin
INFO: [ route_check ] --START--
INFO: Run CheckRoute Behavior [ RunTime:0.001236s ]
INFO: [ route_check ] --END-- [ RunTime:0.001307s ]

[ 2013-03-29T22:18:38+08:00 ] 127.0.0.1 /fan/admin
INFO: [ route_check ] --START--
INFO: Run CheckRoute Behavior [ RunTime:0.001318s ]
INFO: [ route_check ] --END-- [ RunTime:0.001394s ]

[ 2013-03-29T22:18:44+08:00 ] 127.0.0.1 /fan/admin
INFO: [ route_check ] --START--
INFO: Run CheckRoute Behavior [ RunTime:0.001408s ]
INFO: [ route_check ] --END-- [ RunTime:0.001527s ]

[ 2013-03-29T22:19:02+08:00 ] 127.0.0.1 /fan/admin
INFO: [ route_check ] --START--
INFO: Run CheckRoute Behavior [ RunTime:0.001274s ]
INFO: [ route_check ] --END-- [ RunTime:0.001346s ]

[ 2013-03-29T22:19:04+08:00 ] ERR: (ThinkException) 非法操作:stores
[ 2013-03-29T22:19:04+08:00 ] 127.0.0.1 /fan/Admin/Goods/stores
INFO: [ route_check ] --START--
INFO: Run CheckRoute Behavior [ RunTime:0.001230s ]
INFO: [ route_check ] --END-- [ RunTime:0.001335s ]

[ 2013-03-29T22:21:22+08:00 ] 127.0.0.1 /fan/admin
INFO: [ route_check ] --START--
INFO: Run CheckRoute Behavior [ RunTime:0.002015s ]
INFO: [ route_check ] --END-- [ RunTime:0.002118s ]

[ 2013-03-29T22:21:35+08:00 ] 127.0.0.1 /fan/admin
INFO: [ route_check ] --START--
INFO: Run CheckRoute Behavior [ RunTime:0.000911s ]
INFO: [ route_check ] --END-- [ RunTime:0.001414s ]

[ 2013-03-29T22:21:38+08:00 ] 127.0.0.1 /fan/Admin/Goods/goods
INFO: [ route_check ] --START--
INFO: Run CheckRoute Behavior [ RunTime:0.001123s ]
INFO: [ route_check ] --END-- [ RunTime:0.001217s ]

[ 2013-03-29T22:23:58+08:00 ] ERR: (ThinkException) 模板不存在[D:/WorkStation/phpWebRoot/fan/Tpl/Admin/Goods/stores.html]
[ 2013-03-29T22:23:58+08:00 ] 127.0.0.1 /fan/Admin/Goods/stores
INFO: [ route_check ] --START--
INFO: Run CheckRoute Behavior [ RunTime:0.001215s ]
INFO: [ route_check ] --END-- [ RunTime:0.001284s ]

[ 2013-03-29T22:24:00+08:00 ] 127.0.0.1 /fan/Admin/Goods/goods
INFO: [ route_check ] --START--
INFO: Run CheckRoute Behavior [ RunTime:0.000779s ]
INFO: [ route_check ] --END-- [ RunTime:0.000850s ]

[ 2013-03-29T22:24:03+08:00 ] 127.0.0.1 /fan/Admin/Goods/goods
INFO: [ route_check ] --START--
INFO: Run CheckRoute Behavior [ RunTime:0.001294s ]
INFO: [ route_check ] --END-- [ RunTime:0.001489s ]

[ 2013-03-29T22:25:06+08:00 ] 127.0.0.1 /fan/Admin/Goods/goods
INFO: [ route_check ] --START--
INFO: Run CheckRoute Behavior [ RunTime:0.000904s ]
INFO: [ route_check ] --END-- [ RunTime:0.000980s ]

[ 2013-03-29T22:25:33+08:00 ] ERR: (ThinkException) 模板不存在[D:/WorkStation/phpWebRoot/fan/Tpl/Admin/Goods/stores.html]
[ 2013-03-29T22:25:33+08:00 ] 127.0.0.1 /fan/Admin/Goods/stores
INFO: [ route_check ] --START--
INFO: Run CheckRoute Behavior [ RunTime:0.000796s ]
INFO: [ route_check ] --END-- [ RunTime:0.000872s ]

[ 2013-03-29T22:26:04+08:00 ] 127.0.0.1 /fan/Admin/Goods/stores
INFO: [ route_check ] --START--
INFO: Run CheckRoute Behavior [ RunTime:0.001363s ]
INFO: [ route_check ] --END-- [ RunTime:0.001437s ]

[ 2013-03-29T22:26:20+08:00 ] 127.0.0.1 /fan/Admin/Goods/goods
INFO: [ route_check ] --START--
INFO: Run CheckRoute Behavior [ RunTime:0.002275s ]
INFO: [ route_check ] --END-- [ RunTime:0.002397s ]

[ 2013-03-29T22:26:27+08:00 ] 127.0.0.1 /fan/Admin/User/users
INFO: [ route_check ] --START--
INFO: Run CheckRoute Behavior [ RunTime:0.000778s ]
INFO: [ route_check ] --END-- [ RunTime:0.000845s ]

[ 2013-03-29T22:26:29+08:00 ] 127.0.0.1 /fan/index.php/Admin/User/listUsers?start=0&limit=20
INFO: [ route_check ] --START--
INFO: Run CheckRoute Behavior [ RunTime:0.000767s ]
INFO: [ route_check ] --END-- [ RunTime:0.000834s ]

[ 2013-03-29T22:26:29+08:00 ] 127.0.0.1 /fan/index.php/Admin/User/allCount
INFO: [ route_check ] --START--
INFO: Run CheckRoute Behavior [ RunTime:0.000832s ]
INFO: [ route_check ] --END-- [ RunTime:0.000893s ]

[ 2013-03-29T22:26:29+08:00 ] 127.0.0.1 /fan/Admin/Charge/index
INFO: [ route_check ] --START--
INFO: Run CheckRoute Behavior [ RunTime:0.001188s ]
INFO: [ route_check ] --END-- [ RunTime:0.001252s ]

[ 2013-03-29T22:26:29+08:00 ] 127.0.0.1 /fan/index.php/Admin/Charge/listChargesNeedConfirm
INFO: [ route_check ] --START--
INFO: Run CheckRoute Behavior [ RunTime:0.000772s ]
INFO: [ route_check ] --END-- [ RunTime:0.000839s ]

[ 2013-03-29T22:26:29+08:00 ] 127.0.0.1 /fan/Admin/Charge/chargeRecord
INFO: [ route_check ] --START--
INFO: Run CheckRoute Behavior [ RunTime:0.000976s ]
INFO: [ route_check ] --END-- [ RunTime:0.001057s ]

[ 2013-03-29T22:26:30+08:00 ] 127.0.0.1 /fan/index.php/Admin/Charge/pageCharges?start=0&limit=20
INFO: [ route_check ] --START--
INFO: Run CheckRoute Behavior [ RunTime:0.000744s ]
INFO: [ route_check ] --END-- [ RunTime:0.000808s ]

[ 2013-03-29T22:26:30+08:00 ] 127.0.0.1 /fan/index.php/Admin/Charge/allChargesCount
INFO: [ route_check ] --START--
INFO: Run CheckRoute Behavior [ RunTime:0.000804s ]
INFO: [ route_check ] --END-- [ RunTime:0.000863s ]

[ 2013-03-29T22:26:31+08:00 ] 127.0.0.1 /fan/Admin/Charge/index
INFO: [ route_check ] --START--
INFO: Run CheckRoute Behavior [ RunTime:0.000767s ]
INFO: [ route_check ] --END-- [ RunTime:0.000832s ]

[ 2013-03-29T22:26:31+08:00 ] 127.0.0.1 /fan/index.php/Admin/Charge/listChargesNeedConfirm
INFO: [ route_check ] --START--
INFO: Run CheckRoute Behavior [ RunTime:0.000746s ]
INFO: [ route_check ] --END-- [ RunTime:0.000809s ]

[ 2013-03-29T22:26:32+08:00 ] 127.0.0.1 /fan/Admin/User/users
INFO: [ route_check ] --START--
INFO: Run CheckRoute Behavior [ RunTime:0.000837s ]
INFO: [ route_check ] --END-- [ RunTime:0.000903s ]

[ 2013-03-29T22:26:32+08:00 ] 127.0.0.1 /fan/index.php/Admin/User/listUsers?start=0&limit=20
INFO: [ route_check ] --START--
INFO: Run CheckRoute Behavior [ RunTime:0.000767s ]
INFO: [ route_check ] --END-- [ RunTime:0.000831s ]

[ 2013-03-29T22:26:32+08:00 ] 127.0.0.1 /fan/index.php/Admin/User/allCount
INFO: [ route_check ] --START--
INFO: Run CheckRoute Behavior [ RunTime:0.000762s ]
INFO: [ route_check ] --END-- [ RunTime:0.000819s ]

[ 2013-03-29T22:26:32+08:00 ] 127.0.0.1 /fan/index.php/Admin/User/allCount
INFO: [ route_check ] --START--
INFO: Run CheckRoute Behavior [ RunTime:0.000758s ]
INFO: [ route_check ] --END-- [ RunTime:0.000820s ]

[ 2013-03-29T22:26:32+08:00 ] 127.0.0.1 /fan/index.php/Admin/User/allCount
INFO: [ route_check ] --START--
INFO: Run CheckRoute Behavior [ RunTime:0.000761s ]
INFO: [ route_check ] --END-- [ RunTime:0.000823s ]

[ 2013-03-29T22:26:32+08:00 ] 127.0.0.1 /fan/Admin/Charge/chargeRecord
INFO: [ route_check ] --START--
INFO: Run CheckRoute Behavior [ RunTime:0.000741s ]
INFO: [ route_check ] --END-- [ RunTime:0.000801s ]

[ 2013-03-29T22:26:33+08:00 ] 127.0.0.1 /fan/index.php/Admin/Charge/pageCharges?start=0&limit=20
INFO: [ route_check ] --START--
INFO: Run CheckRoute Behavior [ RunTime:0.000814s ]
INFO: [ route_check ] --END-- [ RunTime:0.000885s ]

[ 2013-03-29T22:26:33+08:00 ] 127.0.0.1 /fan/index.php/Admin/Charge/allChargesCount
INFO: [ route_check ] --START--
INFO: Run CheckRoute Behavior [ RunTime:0.000838s ]
INFO: [ route_check ] --END-- [ RunTime:0.000902s ]

[ 2013-03-29T22:26:33+08:00 ] 127.0.0.1 /fan/Admin
INFO: [ route_check ] --START--
INFO: Run CheckRoute Behavior [ RunTime:0.000748s ]
INFO: [ route_check ] --END-- [ RunTime:0.000812s ]

[ 2013-03-29T22:26:35+08:00 ] 127.0.0.1 /fan/Admin/Goods/goods
INFO: [ route_check ] --START--
INFO: Run CheckRoute Behavior [ RunTime:0.001063s ]
INFO: [ route_check ] --END-- [ RunTime:0.001152s ]

[ 2013-03-29T22:26:37+08:00 ] 127.0.0.1 /fan/Admin/Goods/stores
INFO: [ route_check ] --START--
INFO: Run CheckRoute Behavior [ RunTime:0.000779s ]
INFO: [ route_check ] --END-- [ RunTime:0.000846s ]

[ 2013-03-29T22:26:39+08:00 ] 127.0.0.1 /fan/Admin/Goods/goods
INFO: [ route_check ] --START--
INFO: Run CheckRoute Behavior [ RunTime:0.000793s ]
INFO: [ route_check ] --END-- [ RunTime:0.000864s ]

[ 2013-03-29T22:27:40+08:00 ] 127.0.0.1 /fan/Admin/Goods/goods
INFO: [ route_check ] --START--
INFO: Run CheckRoute Behavior [ RunTime:0.001432s ]
INFO: [ route_check ] --END-- [ RunTime:0.001551s ]

[ 2013-03-29T22:27:42+08:00 ] 127.0.0.1 /fan/Admin/User/users
INFO: [ route_check ] --START--
INFO: Run CheckRoute Behavior [ RunTime:0.001457s ]
INFO: [ route_check ] --END-- [ RunTime:0.001575s ]

[ 2013-03-29T22:27:43+08:00 ] 127.0.0.1 /fan/index.php/Admin/User/listUsers?start=0&limit=20
INFO: [ route_check ] --START--
INFO: Run CheckRoute Behavior [ RunTime:0.000764s ]
INFO: [ route_check ] --END-- [ RunTime:0.000826s ]

[ 2013-03-29T22:27:43+08:00 ] 127.0.0.1 /fan/index.php/Admin/User/allCount
INFO: [ route_check ] --START--
INFO: Run CheckRoute Behavior [ RunTime:0.001225s ]
INFO: [ route_check ] --END-- [ RunTime:0.001283s ]

[ 2013-03-29T22:27:43+08:00 ] 127.0.0.1 /fan/index.php/Admin/User/allCount
INFO: [ route_check ] --START--
INFO: Run CheckRoute Behavior [ RunTime:0.000801s ]
INFO: [ route_check ] --END-- [ RunTime:0.000877s ]

[ 2013-03-29T22:27:43+08:00 ] 127.0.0.1 /fan/index.php/Admin/User/allCount
INFO: [ route_check ] --START--
INFO: Run CheckRoute Behavior [ RunTime:0.000760s ]
INFO: [ route_check ] --END-- [ RunTime:0.000821s ]

[ 2013-03-29T22:27:46+08:00 ] 127.0.0.1 /fan/Admin/Goods/goods
INFO: [ route_check ] --START--
INFO: Run CheckRoute Behavior [ RunTime:0.000795s ]
INFO: [ route_check ] --END-- [ RunTime:0.000867s ]

[ 2013-03-29T22:27:52+08:00 ] 127.0.0.1 /fan/index.php/Admin/
INFO: [ route_check ] --START--
INFO: Run CheckRoute Behavior [ RunTime:0.000760s ]
INFO: [ route_check ] --END-- [ RunTime:0.000825s ]

[ 2013-03-29T22:27:52+08:00 ] ERR: (ThinkException) 无法加载模块:public
[ 2013-03-29T22:27:55+08:00 ] 127.0.0.1 /fan/Admin/Goods/goods
INFO: [ route_check ] --START--
INFO: Run CheckRoute Behavior [ RunTime:0.001397s ]
INFO: [ route_check ] --END-- [ RunTime:0.001510s ]

[ 2013-03-29T22:31:05+08:00 ] 127.0.0.1 /fan/Admin/Goods/goods
INFO: [ route_check ] --START--
INFO: Run CheckRoute Behavior [ RunTime:0.001244s ]
INFO: [ route_check ] --END-- [ RunTime:0.001312s ]

[ 2013-03-29T22:33:26+08:00 ] 127.0.0.1 /fan/Admin/Goods/goods
INFO: [ route_check ] --START--
INFO: Run CheckRoute Behavior [ RunTime:0.001306s ]
INFO: [ route_check ] --END-- [ RunTime:0.001379s ]

[ 2013-03-29T22:35:54+08:00 ] 127.0.0.1 /fan/Admin/Goods/goods
INFO: [ route_check ] --START--
INFO: Run CheckRoute Behavior [ RunTime:0.001284s ]
INFO: [ route_check ] --END-- [ RunTime:0.001352s ]

[ 2013-03-29T22:36:01+08:00 ] 127.0.0.1 /fan/Admin/Goods/goods
INFO: [ route_check ] --START--
INFO: Run CheckRoute Behavior [ RunTime:0.001468s ]
INFO: [ route_check ] --END-- [ RunTime:0.001593s ]

[ 2013-03-29T22:36:57+08:00 ] 127.0.0.1 /fan/Admin/Goods/goods
INFO: [ route_check ] --START--
INFO: Run CheckRoute Behavior [ RunTime:0.001238s ]
INFO: [ route_check ] --END-- [ RunTime:0.001307s ]

[ 2013-03-29T22:37:08+08:00 ] 127.0.0.1 /fan/Admin/Goods/goods
INFO: [ route_check ] --START--
INFO: Run CheckRoute Behavior [ RunTime:0.001657s ]
INFO: [ route_check ] --END-- [ RunTime:0.001745s ]

[ 2013-03-29T22:37:16+08:00 ] 127.0.0.1 /fan/Admin/Goods/goods
INFO: [ route_check ] --START--
INFO: Run CheckRoute Behavior [ RunTime:0.002012s ]
INFO: [ route_check ] --END-- [ RunTime:0.002115s ]

[ 2013-03-29T22:38:03+08:00 ] 127.0.0.1 /fan/Admin/Goods/goods
INFO: [ route_check ] --START--
INFO: Run CheckRoute Behavior [ RunTime:0.001345s ]
INFO: [ route_check ] --END-- [ RunTime:0.001419s ]

[ 2013-03-29T22:38:41+08:00 ] 127.0.0.1 /fan/Admin/Goods/goods
INFO: [ route_check ] --START--
INFO: Run CheckRoute Behavior [ RunTime:0.000748s ]
INFO: [ route_check ] --END-- [ RunTime:0.000814s ]

[ 2013-03-29T22:38:56+08:00 ] 127.0.0.1 /fan/Admin/Goods/goods
INFO: [ route_check ] --START--
INFO: Run CheckRoute Behavior [ RunTime:0.000784s ]
INFO: [ route_check ] --END-- [ RunTime:0.000853s ]

[ 2013-03-29T22:39:17+08:00 ] 127.0.0.1 /fan/Admin/Goods/goods
INFO: [ route_check ] --START--
INFO: Run CheckRoute Behavior [ RunTime:0.001319s ]
INFO: [ route_check ] --END-- [ RunTime:0.001394s ]

[ 2013-03-29T22:39:23+08:00 ] 127.0.0.1 /fan/Admin/Goods/goods
INFO: [ route_check ] --START--
INFO: Run CheckRoute Behavior [ RunTime:0.001248s ]
INFO: [ route_check ] --END-- [ RunTime:0.001327s ]

[ 2013-03-29T22:40:23+08:00 ] 127.0.0.1 /fan/Admin/Goods/goods
INFO: [ route_check ] --START--
INFO: Run CheckRoute Behavior [ RunTime:0.000763s ]
INFO: [ route_check ] --END-- [ RunTime:0.000834s ]

[ 2013-03-29T22:41:00+08:00 ] 127.0.0.1 /fan/Admin/Goods/goods
INFO: [ route_check ] --START--
INFO: Run CheckRoute Behavior [ RunTime:0.001315s ]
INFO: [ route_check ] --END-- [ RunTime:0.001384s ]

[ 2013-03-29T22:45:19+08:00 ] 127.0.0.1 /fan/Admin/Goods/goods
INFO: [ route_check ] --START--
INFO: Run CheckRoute Behavior [ RunTime:0.001362s ]
INFO: [ route_check ] --END-- [ RunTime:0.001434s ]

[ 2013-03-29T22:45:37+08:00 ] 127.0.0.1 /fan/Admin/Goods/goods
INFO: [ route_check ] --START--
INFO: Run CheckRoute Behavior [ RunTime:0.001441s ]
INFO: [ route_check ] --END-- [ RunTime:0.001523s ]

[ 2013-03-29T22:46:12+08:00 ] 127.0.0.1 /fan/Admin/Goods/goods
INFO: [ route_check ] --START--
INFO: Run CheckRoute Behavior [ RunTime:0.001208s ]
INFO: [ route_check ] --END-- [ RunTime:0.001279s ]

[ 2013-03-29T22:47:53+08:00 ] 127.0.0.1 /fan/Admin/Goods/goods
INFO: [ route_check ] --START--
INFO: Run CheckRoute Behavior [ RunTime:0.001375s ]
INFO: [ route_check ] --END-- [ RunTime:0.001457s ]

[ 2013-03-29T22:47:54+08:00 ] 127.0.0.1 /fan/Admin/Goods/goods
INFO: [ route_check ] --START--
INFO: Run CheckRoute Behavior [ RunTime:0.001404s ]
INFO: [ route_check ] --END-- [ RunTime:0.001519s ]

[ 2013-03-29T22:48:03+08:00 ] 127.0.0.1 /fan/Admin/Goods/goods
INFO: [ route_check ] --START--
INFO: Run CheckRoute Behavior [ RunTime:0.001200s ]
INFO: [ route_check ] --END-- [ RunTime:0.001266s ]

[ 2013-03-29T22:48:15+08:00 ] 127.0.0.1 /fan/Admin/Goods/goods
INFO: [ route_check ] --START--
INFO: Run CheckRoute Behavior [ RunTime:0.001318s ]
INFO: [ route_check ] --END-- [ RunTime:0.001386s ]

[ 2013-03-29T22:48:23+08:00 ] 127.0.0.1 /fan/Admin/Goods/goods
INFO: [ route_check ] --START--
INFO: Run CheckRoute Behavior [ RunTime:0.001036s ]
INFO: [ route_check ] --END-- [ RunTime:0.001124s ]

[ 2013-03-29T22:48:54+08:00 ] 127.0.0.1 /fan/Admin/Goods/goods
INFO: [ route_check ] --START--
INFO: Run CheckRoute Behavior [ RunTime:0.001165s ]
INFO: [ route_check ] --END-- [ RunTime:0.001262s ]

[ 2013-03-29T22:49:08+08:00 ] 127.0.0.1 /fan/Admin/Goods/goods
INFO: [ route_check ] --START--
INFO: Run CheckRoute Behavior [ RunTime:0.000764s ]
INFO: [ route_check ] --END-- [ RunTime:0.000840s ]

[ 2013-03-29T22:49:16+08:00 ] 127.0.0.1 /fan/Admin/Goods/goods
INFO: [ route_check ] --START--
INFO: Run CheckRoute Behavior [ RunTime:0.001412s ]
INFO: [ route_check ] --END-- [ RunTime:0.001531s ]

[ 2013-03-29T22:49:43+08:00 ] 127.0.0.1 /fan/Admin/Goods/goods
INFO: [ route_check ] --START--
INFO: Run CheckRoute Behavior [ RunTime:0.001132s ]
INFO: [ route_check ] --END-- [ RunTime:0.001226s ]

[ 2013-03-29T22:50:00+08:00 ] 127.0.0.1 /fan/Admin/Goods/goods
INFO: [ route_check ] --START--
INFO: Run CheckRoute Behavior [ RunTime:0.000784s ]
INFO: [ route_check ] --END-- [ RunTime:0.000854s ]

[ 2013-03-29T22:50:13+08:00 ] 127.0.0.1 /fan/Admin/Goods/goods
INFO: [ route_check ] --START--
INFO: Run CheckRoute Behavior [ RunTime:0.000804s ]
INFO: [ route_check ] --END-- [ RunTime:0.000875s ]

[ 2013-03-29T22:50:22+08:00 ] 127.0.0.1 /fan/Admin/Goods/goods
INFO: [ route_check ] --START--
INFO: Run CheckRoute Behavior [ RunTime:0.001211s ]
INFO: [ route_check ] --END-- [ RunTime:0.001281s ]

[ 2013-03-29T22:50:41+08:00 ] 127.0.0.1 /fan/Admin/Goods/goods
INFO: [ route_check ] --START--
INFO: Run CheckRoute Behavior [ RunTime:0.001244s ]
INFO: [ route_check ] --END-- [ RunTime:0.001314s ]

[ 2013-03-29T22:51:01+08:00 ] 127.0.0.1 /fan/Admin/Goods/goods
INFO: [ route_check ] --START--
INFO: Run CheckRoute Behavior [ RunTime:0.001315s ]
INFO: [ route_check ] --END-- [ RunTime:0.001384s ]

[ 2013-03-29T22:51:46+08:00 ] 127.0.0.1 /fan/Admin/Goods/goods
INFO: [ route_check ] --START--
INFO: Run CheckRoute Behavior [ RunTime:0.000780s ]
INFO: [ route_check ] --END-- [ RunTime:0.000846s ]

[ 2013-03-29T22:53:54+08:00 ] 127.0.0.1 /fan/Admin/Goods/goods
INFO: [ route_check ] --START--
INFO: Run CheckRoute Behavior [ RunTime:0.001874s ]
INFO: [ route_check ] --END-- [ RunTime:0.001973s ]

[ 2013-03-29T22:53:59+08:00 ] 127.0.0.1 /fan/Admin/Goods/goods
INFO: [ route_check ] --START--
INFO: Run CheckRoute Behavior [ RunTime:0.001399s ]
INFO: [ route_check ] --END-- [ RunTime:0.001513s ]

[ 2013-03-29T22:55:32+08:00 ] 127.0.0.1 /fan/Admin/Goods/goods
INFO: [ route_check ] --START--
INFO: Run CheckRoute Behavior [ RunTime:0.001266s ]
INFO: [ route_check ] --END-- [ RunTime:0.001338s ]

[ 2013-03-29T22:56:38+08:00 ] 127.0.0.1 /fan/Admin/Goods/goods
INFO: [ route_check ] --START--
INFO: Run CheckRoute Behavior [ RunTime:0.002118s ]
INFO: [ route_check ] --END-- [ RunTime:0.002222s ]

[ 2013-03-29T22:57:00+08:00 ] 127.0.0.1 /fan/Admin/Goods/goods
INFO: [ route_check ] --START--
INFO: Run CheckRoute Behavior [ RunTime:0.000893s ]
INFO: [ route_check ] --END-- [ RunTime:0.000963s ]

[ 2013-03-29T22:57:02+08:00 ] 127.0.0.1 /fan/Admin/Goods/goods
INFO: [ route_check ] --START--
INFO: Run CheckRoute Behavior [ RunTime:0.001441s ]
INFO: [ route_check ] --END-- [ RunTime:0.001564s ]

[ 2013-03-29T22:57:09+08:00 ] 127.0.0.1 /fan/Admin/Goods/goods
INFO: [ route_check ] --START--
INFO: Run CheckRoute Behavior [ RunTime:0.001299s ]
INFO: [ route_check ] --END-- [ RunTime:0.001369s ]

[ 2013-03-29T22:58:21+08:00 ] 127.0.0.1 /fan/Admin/Goods/goods
INFO: [ route_check ] --START--
INFO: Run CheckRoute Behavior [ RunTime:0.001326s ]
INFO: [ route_check ] --END-- [ RunTime:0.001401s ]

[ 2013-03-29T22:58:22+08:00 ] 127.0.0.1 /fan/Admin/Goods/goods
INFO: [ route_check ] --START--
INFO: Run CheckRoute Behavior [ RunTime:0.001398s ]
INFO: [ route_check ] --END-- [ RunTime:0.001510s ]

[ 2013-03-29T22:58:33+08:00 ] 127.0.0.1 /fan/Admin/Goods/goods
INFO: [ route_check ] --START--
INFO: Run CheckRoute Behavior [ RunTime:0.000748s ]
INFO: [ route_check ] --END-- [ RunTime:0.000813s ]

[ 2013-03-29T22:59:28+08:00 ] 127.0.0.1 /fan/Admin/Goods/goods
INFO: [ route_check ] --START--
INFO: Run CheckRoute Behavior [ RunTime:0.001253s ]
INFO: [ route_check ] --END-- [ RunTime:0.001325s ]

[ 2013-03-29T22:59:37+08:00 ] 127.0.0.1 /fan/Admin/Goods/goods
INFO: [ route_check ] --START--
INFO: Run CheckRoute Behavior [ RunTime:0.000839s ]
INFO: [ route_check ] --END-- [ RunTime:0.000911s ]

[ 2013-03-29T22:59:38+08:00 ] 127.0.0.1 /fan/Admin/Goods/goods
INFO: [ route_check ] --START--
INFO: Run CheckRoute Behavior [ RunTime:0.001400s ]
INFO: [ route_check ] --END-- [ RunTime:0.001515s ]

[ 2013-03-29T22:59:45+08:00 ] 127.0.0.1 /fan/Admin/Goods/goods
INFO: [ route_check ] --START--
INFO: Run CheckRoute Behavior [ RunTime:0.002249s ]
INFO: [ route_check ] --END-- [ RunTime:0.002369s ]

[ 2013-03-29T23:00:14+08:00 ] 127.0.0.1 /fan/Admin/Goods/goods
INFO: [ route_check ] --START--
INFO: Run CheckRoute Behavior [ RunTime:0.000857s ]
INFO: [ route_check ] --END-- [ RunTime:0.000927s ]

[ 2013-03-29T23:00:48+08:00 ] 127.0.0.1 /fan/Admin/Goods/goods
INFO: [ route_check ] --START--
INFO: Run CheckRoute Behavior [ RunTime:0.000785s ]
INFO: [ route_check ] --END-- [ RunTime:0.000856s ]

[ 2013-03-29T23:02:52+08:00 ] 127.0.0.1 /fan/Admin/Goods/goods
INFO: [ route_check ] --START--
INFO: Run CheckRoute Behavior [ RunTime:0.001339s ]
INFO: [ route_check ] --END-- [ RunTime:0.001412s ]

[ 2013-03-29T23:03:31+08:00 ] 127.0.0.1 /fan/Admin/Goods/goods
INFO: [ route_check ] --START--
INFO: Run CheckRoute Behavior [ RunTime:0.000759s ]
INFO: [ route_check ] --END-- [ RunTime:0.000828s ]

[ 2013-03-29T23:04:09+08:00 ] 127.0.0.1 /fan/Admin/Goods/goods
INFO: [ route_check ] --START--
INFO: Run CheckRoute Behavior [ RunTime:0.001249s ]
INFO: [ route_check ] --END-- [ RunTime:0.001341s ]

[ 2013-03-29T23:04:31+08:00 ] 127.0.0.1 /fan/Admin/Goods/goods
INFO: [ route_check ] --START--
INFO: Run CheckRoute Behavior [ RunTime:0.000943s ]
INFO: [ route_check ] --END-- [ RunTime:0.001021s ]

[ 2013-03-29T23:04:37+08:00 ] 127.0.0.1 /fan/Admin/Goods/goods
INFO: [ route_check ] --START--
INFO: Run CheckRoute Behavior [ RunTime:0.001042s ]
INFO: [ route_check ] --END-- [ RunTime:0.001127s ]

[ 2013-03-29T23:04:59+08:00 ] 127.0.0.1 /fan/Admin/Goods/goods
INFO: [ route_check ] --START--
INFO: Run CheckRoute Behavior [ RunTime:0.001416s ]
INFO: [ route_check ] --END-- [ RunTime:0.001533s ]

[ 2013-03-29T23:08:28+08:00 ] 127.0.0.1 /fan/Admin/Goods/goods
INFO: [ route_check ] --START--
INFO: Run CheckRoute Behavior [ RunTime:0.002251s ]
INFO: [ route_check ] --END-- [ RunTime:0.002370s ]

[ 2013-03-29T23:09:04+08:00 ] 127.0.0.1 /fan/Admin/User/users
INFO: [ route_check ] --START--
INFO: Run CheckRoute Behavior [ RunTime:0.001243s ]
INFO: [ route_check ] --END-- [ RunTime:0.001314s ]

[ 2013-03-29T23:09:05+08:00 ] 127.0.0.1 /fan/index.php/Admin/User/listUsers?start=0&limit=20
INFO: [ route_check ] --START--
INFO: Run CheckRoute Behavior [ RunTime:0.000920s ]
INFO: [ route_check ] --END-- [ RunTime:0.000984s ]

[ 2013-03-29T23:09:05+08:00 ] 127.0.0.1 /fan/index.php/Admin/User/allCount
INFO: [ route_check ] --START--
INFO: Run CheckRoute Behavior [ RunTime:0.000817s ]
INFO: [ route_check ] --END-- [ RunTime:0.000879s ]

[ 2013-03-29T23:09:05+08:00 ] 127.0.0.1 /fan/index.php/Admin/User/allCount
INFO: [ route_check ] --START--
INFO: Run CheckRoute Behavior [ RunTime:0.000845s ]
INFO: [ route_check ] --END-- [ RunTime:0.000911s ]

[ 2013-03-29T23:09:05+08:00 ] 127.0.0.1 /fan/index.php/Admin/User/allCount
INFO: [ route_check ] --START--
INFO: Run CheckRoute Behavior [ RunTime:0.000740s ]
INFO: [ route_check ] --END-- [ RunTime:0.000801s ]

[ 2013-03-29T23:09:07+08:00 ] 127.0.0.1 /fan/index.php/Admin/User/listUsers?start=1&limit=20
INFO: [ route_check ] --START--
INFO: Run CheckRoute Behavior [ RunTime:0.000767s ]
INFO: [ route_check ] --END-- [ RunTime:0.000830s ]

[ 2013-03-29T23:09:08+08:00 ] 127.0.0.1 /fan/index.php/Admin/User/listUsers?start=2&limit=20
INFO: [ route_check ] --START--
INFO: Run CheckRoute Behavior [ RunTime:0.001121s ]
INFO: [ route_check ] --END-- [ RunTime:0.001217s ]

[ 2013-03-29T23:09:09+08:00 ] 127.0.0.1 /fan/index.php/Admin/User/listUsers?start=3&limit=20
INFO: [ route_check ] --START--
INFO: Run CheckRoute Behavior [ RunTime:0.000787s ]
INFO: [ route_check ] --END-- [ RunTime:0.000854s ]

[ 2013-03-29T23:09:09+08:00 ] 127.0.0.1 /fan/index.php/Admin/User/listUsers?start=4&limit=20
INFO: [ route_check ] --START--
INFO: Run CheckRoute Behavior [ RunTime:0.001405s ]
INFO: [ route_check ] --END-- [ RunTime:0.001522s ]

[ 2013-03-29T23:09:10+08:00 ] 127.0.0.1 /fan/Admin/Charge/chargeRecord
INFO: [ route_check ] --START--
INFO: Run CheckRoute Behavior [ RunTime:0.000789s ]
INFO: [ route_check ] --END-- [ RunTime:0.000857s ]

[ 2013-03-29T23:09:11+08:00 ] 127.0.0.1 /fan/index.php/Admin/Charge/allChargesCount
INFO: [ route_check ] --START--
INFO: Run CheckRoute Behavior [ RunTime:0.000785s ]
INFO: [ route_check ] --END-- [ RunTime:0.000845s ]

[ 2013-03-29T23:09:11+08:00 ] 127.0.0.1 /fan/index.php/Admin/Charge/pageCharges?start=0&limit=20
INFO: [ route_check ] --START--
INFO: Run CheckRoute Behavior [ RunTime:0.000778s ]
INFO: [ route_check ] --END-- [ RunTime:0.000846s ]

[ 2013-03-29T23:09:12+08:00 ] 127.0.0.1 /fan/index.php/Admin/Charge/pageCharges?start=1&limit=20
INFO: [ route_check ] --START--
INFO: Run CheckRoute Behavior [ RunTime:0.000760s ]
INFO: [ route_check ] --END-- [ RunTime:0.000825s ]

[ 2013-03-29T23:11:23+08:00 ] 127.0.0.1 /fan/Admin/Charge/chargeRecord
INFO: [ route_check ] --START--
INFO: Run CheckRoute Behavior [ RunTime:0.001235s ]
INFO: [ route_check ] --END-- [ RunTime:0.001305s ]

[ 2013-03-29T23:11:24+08:00 ] 127.0.0.1 /fan/index.php/Admin/Charge/allChargesCount
INFO: [ route_check ] --START--
INFO: Run CheckRoute Behavior [ RunTime:0.001385s ]
INFO: [ route_check ] --END-- [ RunTime:0.001460s ]

[ 2013-03-29T23:11:24+08:00 ] 127.0.0.1 /fan/index.php/Admin/Charge/pageCharges?start=0&limit=20
INFO: [ route_check ] --START--
INFO: Run CheckRoute Behavior [ RunTime:0.001249s ]
INFO: [ route_check ] --END-- [ RunTime:0.001311s ]

[ 2013-03-29T23:11:26+08:00 ] 127.0.0.1 /fan/Admin/Goods/goods
INFO: [ route_check ] --START--
INFO: Run CheckRoute Behavior [ RunTime:0.001516s ]
INFO: [ route_check ] --END-- [ RunTime:0.001610s ]

[ 2013-03-29T23:12:21+08:00 ] 127.0.0.1 /fan/Admin/Goods/goods
INFO: [ route_check ] --START--
INFO: Run CheckRoute Behavior [ RunTime:0.000750s ]
INFO: [ route_check ] --END-- [ RunTime:0.000816s ]

[ 2013-03-29T23:13:25+08:00 ] 127.0.0.1 /fan/Admin/Goods/stores
INFO: [ route_check ] --START--
INFO: Run CheckRoute Behavior [ RunTime:0.001251s ]
INFO: [ route_check ] --END-- [ RunTime:0.001319s ]

[ 2013-03-29T23:13:27+08:00 ] 127.0.0.1 /fan/Admin/Goods/goods
INFO: [ route_check ] --START--
INFO: Run CheckRoute Behavior [ RunTime:0.000846s ]
INFO: [ route_check ] --END-- [ RunTime:0.000914s ]

[ 2013-03-29T23:18:19+08:00 ] 127.0.0.1 /fan/Admin/Goods/goods
INFO: [ route_check ] --START--
INFO: Run CheckRoute Behavior [ RunTime:0.001789s ]
INFO: [ route_check ] --END-- [ RunTime:0.001886s ]

[ 2013-03-29T23:18:20+08:00 ] 127.0.0.1 /fan/index.php/Admin/Charge/listChargesNeedConfirm
INFO: [ route_check ] --START--
INFO: Run CheckRoute Behavior [ RunTime:0.000745s ]
INFO: [ route_check ] --END-- [ RunTime:0.000811s ]

[ 2013-03-29T23:18:59+08:00 ] 127.0.0.1 /fan/Admin/Goods/goods
INFO: [ route_check ] --START--
INFO: Run CheckRoute Behavior [ RunTime:0.000832s ]
INFO: [ route_check ] --END-- [ RunTime:0.000906s ]

[ 2013-03-29T23:19:00+08:00 ] 127.0.0.1 /fan/index.php/Admin/Charge/listChargesNeedConfirm
INFO: [ route_check ] --START--
INFO: Run CheckRoute Behavior [ RunTime:0.000769s ]
INFO: [ route_check ] --END-- [ RunTime:0.000835s ]

[ 2013-03-29T23:19:49+08:00 ] 127.0.0.1 /fan/Admin/Goods/goods
INFO: [ route_check ] --START--
INFO: Run CheckRoute Behavior [ RunTime:0.000786s ]
INFO: [ route_check ] --END-- [ RunTime:0.000856s ]

[ 2013-03-29T23:19:50+08:00 ] 127.0.0.1 /fan/index.php/Admin/Charge/listChargesNeedConfirm
INFO: [ route_check ] --START--
INFO: Run CheckRoute Behavior [ RunTime:0.000772s ]
INFO: [ route_check ] --END-- [ RunTime:0.000840s ]

[ 2013-03-29T23:37:14+08:00 ] 127.0.0.1 /fan/Admin/Goods/goods
INFO: [ route_check ] --START--
INFO: Run CheckRoute Behavior [ RunTime:0.002087s ]
INFO: [ route_check ] --END-- [ RunTime:0.002196s ]

[ 2013-03-29T23:37:14+08:00 ] 127.0.0.1 /fan/index.php/Admin/Charge/listChargesNeedConfirm
INFO: [ route_check ] --START--
INFO: Run CheckRoute Behavior [ RunTime:0.000742s ]
INFO: [ route_check ] --END-- [ RunTime:0.000804s ]

[ 2013-03-29T23:54:14+08:00 ] 127.0.0.1 /fan/Admin/Goods/goods
INFO: [ route_check ] --START--
INFO: Run CheckRoute Behavior [ RunTime:0.001468s ]
INFO: [ route_check ] --END-- [ RunTime:0.001551s ]

[ 2013-03-29T23:54:14+08:00 ] 127.0.0.1 /fan/index.php/Admin/Charge/listChargesNeedConfirm
INFO: [ route_check ] --START--
INFO: Run CheckRoute Behavior [ RunTime:0.000741s ]
INFO: [ route_check ] --END-- [ RunTime:0.000803s ]

[ 2013-03-29T23:54:18+08:00 ] 127.0.0.1 /fan/Admin/Goods/stores
INFO: [ route_check ] --START--
INFO: Run CheckRoute Behavior [ RunTime:0.000832s ]
INFO: [ route_check ] --END-- [ RunTime:0.000905s ]

[ 2013-03-29T23:54:20+08:00 ] 127.0.0.1 /fan/Admin/Goods/goods
INFO: [ route_check ] --START--
INFO: Run CheckRoute Behavior [ RunTime:0.001172s ]
INFO: [ route_check ] --END-- [ RunTime:0.001269s ]

[ 2013-03-29T23:54:21+08:00 ] 127.0.0.1 /fan/index.php/Admin/Charge/listChargesNeedConfirm
INFO: [ route_check ] --START--
INFO: Run CheckRoute Behavior [ RunTime:0.000797s ]
INFO: [ route_check ] --END-- [ RunTime:0.000867s ]

