[ 2013-04-26T10:02:03+08:00 ] 127.0.0.1 /fan/
INFO: [ app_begin ] --START--
INFO: Run ReadHtmlCache Behavior [ RunTime:0.000806s ]
INFO: [ app_begin ] --END-- [ RunTime:0.000920s ]
NOTIC: [8] Undefined index: name H:\xampp\htdocs\fan\Lib\Action\Home\IndexAction.class.php 第 5 行.
INFO: [ view_template ] --START--
INFO: Run LocationTemplate Behavior [ RunTime:0.000915s ]
INFO: [ view_template ] --END-- [ RunTime:0.000996s ]
INFO: [ view_parse ] --START--
INFO: Run ParseTemplate Behavior [ RunTime:0.012026s ]
INFO: [ view_parse ] --END-- [ RunTime:0.012126s ]
INFO: [ view_filter ] --START--
INFO: Run ContentReplace Behavior [ RunTime:0.000617s ]
INFO: Run TokenBuild Behavior [ RunTime:0.000495s ]
INFO: Run WriteHtmlCache Behavior [ RunTime:0.000367s ]
INFO: Run ShowRuntime Behavior [ RunTime:0.000543s ]
INFO: [ view_filter ] --END-- [ RunTime:0.002208s ]
INFO: [ view_end ] --START--
INFO: Run ShowPageTrace Behavior [ RunTime:0.000656s ]
INFO: [ view_end ] --END-- [ RunTime:0.000713s ]

[ 2013-04-26T10:02:49+08:00 ] 127.0.0.1 /fan/
INFO: [ app_begin ] --START--
INFO: Run ReadHtmlCache Behavior [ RunTime:0.000845s ]
INFO: [ app_begin ] --END-- [ RunTime:0.000956s ]
NOTIC: [8] Undefined index: name H:\xampp\htdocs\fan\Lib\Action\Home\IndexAction.class.php 第 5 行.
INFO: [ view_template ] --START--
INFO: Run LocationTemplate Behavior [ RunTime:0.000876s ]
INFO: [ view_template ] --END-- [ RunTime:0.000943s ]
INFO: [ view_parse ] --START--
INFO: Run ParseTemplate Behavior [ RunTime:0.019868s ]
INFO: [ view_parse ] --END-- [ RunTime:0.019979s ]
INFO: [ view_filter ] --START--
INFO: Run ContentReplace Behavior [ RunTime:0.000859s ]
INFO: Run TokenBuild Behavior [ RunTime:0.000576s ]
INFO: Run WriteHtmlCache Behavior [ RunTime:0.000393s ]
INFO: Run ShowRuntime Behavior [ RunTime:0.000734s ]
INFO: [ view_filter ] --END-- [ RunTime:0.002769s ]
INFO: [ view_end ] --START--
INFO: Run ShowPageTrace Behavior [ RunTime:0.000990s ]
INFO: [ view_end ] --END-- [ RunTime:0.001072s ]

[ 2013-04-26T10:02:51+08:00 ] ERR: [1] Call to a member function checkLogin() on a non-object H:\xampp\htdocs\fan\Lib\Action\Home\DiningAction.class.php 第 8 行.
[ 2013-04-26T10:04:56+08:00 ] 127.0.0.1 /fan/
INFO: [ app_begin ] --START--
INFO: Run ReadHtmlCache Behavior [ RunTime:0.000827s ]
INFO: [ app_begin ] --END-- [ RunTime:0.000942s ]
NOTIC: [8] Undefined index: name H:\xampp\htdocs\fan\Lib\Action\Home\IndexAction.class.php 第 5 行.
INFO: [ view_template ] --START--
INFO: Run LocationTemplate Behavior [ RunTime:0.001099s ]
INFO: [ view_template ] --END-- [ RunTime:0.001188s ]
INFO: [ view_parse ] --START--
INFO: Run ParseTemplate Behavior [ RunTime:0.014426s ]
INFO: [ view_parse ] --END-- [ RunTime:0.014565s ]
INFO: [ view_filter ] --START--
INFO: Run ContentReplace Behavior [ RunTime:0.000766s ]
INFO: Run TokenBuild Behavior [ RunTime:0.000745s ]
INFO: Run WriteHtmlCache Behavior [ RunTime:0.000589s ]
INFO: Run ShowRuntime Behavior [ RunTime:0.000752s ]
INFO: [ view_filter ] --END-- [ RunTime:0.003160s ]
INFO: [ view_end ] --START--
INFO: Run ShowPageTrace Behavior [ RunTime:0.000841s ]
INFO: [ view_end ] --END-- [ RunTime:0.000911s ]

[ 2013-04-26T10:06:58+08:00 ] 127.0.0.1 /fan/
INFO: [ app_begin ] --START--
INFO: Run ReadHtmlCache Behavior [ RunTime:0.001267s ]
INFO: [ app_begin ] --END-- [ RunTime:0.001392s ]
NOTIC: [8] Undefined index: name H:\xampp\htdocs\fan\Lib\Action\Home\IndexAction.class.php 第 5 行.
INFO: [ view_template ] --START--
INFO: Run LocationTemplate Behavior [ RunTime:0.001339s ]
INFO: [ view_template ] --END-- [ RunTime:0.001457s ]
INFO: [ view_parse ] --START--
INFO: Run ParseTemplate Behavior [ RunTime:0.012882s ]
INFO: [ view_parse ] --END-- [ RunTime:0.012973s ]
INFO: [ view_filter ] --START--
INFO: Run ContentReplace Behavior [ RunTime:0.000558s ]
INFO: Run TokenBuild Behavior [ RunTime:0.000468s ]
INFO: Run WriteHtmlCache Behavior [ RunTime:0.000352s ]
INFO: Run ShowRuntime Behavior [ RunTime:0.000527s ]
INFO: [ view_filter ] --END-- [ RunTime:0.002073s ]
INFO: [ view_end ] --START--
INFO: Run ShowPageTrace Behavior [ RunTime:0.000699s ]
INFO: [ view_end ] --END-- [ RunTime:0.000758s ]

[ 2013-04-26T10:07:12+08:00 ] 127.0.0.1 /fan/
INFO: [ app_begin ] --START--
INFO: Run ReadHtmlCache Behavior [ RunTime:0.000751s ]
INFO: [ app_begin ] --END-- [ RunTime:0.000845s ]
NOTIC: [8] Undefined index: name H:\xampp\htdocs\fan\Lib\Action\Home\IndexAction.class.php 第 5 行.
INFO: [ view_template ] --START--
INFO: Run LocationTemplate Behavior [ RunTime:0.000876s ]
INFO: [ view_template ] --END-- [ RunTime:0.000954s ]
INFO: [ view_parse ] --START--
INFO: Run ParseTemplate Behavior [ RunTime:0.015773s ]
INFO: [ view_parse ] --END-- [ RunTime:0.015875s ]
INFO: [ view_filter ] --START--
INFO: Run ContentReplace Behavior [ RunTime:0.000631s ]
INFO: Run TokenBuild Behavior [ RunTime:0.000554s ]
INFO: Run WriteHtmlCache Behavior [ RunTime:0.000412s ]
INFO: Run ShowRuntime Behavior [ RunTime:0.000714s ]
INFO: [ view_filter ] --END-- [ RunTime:0.002493s ]
INFO: [ view_end ] --START--
INFO: Run ShowPageTrace Behavior [ RunTime:0.000871s ]
INFO: [ view_end ] --END-- [ RunTime:0.000942s ]

[ 2013-04-26T10:07:49+08:00 ] 127.0.0.1 /fan/
INFO: [ app_begin ] --START--
INFO: Run ReadHtmlCache Behavior [ RunTime:0.000730s ]
INFO: [ app_begin ] --END-- [ RunTime:0.000815s ]
NOTIC: [8] Undefined index: name H:\xampp\htdocs\fan\Lib\Action\Home\IndexAction.class.php 第 5 行.
INFO: [ view_template ] --START--
INFO: Run LocationTemplate Behavior [ RunTime:0.006140s ]
INFO: [ view_template ] --END-- [ RunTime:0.006220s ]
INFO: [ view_parse ] --START--
INFO: Run ParseTemplate Behavior [ RunTime:0.018475s ]
INFO: [ view_parse ] --END-- [ RunTime:0.018561s ]
INFO: [ view_filter ] --START--
INFO: Run ContentReplace Behavior [ RunTime:0.000533s ]
INFO: Run TokenBuild Behavior [ RunTime:0.000628s ]
INFO: Run WriteHtmlCache Behavior [ RunTime:0.000444s ]
INFO: Run ShowRuntime Behavior [ RunTime:0.000639s ]
INFO: [ view_filter ] --END-- [ RunTime:0.002440s ]
INFO: [ view_end ] --START--
INFO: Run ShowPageTrace Behavior [ RunTime:0.000777s ]
INFO: [ view_end ] --END-- [ RunTime:0.000838s ]

[ 2013-04-26T10:08:03+08:00 ] 127.0.0.1 /fan/
INFO: [ app_begin ] --START--
INFO: Run ReadHtmlCache Behavior [ RunTime:0.000590s ]
INFO: [ app_begin ] --END-- [ RunTime:0.000682s ]
NOTIC: [8] Undefined index: name H:\xampp\htdocs\fan\Lib\Action\Home\IndexAction.class.php 第 5 行.
INFO: [ view_template ] --START--
INFO: Run LocationTemplate Behavior [ RunTime:0.000435s ]
INFO: [ view_template ] --END-- [ RunTime:0.000499s ]
INFO: [ view_parse ] --START--
INFO: Run ParseTemplate Behavior [ RunTime:0.013743s ]
INFO: [ view_parse ] --END-- [ RunTime:0.013895s ]
INFO: [ view_filter ] --START--
INFO: Run ContentReplace Behavior [ RunTime:0.000654s ]
INFO: Run TokenBuild Behavior [ RunTime:0.000614s ]
INFO: Run WriteHtmlCache Behavior [ RunTime:0.000406s ]
INFO: Run ShowRuntime Behavior [ RunTime:0.000695s ]
INFO: [ view_filter ] --END-- [ RunTime:0.002564s ]
INFO: [ view_end ] --START--
INFO: Run ShowPageTrace Behavior [ RunTime:0.000912s ]
INFO: [ view_end ] --END-- [ RunTime:0.000991s ]

[ 2013-04-26T11:21:39+08:00 ] 127.0.0.1 /fan/
INFO: [ app_begin ] --START--
INFO: Run ReadHtmlCache Behavior [ RunTime:0.004648s ]
INFO: [ app_begin ] --END-- [ RunTime:0.004812s ]
NOTIC: [8] Undefined index: name H:\xampp\htdocs\fan\Lib\Action\Home\IndexAction.class.php 第 5 行.
INFO: [ view_template ] --START--
INFO: Run LocationTemplate Behavior [ RunTime:0.001520s ]
INFO: [ view_template ] --END-- [ RunTime:0.001620s ]
INFO: [ view_parse ] --START--
INFO: Run ParseTemplate Behavior [ RunTime:0.020965s ]
INFO: [ view_parse ] --END-- [ RunTime:0.021069s ]
INFO: [ view_filter ] --START--
INFO: Run ContentReplace Behavior [ RunTime:0.001317s ]
INFO: Run TokenBuild Behavior [ RunTime:0.001186s ]
INFO: Run WriteHtmlCache Behavior [ RunTime:0.001412s ]
INFO: Run ShowRuntime Behavior [ RunTime:0.002345s ]
INFO: [ view_filter ] --END-- [ RunTime:0.006623s ]
INFO: [ view_end ] --START--
INFO: Run ShowPageTrace Behavior [ RunTime:0.001948s ]
INFO: [ view_end ] --END-- [ RunTime:0.002329s ]

[ 2013-04-26T11:32:51+08:00 ] 127.0.0.1 /fan/admin
INFO: [ route_check ] --START--
INFO: Run CheckRoute Behavior [ RunTime:0.016627s ]
INFO: [ route_check ] --END-- [ RunTime:0.016750s ]

[ 2013-04-26T11:32:55+08:00 ] 127.0.0.1 /fan/Admin/User/users
INFO: [ route_check ] --START--
INFO: Run CheckRoute Behavior [ RunTime:0.000896s ]
INFO: [ route_check ] --END-- [ RunTime:0.001008s ]

[ 2013-04-26T11:32:57+08:00 ] 127.0.0.1 /fan/index.php/Admin/User/listUsers?start=0&limit=20
INFO: [ route_check ] --START--
INFO: Run CheckRoute Behavior [ RunTime:0.000805s ]
INFO: [ route_check ] --END-- [ RunTime:0.000902s ]

[ 2013-04-26T11:32:57+08:00 ] 127.0.0.1 /fan/index.php/Admin/User/allCount
INFO: [ route_check ] --START--
INFO: Run CheckRoute Behavior [ RunTime:0.000989s ]
INFO: [ route_check ] --END-- [ RunTime:0.001084s ]

[ 2013-04-26T11:32:57+08:00 ] 127.0.0.1 /fan/index.php/Admin/User/allCount
INFO: [ route_check ] --START--
INFO: Run CheckRoute Behavior [ RunTime:0.000825s ]
INFO: [ route_check ] --END-- [ RunTime:0.000918s ]

[ 2013-04-26T11:32:57+08:00 ] 127.0.0.1 /fan/index.php/Admin/User/allCount
INFO: [ route_check ] --START--
INFO: Run CheckRoute Behavior [ RunTime:0.000817s ]
INFO: [ route_check ] --END-- [ RunTime:0.000904s ]

[ 2013-04-26T11:32:58+08:00 ] 127.0.0.1 /fan/Admin/Charge/chargeRecord
INFO: [ route_check ] --START--
INFO: Run CheckRoute Behavior [ RunTime:0.000798s ]
INFO: [ route_check ] --END-- [ RunTime:0.000886s ]

[ 2013-04-26T11:32:59+08:00 ] 127.0.0.1 /fan/index.php/Admin/Charge/pageCharges?start=0&limit=20
INFO: [ route_check ] --START--
INFO: Run CheckRoute Behavior [ RunTime:0.001022s ]
INFO: [ route_check ] --END-- [ RunTime:0.001174s ]

[ 2013-04-26T11:32:59+08:00 ] 127.0.0.1 /fan/index.php/Admin/Charge/allChargesCount
INFO: [ route_check ] --START--
INFO: Run CheckRoute Behavior [ RunTime:0.001132s ]
INFO: [ route_check ] --END-- [ RunTime:0.001294s ]

[ 2013-04-26T11:33:00+08:00 ] 127.0.0.1 /fan/Admin/User/users
INFO: [ route_check ] --START--
INFO: Run CheckRoute Behavior [ RunTime:0.000823s ]
INFO: [ route_check ] --END-- [ RunTime:0.000931s ]

[ 2013-04-26T11:33:01+08:00 ] 127.0.0.1 /fan/index.php/Admin/User/listUsers?start=0&limit=20
INFO: [ route_check ] --START--
INFO: Run CheckRoute Behavior [ RunTime:0.000881s ]
INFO: [ route_check ] --END-- [ RunTime:0.001002s ]

[ 2013-04-26T11:33:01+08:00 ] 127.0.0.1 /fan/index.php/Admin/User/allCount
INFO: [ route_check ] --START--
INFO: Run CheckRoute Behavior [ RunTime:0.000981s ]
INFO: [ route_check ] --END-- [ RunTime:0.001074s ]

[ 2013-04-26T11:33:01+08:00 ] 127.0.0.1 /fan/index.php/Admin/User/allCount
INFO: [ route_check ] --START--
INFO: Run CheckRoute Behavior [ RunTime:0.001559s ]
INFO: [ route_check ] --END-- [ RunTime:0.001678s ]

[ 2013-04-26T11:33:01+08:00 ] 127.0.0.1 /fan/index.php/Admin/User/allCount
INFO: [ route_check ] --START--
INFO: Run CheckRoute Behavior [ RunTime:0.000812s ]
INFO: [ route_check ] --END-- [ RunTime:0.000911s ]

[ 2013-04-26T11:33:02+08:00 ] 127.0.0.1 /fan/Admin/Charge/index
INFO: [ route_check ] --START--
INFO: Run CheckRoute Behavior [ RunTime:0.000796s ]
INFO: [ route_check ] --END-- [ RunTime:0.000898s ]

[ 2013-04-26T11:33:03+08:00 ] 127.0.0.1 /fan/index.php/Admin/Charge/listChargesNeedConfirm
INFO: [ route_check ] --START--
INFO: Run CheckRoute Behavior [ RunTime:0.000807s ]
INFO: [ route_check ] --END-- [ RunTime:0.000894s ]

[ 2013-04-26T11:33:04+08:00 ] 127.0.0.1 /fan/Admin/User/users
INFO: [ route_check ] --START--
INFO: Run CheckRoute Behavior [ RunTime:0.000849s ]
INFO: [ route_check ] --END-- [ RunTime:0.000938s ]

[ 2013-04-26T11:33:05+08:00 ] 127.0.0.1 /fan/index.php/Admin/User/listUsers?start=0&limit=20
INFO: [ route_check ] --START--
INFO: Run CheckRoute Behavior [ RunTime:0.000827s ]
INFO: [ route_check ] --END-- [ RunTime:0.000925s ]

[ 2013-04-26T11:33:05+08:00 ] 127.0.0.1 /fan/index.php/Admin/User/allCount
INFO: [ route_check ] --START--
INFO: Run CheckRoute Behavior [ RunTime:0.000822s ]
INFO: [ route_check ] --END-- [ RunTime:0.000915s ]

[ 2013-04-26T11:33:05+08:00 ] 127.0.0.1 /fan/index.php/Admin/User/allCount
INFO: [ route_check ] --START--
INFO: Run CheckRoute Behavior [ RunTime:0.000803s ]
INFO: [ route_check ] --END-- [ RunTime:0.000893s ]

[ 2013-04-26T11:33:05+08:00 ] 127.0.0.1 /fan/index.php/Admin/User/allCount
INFO: [ route_check ] --START--
INFO: Run CheckRoute Behavior [ RunTime:0.000884s ]
INFO: [ route_check ] --END-- [ RunTime:0.000986s ]

[ 2013-04-26T11:33:07+08:00 ] 127.0.0.1 /fan/Admin/Charge/chargeRecord
INFO: [ route_check ] --START--
INFO: Run CheckRoute Behavior [ RunTime:0.000787s ]
INFO: [ route_check ] --END-- [ RunTime:0.000873s ]

[ 2013-04-26T11:33:08+08:00 ] 127.0.0.1 /fan/index.php/Admin/Charge/pageCharges?start=0&limit=20
INFO: [ route_check ] --START--
INFO: Run CheckRoute Behavior [ RunTime:0.000850s ]
INFO: [ route_check ] --END-- [ RunTime:0.000950s ]

[ 2013-04-26T11:33:08+08:00 ] 127.0.0.1 /fan/index.php/Admin/Charge/allChargesCount
INFO: [ route_check ] --START--
INFO: Run CheckRoute Behavior [ RunTime:0.000850s ]
INFO: [ route_check ] --END-- [ RunTime:0.000938s ]

[ 2013-04-26T11:33:10+08:00 ] 127.0.0.1 /fan/Admin/User/users
INFO: [ route_check ] --START--
INFO: Run CheckRoute Behavior [ RunTime:0.000894s ]
INFO: [ route_check ] --END-- [ RunTime:0.000999s ]

[ 2013-04-26T11:33:11+08:00 ] 127.0.0.1 /fan/index.php/Admin/User/listUsers?start=0&limit=20
INFO: [ route_check ] --START--
INFO: Run CheckRoute Behavior [ RunTime:0.000956s ]
INFO: [ route_check ] --END-- [ RunTime:0.001063s ]

[ 2013-04-26T11:33:11+08:00 ] 127.0.0.1 /fan/index.php/Admin/User/allCount
INFO: [ route_check ] --START--
INFO: Run CheckRoute Behavior [ RunTime:0.000890s ]
INFO: [ route_check ] --END-- [ RunTime:0.000980s ]

[ 2013-04-26T11:33:11+08:00 ] 127.0.0.1 /fan/index.php/Admin/User/allCount
INFO: [ route_check ] --START--
INFO: Run CheckRoute Behavior [ RunTime:0.000898s ]
INFO: [ route_check ] --END-- [ RunTime:0.001000s ]

[ 2013-04-26T11:33:11+08:00 ] 127.0.0.1 /fan/index.php/Admin/User/allCount
INFO: [ route_check ] --START--
INFO: Run CheckRoute Behavior [ RunTime:0.000813s ]
INFO: [ route_check ] --END-- [ RunTime:0.000899s ]

[ 2013-04-26T11:33:12+08:00 ] 127.0.0.1 /fan/Admin/Charge/index
INFO: [ route_check ] --START--
INFO: Run CheckRoute Behavior [ RunTime:0.000786s ]
INFO: [ route_check ] --END-- [ RunTime:0.000872s ]

[ 2013-04-26T11:33:13+08:00 ] 127.0.0.1 /fan/index.php/Admin/Charge/listChargesNeedConfirm
INFO: [ route_check ] --START--
INFO: Run CheckRoute Behavior [ RunTime:0.000802s ]
INFO: [ route_check ] --END-- [ RunTime:0.000896s ]

[ 2013-04-26T11:33:13+08:00 ] 127.0.0.1 /fan/Admin/Charge/chargeRecord
INFO: [ route_check ] --START--
INFO: Run CheckRoute Behavior [ RunTime:0.000815s ]
INFO: [ route_check ] --END-- [ RunTime:0.000903s ]

[ 2013-04-26T11:33:14+08:00 ] 127.0.0.1 /fan/index.php/Admin/Charge/allChargesCount
INFO: [ route_check ] --START--
INFO: Run CheckRoute Behavior [ RunTime:0.000851s ]
INFO: [ route_check ] --END-- [ RunTime:0.000952s ]

[ 2013-04-26T11:33:14+08:00 ] 127.0.0.1 /fan/index.php/Admin/Charge/pageCharges?start=0&limit=20
INFO: [ route_check ] --START--
INFO: Run CheckRoute Behavior [ RunTime:0.001064s ]
INFO: [ route_check ] --END-- [ RunTime:0.001197s ]

[ 2013-04-26T11:33:17+08:00 ] 127.0.0.1 /fan/Admin
INFO: [ route_check ] --START--
INFO: Run CheckRoute Behavior [ RunTime:0.000788s ]
INFO: [ route_check ] --END-- [ RunTime:0.000875s ]

[ 2013-04-26T11:33:23+08:00 ] 127.0.0.1 /fan/
INFO: [ app_begin ] --START--
INFO: Run ReadHtmlCache Behavior [ RunTime:0.000766s ]
INFO: [ app_begin ] --END-- [ RunTime:0.000882s ]
NOTIC: [8] Undefined index: name H:\xampp\htdocs\fan\Lib\Action\Home\IndexAction.class.php 第 5 行.
INFO: [ view_template ] --START--
INFO: Run LocationTemplate Behavior [ RunTime:0.000647s ]
INFO: [ view_template ] --END-- [ RunTime:0.000725s ]
INFO: [ view_parse ] --START--
INFO: Run ParseTemplate Behavior [ RunTime:0.012005s ]
INFO: [ view_parse ] --END-- [ RunTime:0.012125s ]
INFO: [ view_filter ] --START--
INFO: Run ContentReplace Behavior [ RunTime:0.000549s ]
INFO: Run TokenBuild Behavior [ RunTime:0.000548s ]
INFO: Run WriteHtmlCache Behavior [ RunTime:0.000429s ]
INFO: Run ShowRuntime Behavior [ RunTime:0.000623s ]
INFO: [ view_filter ] --END-- [ RunTime:0.002316s ]
INFO: [ view_end ] --START--
INFO: Run ShowPageTrace Behavior [ RunTime:0.000747s ]
INFO: [ view_end ] --END-- [ RunTime:0.000805s ]

[ 2013-04-26T14:06:57+08:00 ] 192.168.98.32 /fan/
INFO: [ app_begin ] --START--
INFO: Run ReadHtmlCache Behavior [ RunTime:0.251034s ]
INFO: [ app_begin ] --END-- [ RunTime:0.251163s ]
NOTIC: [8] Undefined index: name H:\xampp\htdocs\fan\Lib\Action\Home\IndexAction.class.php 第 5 行.
INFO: [ view_template ] --START--
INFO: Run LocationTemplate Behavior [ RunTime:0.275837s ]
INFO: [ view_template ] --END-- [ RunTime:0.275950s ]
INFO: [ view_parse ] --START--
INFO: Run ParseTemplate Behavior [ RunTime:0.884089s ]
INFO: [ view_parse ] --END-- [ RunTime:0.884183s ]
INFO: [ view_filter ] --START--
INFO: Run ContentReplace Behavior [ RunTime:0.063140s ]
INFO: Run TokenBuild Behavior [ RunTime:0.135600s ]
INFO: Run WriteHtmlCache Behavior [ RunTime:0.074959s ]
INFO: Run ShowRuntime Behavior [ RunTime:0.100540s ]
INFO: [ view_filter ] --END-- [ RunTime:0.374528s ]
INFO: [ view_end ] --START--
INFO: Run ShowPageTrace Behavior [ RunTime:0.003827s ]
INFO: [ view_end ] --END-- [ RunTime:0.003913s ]

[ 2013-04-26T14:09:16+08:00 ] 192.168.98.32 /fan/
INFO: [ app_begin ] --START--
INFO: Run ReadHtmlCache Behavior [ RunTime:0.000820s ]
INFO: [ app_begin ] --END-- [ RunTime:0.000911s ]
NOTIC: [8] Undefined index: name H:\xampp\htdocs\fan\Lib\Action\Home\IndexAction.class.php 第 5 行.
INFO: [ view_template ] --START--
INFO: Run LocationTemplate Behavior [ RunTime:0.001005s ]
INFO: [ view_template ] --END-- [ RunTime:0.001073s ]
INFO: [ view_parse ] --START--
INFO: Run ParseTemplate Behavior [ RunTime:0.011984s ]
INFO: [ view_parse ] --END-- [ RunTime:0.012063s ]
INFO: [ view_filter ] --START--
INFO: Run ContentReplace Behavior [ RunTime:0.000602s ]
INFO: Run TokenBuild Behavior [ RunTime:0.000545s ]
INFO: Run WriteHtmlCache Behavior [ RunTime:0.000423s ]
INFO: Run ShowRuntime Behavior [ RunTime:0.000640s ]
INFO: [ view_filter ] --END-- [ RunTime:0.002370s ]
INFO: [ view_end ] --START--
INFO: Run ShowPageTrace Behavior [ RunTime:0.000987s ]
INFO: [ view_end ] --END-- [ RunTime:0.001068s ]

[ 2013-04-26T14:09:18+08:00 ] 192.168.98.32 /fan/
INFO: [ app_begin ] --START--
INFO: Run ReadHtmlCache Behavior [ RunTime:0.000773s ]
INFO: [ app_begin ] --END-- [ RunTime:0.000863s ]
NOTIC: [8] Undefined index: name H:\xampp\htdocs\fan\Lib\Action\Home\IndexAction.class.php 第 5 行.
INFO: [ view_template ] --START--
INFO: Run LocationTemplate Behavior [ RunTime:0.000830s ]
INFO: [ view_template ] --END-- [ RunTime:0.000896s ]
INFO: [ view_parse ] --START--
INFO: Run ParseTemplate Behavior [ RunTime:0.019389s ]
INFO: [ view_parse ] --END-- [ RunTime:0.019501s ]
INFO: [ view_filter ] --START--
INFO: Run ContentReplace Behavior [ RunTime:0.000642s ]
INFO: Run TokenBuild Behavior [ RunTime:0.000568s ]
INFO: Run WriteHtmlCache Behavior [ RunTime:0.000511s ]
INFO: Run ShowRuntime Behavior [ RunTime:0.000785s ]
INFO: [ view_filter ] --END-- [ RunTime:0.002732s ]
INFO: [ view_end ] --START--
INFO: Run ShowPageTrace Behavior [ RunTime:0.000895s ]
INFO: [ view_end ] --END-- [ RunTime:0.000963s ]

[ 2013-04-26T14:51:35+08:00 ] 127.0.0.1 /fan/
INFO: [ app_begin ] --START--
INFO: Run ReadHtmlCache Behavior [ RunTime:0.000966s ]
INFO: [ app_begin ] --END-- [ RunTime:0.001095s ]
NOTIC: [8] Undefined index: name H:\xampp\htdocs\fan\Lib\Action\Home\IndexAction.class.php 第 5 行.
INFO: [ view_template ] --START--
INFO: Run LocationTemplate Behavior [ RunTime:0.000747s ]
INFO: [ view_template ] --END-- [ RunTime:0.000809s ]
INFO: [ view_parse ] --START--
INFO: Run ParseTemplate Behavior [ RunTime:0.021050s ]
INFO: [ view_parse ] --END-- [ RunTime:0.021158s ]
INFO: [ view_filter ] --START--
INFO: Run ContentReplace Behavior [ RunTime:0.000551s ]
INFO: Run TokenBuild Behavior [ RunTime:0.000483s ]
INFO: Run WriteHtmlCache Behavior [ RunTime:0.000346s ]
INFO: Run ShowRuntime Behavior [ RunTime:0.000609s ]
INFO: [ view_filter ] --END-- [ RunTime:0.002155s ]
INFO: [ view_end ] --START--
INFO: Run ShowPageTrace Behavior [ RunTime:0.000674s ]
INFO: [ view_end ] --END-- [ RunTime:0.000734s ]

[ 2013-04-26T14:53:06+08:00 ] 192.168.98.32 /fan/
INFO: [ app_begin ] --START--
INFO: Run ReadHtmlCache Behavior [ RunTime:0.001310s ]
INFO: [ app_begin ] --END-- [ RunTime:0.001406s ]
NOTIC: [8] Undefined index: name H:\xampp\htdocs\fan\Lib\Action\Home\IndexAction.class.php 第 5 行.
INFO: [ view_template ] --START--
INFO: Run LocationTemplate Behavior [ RunTime:0.001699s ]
INFO: [ view_template ] --END-- [ RunTime:0.001783s ]
INFO: [ view_parse ] --START--
INFO: Run ParseTemplate Behavior [ RunTime:0.022856s ]
INFO: [ view_parse ] --END-- [ RunTime:0.022963s ]
INFO: [ view_filter ] --START--
INFO: Run ContentReplace Behavior [ RunTime:0.001296s ]
INFO: Run TokenBuild Behavior [ RunTime:0.001428s ]
INFO: Run WriteHtmlCache Behavior [ RunTime:0.001040s ]
INFO: Run ShowRuntime Behavior [ RunTime:0.001147s ]
INFO: [ view_filter ] --END-- [ RunTime:0.005105s ]
INFO: [ view_end ] --START--
INFO: Run ShowPageTrace Behavior [ RunTime:0.001307s ]
INFO: [ view_end ] --END-- [ RunTime:0.001371s ]

